2025-08-30 23:29:31,191 - INFO - 📝 logging to ./bot.log
2025-08-30 23:29:31,191 - INFO - 📝 logging to ./bot.log
2025-08-30 23:29:31,191 - INFO - 🚀 הפעלה (גרסה V5.1.0 / v1.0.32) | interval=60s | DB=./flights.db
2025-08-30 23:29:31,191 - INFO - 🚀 הפעלה (גרסה V5.1.0 / v1.0.32) | interval=60s | DB=./flights.db
2025-08-30 23:29:31,193 - INFO - ✅ DB schema ensured
2025-08-30 23:29:31,193 - INFO - ✅ DB schema ensured
2025-08-30 23:29:31,193 - INFO - ✅ DB schema ensured
2025-08-30 23:29:31,193 - INFO - ✅ DB schema ensured
2025-08-30 23:29:31,193 - INFO - 📁 DB path: /Users/yossimantsour/Desktop/tusbot/tustus_2.5.9/flights.db
2025-08-30 23:29:31,193 - INFO - 📁 DB path: /Users/yossimantsour/Desktop/tusbot/tustus_2.5.9/flights.db
2025-08-30 23:29:31,193 - INFO - 🔎 DB attached: {'seq': 0, 'name': 'main', 'file': '/Users/yossimantsour/Desktop/tusbot/tustus_2.5.9/flights.db'}
2025-08-30 23:29:31,193 - INFO - 🔎 DB attached: {'seq': 0, 'name': 'main', 'file': '/Users/yossimantsour/Desktop/tusbot/tustus_2.5.9/flights.db'}
2025-08-30 23:29:31,195 - INFO - ✅ DB schema ensured
2025-08-30 23:29:31,469 - INFO - HTTP Request: POST https://api.telegram.org/bot8355167350:AAFHXoKgOR7Ja0NOncn2_9PY0hp3Kn4tNBo/getMe "HTTP/1.1 200 OK"
2025-08-30 23:29:31,472 - INFO - Adding job tentatively -- it will be properly scheduled when the scheduler starts
2025-08-30 23:29:31,472 - INFO - 🗓️ JobQueue repeating task scheduled (interval=60s)
2025-08-30 23:29:31,472 - INFO - 🗓️ JobQueue repeating task scheduled (interval=60s)
2025-08-30 23:29:31,550 - INFO - HTTP Request: POST https://api.telegram.org/bot8355167350:AAFHXoKgOR7Ja0NOncn2_9PY0hp3Kn4tNBo/deleteWebhook "HTTP/1.1 200 OK"
2025-08-30 23:29:31,552 - INFO - Added job "monitor" to job store "default"
2025-08-30 23:29:31,552 - INFO - Scheduler started
2025-08-30 23:29:31,552 - INFO - Application started
2025-08-30 23:29:32,472 - INFO - Running job "monitor (trigger: interval[0:01:00], next run at: 2025-08-30 20:30:32 UTC)" (scheduled at 2025-08-30 20:29:32.471360+00:00)
2025-08-30 23:29:35,347 - INFO - show_item cards parsed: 66
2025-08-30 23:29:35,347 - INFO - show_item cards parsed: 66
2025-08-30 23:29:35,356 - INFO - DB upsert (show_item): inserted=34, updated=32
2025-08-30 23:29:35,356 - INFO - DB upsert (show_item): inserted=34, updated=32
2025-08-30 23:29:35,357 - INFO - Job "monitor (trigger: interval[0:01:00], next run at: 2025-08-30 20:30:32 UTC)" executed successfully
2025-08-30 23:29:41,761 - INFO - HTTP Request: POST https://api.telegram.org/bot8355167350:AAFHXoKgOR7Ja0NOncn2_9PY0hp3Kn4tNBo/getUpdates "HTTP/1.1 200 OK"
2025-08-30 23:29:51,831 - INFO - HTTP Request: POST https://api.telegram.org/bot8355167350:AAFHXoKgOR7Ja0NOncn2_9PY0hp3Kn4tNBo/getUpdates "HTTP/1.1 200 OK"
2025-08-30 23:30:01,903 - INFO - HTTP Request: POST https://api.telegram.org/bot8355167350:AAFHXoKgOR7Ja0NOncn2_9PY0hp3Kn4tNBo/getUpdates "HTTP/1.1 200 OK"
2025-08-30 23:30:11,972 - INFO - HTTP Request: POST https://api.telegram.org/bot8355167350:AAFHXoKgOR7Ja0NOncn2_9PY0hp3Kn4tNBo/getUpdates "HTTP/1.1 200 OK"
2025-08-30 23:30:22,041 - INFO - HTTP Request: POST https://api.telegram.org/bot8355167350:AAFHXoKgOR7Ja0NOncn2_9PY0hp3Kn4tNBo/getUpdates "HTTP/1.1 200 OK"
2025-08-30 23:30:32,106 - INFO - HTTP Request: POST https://api.telegram.org/bot8355167350:AAFHXoKgOR7Ja0NOncn2_9PY0hp3Kn4tNBo/getUpdates "HTTP/1.1 200 OK"
2025-08-30 23:30:32,473 - INFO - Running job "monitor (trigger: interval[0:01:00], next run at: 2025-08-30 20:31:32 UTC)" (scheduled at 2025-08-30 20:30:32.471360+00:00)
2025-08-30 23:30:34,569 - INFO - show_item cards parsed: 66
2025-08-30 23:30:34,569 - INFO - show_item cards parsed: 66
2025-08-30 23:30:34,576 - INFO - DB upsert (show_item): inserted=0, updated=66
2025-08-30 23:30:34,576 - INFO - DB upsert (show_item): inserted=0, updated=66
2025-08-30 23:30:34,577 - INFO - Job "monitor (trigger: interval[0:01:00], next run at: 2025-08-30 20:31:32 UTC)" executed successfully
2025-08-30 23:30:42,176 - INFO - HTTP Request: POST https://api.telegram.org/bot8355167350:AAFHXoKgOR7Ja0NOncn2_9PY0hp3Kn4tNBo/getUpdates "HTTP/1.1 200 OK"
2025-08-30 23:30:52,248 - INFO - HTTP Request: POST https://api.telegram.org/bot8355167350:AAFHXoKgOR7Ja0NOncn2_9PY0hp3Kn4tNBo/getUpdates "HTTP/1.1 200 OK"
2025-08-30 23:31:02,358 - INFO - HTTP Request: POST https://api.telegram.org/bot8355167350:AAFHXoKgOR7Ja0NOncn2_9PY0hp3Kn4tNBo/getUpdates "HTTP/1.1 200 OK"
2025-08-30 23:31:12,428 - INFO - HTTP Request: POST https://api.telegram.org/bot8355167350:AAFHXoKgOR7Ja0NOncn2_9PY0hp3Kn4tNBo/getUpdates "HTTP/1.1 200 OK"
2025-08-30 23:31:22,503 - INFO - HTTP Request: POST https://api.telegram.org/bot8355167350:AAFHXoKgOR7Ja0NOncn2_9PY0hp3Kn4tNBo/getUpdates "HTTP/1.1 200 OK"
2025-08-30 23:31:32,472 - INFO - Running job "monitor (trigger: interval[0:01:00], next run at: 2025-08-30 20:32:32 UTC)" (scheduled at 2025-08-30 20:31:32.471360+00:00)
2025-08-30 23:31:34,536 - INFO - show_item cards parsed: 66
2025-08-30 23:31:34,536 - INFO - show_item cards parsed: 66
2025-08-30 23:31:34,543 - INFO - DB upsert (show_item): inserted=0, updated=66
2025-08-30 23:31:34,543 - INFO - DB upsert (show_item): inserted=0, updated=66
2025-08-30 23:31:34,543 - INFO - Job "monitor (trigger: interval[0:01:00], next run at: 2025-08-30 20:32:32 UTC)" executed successfully
2025-08-30 23:31:34,544 - INFO - HTTP Request: POST https://api.telegram.org/bot8355167350:AAFHXoKgOR7Ja0NOncn2_9PY0hp3Kn4tNBo/getUpdates "HTTP/1.1 200 OK"
2025-08-30 23:31:44,618 - INFO - HTTP Request: POST https://api.telegram.org/bot8355167350:AAFHXoKgOR7Ja0NOncn2_9PY0hp3Kn4tNBo/getUpdates "HTTP/1.1 200 OK"
2025-08-30 23:31:54,688 - INFO - HTTP Request: POST https://api.telegram.org/bot8355167350:AAFHXoKgOR7Ja0NOncn2_9PY0hp3Kn4tNBo/getUpdates "HTTP/1.1 200 OK"
2025-08-30 23:32:04,758 - INFO - HTTP Request: POST https://api.telegram.org/bot8355167350:AAFHXoKgOR7Ja0NOncn2_9PY0hp3Kn4tNBo/getUpdates "HTTP/1.1 200 OK"
2025-08-30 23:32:14,831 - INFO - HTTP Request: POST https://api.telegram.org/bot8355167350:AAFHXoKgOR7Ja0NOncn2_9PY0hp3Kn4tNBo/getUpdates "HTTP/1.1 200 OK"
2025-08-30 23:32:24,900 - INFO - HTTP Request: POST https://api.telegram.org/bot8355167350:AAFHXoKgOR7Ja0NOncn2_9PY0hp3Kn4tNBo/getUpdates "HTTP/1.1 200 OK"
2025-08-30 23:32:32,474 - INFO - Running job "monitor (trigger: interval[0:01:00], next run at: 2025-08-30 20:33:32 UTC)" (scheduled at 2025-08-30 20:32:32.471360+00:00)
2025-08-30 23:32:34,579 - INFO - show_item cards parsed: 66
2025-08-30 23:32:34,579 - INFO - show_item cards parsed: 66
2025-08-30 23:32:34,586 - INFO - DB upsert (show_item): inserted=0, updated=66
2025-08-30 23:32:34,586 - INFO - DB upsert (show_item): inserted=0, updated=66
2025-08-30 23:32:34,587 - INFO - Job "monitor (trigger: interval[0:01:00], next run at: 2025-08-30 20:33:32 UTC)" executed successfully
2025-08-30 23:32:35,020 - INFO - HTTP Request: POST https://api.telegram.org/bot8355167350:AAFHXoKgOR7Ja0NOncn2_9PY0hp3Kn4tNBo/getUpdates "HTTP/1.1 200 OK"
2025-08-30 23:32:45,091 - INFO - HTTP Request: POST https://api.telegram.org/bot8355167350:AAFHXoKgOR7Ja0NOncn2_9PY0hp3Kn4tNBo/getUpdates "HTTP/1.1 200 OK"
2025-08-30 23:32:55,162 - INFO - HTTP Request: POST https://api.telegram.org/bot8355167350:AAFHXoKgOR7Ja0NOncn2_9PY0hp3Kn4tNBo/getUpdates "HTTP/1.1 200 OK"
2025-08-30 23:33:05,231 - INFO - HTTP Request: POST https://api.telegram.org/bot8355167350:AAFHXoKgOR7Ja0NOncn2_9PY0hp3Kn4tNBo/getUpdates "HTTP/1.1 200 OK"
2025-08-30 23:33:15,303 - INFO - HTTP Request: POST https://api.telegram.org/bot8355167350:AAFHXoKgOR7Ja0NOncn2_9PY0hp3Kn4tNBo/getUpdates "HTTP/1.1 200 OK"
2025-08-30 23:33:25,368 - INFO - HTTP Request: POST https://api.telegram.org/bot8355167350:AAFHXoKgOR7Ja0NOncn2_9PY0hp3Kn4tNBo/getUpdates "HTTP/1.1 200 OK"
2025-08-30 23:33:32,476 - INFO - Running job "monitor (trigger: interval[0:01:00], next run at: 2025-08-30 20:34:32 UTC)" (scheduled at 2025-08-30 20:33:32.471360+00:00)
2025-08-30 23:33:34,562 - INFO - show_item cards parsed: 66
2025-08-30 23:33:34,562 - INFO - show_item cards parsed: 66
2025-08-30 23:33:34,569 - INFO - DB upsert (show_item): inserted=0, updated=66
2025-08-30 23:33:34,569 - INFO - DB upsert (show_item): inserted=0, updated=66
2025-08-30 23:33:34,570 - INFO - Job "monitor (trigger: interval[0:01:00], next run at: 2025-08-30 20:34:32 UTC)" executed successfully
2025-08-30 23:33:35,439 - INFO - HTTP Request: POST https://api.telegram.org/bot8355167350:AAFHXoKgOR7Ja0NOncn2_9PY0hp3Kn4tNBo/getUpdates "HTTP/1.1 200 OK"
2025-08-30 23:33:45,514 - INFO - HTTP Request: POST https://api.telegram.org/bot8355167350:AAFHXoKgOR7Ja0NOncn2_9PY0hp3Kn4tNBo/getUpdates "HTTP/1.1 200 OK"
2025-08-30 23:33:55,586 - INFO - HTTP Request: POST https://api.telegram.org/bot8355167350:AAFHXoKgOR7Ja0NOncn2_9PY0hp3Kn4tNBo/getUpdates "HTTP/1.1 200 OK"
2025-08-30 23:34:05,660 - INFO - HTTP Request: POST https://api.telegram.org/bot8355167350:AAFHXoKgOR7Ja0NOncn2_9PY0hp3Kn4tNBo/getUpdates "HTTP/1.1 200 OK"
2025-08-30 23:34:15,733 - INFO - HTTP Request: POST https://api.telegram.org/bot8355167350:AAFHXoKgOR7Ja0NOncn2_9PY0hp3Kn4tNBo/getUpdates "HTTP/1.1 200 OK"
2025-08-30 23:34:25,808 - INFO - HTTP Request: POST https://api.telegram.org/bot8355167350:AAFHXoKgOR7Ja0NOncn2_9PY0hp3Kn4tNBo/getUpdates "HTTP/1.1 200 OK"
2025-08-30 23:34:32,473 - INFO - Running job "monitor (trigger: interval[0:01:00], next run at: 2025-08-30 20:35:32 UTC)" (scheduled at 2025-08-30 20:34:32.471360+00:00)
2025-08-30 23:34:34,599 - INFO - show_item cards parsed: 66
2025-08-30 23:34:34,599 - INFO - show_item cards parsed: 66
2025-08-30 23:34:34,606 - INFO - DB upsert (show_item): inserted=0, updated=66
2025-08-30 23:34:34,606 - INFO - DB upsert (show_item): inserted=0, updated=66
2025-08-30 23:34:34,606 - INFO - Job "monitor (trigger: interval[0:01:00], next run at: 2025-08-30 20:35:32 UTC)" executed successfully
2025-08-30 23:34:35,877 - INFO - HTTP Request: POST https://api.telegram.org/bot8355167350:AAFHXoKgOR7Ja0NOncn2_9PY0hp3Kn4tNBo/getUpdates "HTTP/1.1 200 OK"
2025-08-30 23:34:45,945 - INFO - HTTP Request: POST https://api.telegram.org/bot8355167350:AAFHXoKgOR7Ja0NOncn2_9PY0hp3Kn4tNBo/getUpdates "HTTP/1.1 200 OK"
2025-08-30 23:34:56,020 - INFO - HTTP Request: POST https://api.telegram.org/bot8355167350:AAFHXoKgOR7Ja0NOncn2_9PY0hp3Kn4tNBo/getUpdates "HTTP/1.1 200 OK"
2025-08-30 23:35:06,088 - INFO - HTTP Request: POST https://api.telegram.org/bot8355167350:AAFHXoKgOR7Ja0NOncn2_9PY0hp3Kn4tNBo/getUpdates "HTTP/1.1 200 OK"
2025-08-30 23:35:16,161 - INFO - HTTP Request: POST https://api.telegram.org/bot8355167350:AAFHXoKgOR7Ja0NOncn2_9PY0hp3Kn4tNBo/getUpdates "HTTP/1.1 200 OK"
2025-08-30 23:35:26,232 - INFO - HTTP Request: POST https://api.telegram.org/bot8355167350:AAFHXoKgOR7Ja0NOncn2_9PY0hp3Kn4tNBo/getUpdates "HTTP/1.1 200 OK"
2025-08-30 23:35:32,474 - INFO - Running job "monitor (trigger: interval[0:01:00], next run at: 2025-08-30 20:36:32 UTC)" (scheduled at 2025-08-30 20:35:32.471360+00:00)
2025-08-30 23:35:34,562 - INFO - show_item cards parsed: 66
2025-08-30 23:35:34,562 - INFO - show_item cards parsed: 66
2025-08-30 23:35:34,569 - INFO - DB upsert (show_item): inserted=0, updated=66
2025-08-30 23:35:34,569 - INFO - DB upsert (show_item): inserted=0, updated=66
2025-08-30 23:35:34,570 - INFO - Job "monitor (trigger: interval[0:01:00], next run at: 2025-08-30 20:36:32 UTC)" executed successfully
2025-08-30 23:35:36,306 - INFO - HTTP Request: POST https://api.telegram.org/bot8355167350:AAFHXoKgOR7Ja0NOncn2_9PY0hp3Kn4tNBo/getUpdates "HTTP/1.1 200 OK"
2025-08-30 23:35:46,382 - INFO - HTTP Request: POST https://api.telegram.org/bot8355167350:AAFHXoKgOR7Ja0NOncn2_9PY0hp3Kn4tNBo/getUpdates "HTTP/1.1 200 OK"
2025-08-30 23:35:56,463 - INFO - HTTP Request: POST https://api.telegram.org/bot8355167350:AAFHXoKgOR7Ja0NOncn2_9PY0hp3Kn4tNBo/getUpdates "HTTP/1.1 200 OK"
2025-08-30 23:36:06,535 - INFO - HTTP Request: POST https://api.telegram.org/bot8355167350:AAFHXoKgOR7Ja0NOncn2_9PY0hp3Kn4tNBo/getUpdates "HTTP/1.1 200 OK"
2025-08-30 23:36:07,068 - INFO - HTTP Request: POST https://api.telegram.org/bot8355167350:AAFHXoKgOR7Ja0NOncn2_9PY0hp3Kn4tNBo/getUpdates "HTTP/1.1 200 OK"
2025-08-30 23:36:07,363 - INFO - HTTP Request: POST https://api.telegram.org/bot8355167350:AAFHXoKgOR7Ja0NOncn2_9PY0hp3Kn4tNBo/answerCallbackQuery "HTTP/1.1 200 OK"
2025-08-30 23:36:07,497 - INFO - HTTP Request: POST https://api.telegram.org/bot8355167350:AAFHXoKgOR7Ja0NOncn2_9PY0hp3Kn4tNBo/editMessageText "HTTP/1.1 200 OK"
2025-08-30 23:36:09,675 - INFO - HTTP Request: POST https://api.telegram.org/bot8355167350:AAFHXoKgOR7Ja0NOncn2_9PY0hp3Kn4tNBo/getUpdates "HTTP/1.1 200 OK"
2025-08-30 23:36:09,854 - INFO - HTTP Request: POST https://api.telegram.org/bot8355167350:AAFHXoKgOR7Ja0NOncn2_9PY0hp3Kn4tNBo/answerCallbackQuery "HTTP/1.1 200 OK"
2025-08-30 23:36:10,096 - INFO - HTTP Request: POST https://api.telegram.org/bot8355167350:AAFHXoKgOR7Ja0NOncn2_9PY0hp3Kn4tNBo/editMessageText "HTTP/1.1 200 OK"
2025-08-30 23:36:10,421 - INFO - HTTP Request: POST https://api.telegram.org/bot8355167350:AAFHXoKgOR7Ja0NOncn2_9PY0hp3Kn4tNBo/sendMessage "HTTP/1.1 200 OK"
2025-08-30 23:36:10,671 - INFO - HTTP Request: POST https://api.telegram.org/bot8355167350:AAFHXoKgOR7Ja0NOncn2_9PY0hp3Kn4tNBo/sendMessage "HTTP/1.1 200 OK"
2025-08-30 23:36:13,844 - INFO - HTTP Request: POST https://api.telegram.org/bot8355167350:AAFHXoKgOR7Ja0NOncn2_9PY0hp3Kn4tNBo/getUpdates "HTTP/1.1 200 OK"
2025-08-30 23:36:13,964 - INFO - HTTP Request: POST https://api.telegram.org/bot8355167350:AAFHXoKgOR7Ja0NOncn2_9PY0hp3Kn4tNBo/answerCallbackQuery "HTTP/1.1 200 OK"
2025-08-30 23:36:14,089 - INFO - HTTP Request: POST https://api.telegram.org/bot8355167350:AAFHXoKgOR7Ja0NOncn2_9PY0hp3Kn4tNBo/editMessageText "HTTP/1.1 200 OK"
2025-08-30 23:36:15,197 - INFO - HTTP Request: POST https://api.telegram.org/bot8355167350:AAFHXoKgOR7Ja0NOncn2_9PY0hp3Kn4tNBo/getUpdates "HTTP/1.1 200 OK"
2025-08-30 23:36:15,286 - INFO - HTTP Request: POST https://api.telegram.org/bot8355167350:AAFHXoKgOR7Ja0NOncn2_9PY0hp3Kn4tNBo/answerCallbackQuery "HTTP/1.1 200 OK"
2025-08-30 23:36:15,388 - INFO - HTTP Request: POST https://api.telegram.org/bot8355167350:AAFHXoKgOR7Ja0NOncn2_9PY0hp3Kn4tNBo/editMessageText "HTTP/1.1 200 OK"
2025-08-30 23:36:25,270 - INFO - HTTP Request: POST https://api.telegram.org/bot8355167350:AAFHXoKgOR7Ja0NOncn2_9PY0hp3Kn4tNBo/getUpdates "HTTP/1.1 200 OK"
2025-08-30 23:36:32,473 - INFO - Running job "monitor (trigger: interval[0:01:00], next run at: 2025-08-30 20:37:32 UTC)" (scheduled at 2025-08-30 20:36:32.471360+00:00)
2025-08-30 23:36:34,610 - INFO - show_item cards parsed: 66
2025-08-30 23:36:34,610 - INFO - show_item cards parsed: 66
2025-08-30 23:36:34,624 - INFO - DB upsert (show_item): inserted=0, updated=66
2025-08-30 23:36:34,624 - INFO - DB upsert (show_item): inserted=0, updated=66
2025-08-30 23:36:34,625 - INFO - Job "monitor (trigger: interval[0:01:00], next run at: 2025-08-30 20:37:32 UTC)" executed successfully
2025-08-30 23:36:35,348 - INFO - HTTP Request: POST https://api.telegram.org/bot8355167350:AAFHXoKgOR7Ja0NOncn2_9PY0hp3Kn4tNBo/getUpdates "HTTP/1.1 200 OK"
2025-08-30 23:36:45,324 - INFO - HTTP Request: POST https://api.telegram.org/bot8355167350:AAFHXoKgOR7Ja0NOncn2_9PY0hp3Kn4tNBo/getUpdates "HTTP/1.1 200 OK"
2025-08-30 23:36:45,325 - INFO - Application is stopping. This might take a moment.
2025-08-30 23:36:45,325 - INFO - Scheduler has been shut down
2025-08-30 23:36:45,337 - INFO - Application.stop() complete
