2025-08-30 01:12:20,844 - INFO - 📝 logging to ./bot.log
2025-08-30 01:12:20,844 - INFO - 📝 logging to ./bot.log
2025-08-30 01:12:20,844 - INFO - 🚀 הפעלה (גרסה V5.1.0 / v1.0.32) | interval=180s | DB=./flights.db
2025-08-30 01:12:20,844 - INFO - 🚀 הפעלה (גרסה V5.1.0 / v1.0.32) | interval=180s | DB=./flights.db
2025-08-30 01:12:20,845 - INFO - ✅ DB schema ensured
2025-08-30 01:12:20,845 - INFO - ✅ DB schema ensured
2025-08-30 01:12:20,845 - INFO - ✅ DB schema ensured
2025-08-30 01:12:20,845 - INFO - ✅ DB schema ensured
2025-08-30 01:12:20,846 - INFO - 📁 DB path: /Users/yossimantsour/Desktop/tusbot/tusbot_v2.4.6/flights.db
2025-08-30 01:12:20,846 - INFO - 📁 DB path: /Users/yossimantsour/Desktop/tusbot/tusbot_v2.4.6/flights.db
2025-08-30 01:12:20,846 - INFO - 🔎 DB attached: {'seq': 0, 'name': 'main', 'file': '/Users/yossimantsour/Desktop/tusbot/tusbot_v2.4.6/flights.db'}
2025-08-30 01:12:20,846 - INFO - 🔎 DB attached: {'seq': 0, 'name': 'main', 'file': '/Users/yossimantsour/Desktop/tusbot/tusbot_v2.4.6/flights.db'}
2025-08-30 01:12:20,847 - INFO - ✅ DB schema ensured
2025-08-30 01:12:21,109 - INFO - HTTP Request: POST https://api.telegram.org/bot8355167350:AAFHXoKgOR7Ja0NOncn2_9PY0hp3Kn4tNBo/getMe "HTTP/1.1 200 OK"
2025-08-30 01:12:21,111 - INFO - Scheduler started
2025-08-30 01:12:21,111 - INFO - Scheduler started
/Users/yossimantsour/Desktop/tusbot/tusbot_v2.4.6/app.py:114: PTBUserWarning: No `JobQueue` set up. To use `JobQueue`, you must install PTB via `pip install "python-telegram-bot[job-queue]"`.
  if app.job_queue is None:
2025-08-30 01:12:21,111 - WARNING - ⚠️ JobQueue לא זמין — ניטור ירוץ בלולאת fallback
2025-08-30 01:12:21,111 - WARNING - ⚠️ JobQueue לא זמין — ניטור ירוץ בלולאת fallback
/Users/yossimantsour/Desktop/tusbot/tusbot_v2.4.6/app.py:116: PTBUserWarning: Tasks created via `Application.create_task` while the application is not running won't be automatically awaited!
  app.create_task(_monitor_fallback_loop(app, INTERVAL))
2025-08-30 01:12:24,458 - INFO - show_item cards parsed: 69
2025-08-30 01:12:24,458 - INFO - show_item cards parsed: 69
2025-08-30 01:12:24,466 - INFO - DB upsert (show_item): inserted=0, updated=69
2025-08-30 01:12:24,466 - INFO - DB upsert (show_item): inserted=0, updated=69
2025-08-30 01:12:24,538 - INFO - HTTP Request: POST https://api.telegram.org/bot8355167350:AAFHXoKgOR7Ja0NOncn2_9PY0hp3Kn4tNBo/deleteWebhook "HTTP/1.1 200 OK"
2025-08-30 01:12:24,539 - INFO - Application started
2025-08-30 01:12:34,753 - INFO - HTTP Request: POST https://api.telegram.org/bot8355167350:AAFHXoKgOR7Ja0NOncn2_9PY0hp3Kn4tNBo/getUpdates "HTTP/1.1 200 OK"
2025-08-30 01:12:44,827 - INFO - HTTP Request: POST https://api.telegram.org/bot8355167350:AAFHXoKgOR7Ja0NOncn2_9PY0hp3Kn4tNBo/getUpdates "HTTP/1.1 200 OK"
2025-08-30 01:12:54,916 - INFO - HTTP Request: POST https://api.telegram.org/bot8355167350:AAFHXoKgOR7Ja0NOncn2_9PY0hp3Kn4tNBo/getUpdates "HTTP/1.1 200 OK"
2025-08-30 01:13:04,989 - INFO - HTTP Request: POST https://api.telegram.org/bot8355167350:AAFHXoKgOR7Ja0NOncn2_9PY0hp3Kn4tNBo/getUpdates "HTTP/1.1 200 OK"
2025-08-30 01:13:15,063 - INFO - HTTP Request: POST https://api.telegram.org/bot8355167350:AAFHXoKgOR7Ja0NOncn2_9PY0hp3Kn4tNBo/getUpdates "HTTP/1.1 200 OK"
2025-08-30 01:13:25,137 - INFO - HTTP Request: POST https://api.telegram.org/bot8355167350:AAFHXoKgOR7Ja0NOncn2_9PY0hp3Kn4tNBo/getUpdates "HTTP/1.1 200 OK"
2025-08-30 01:13:35,209 - INFO - HTTP Request: POST https://api.telegram.org/bot8355167350:AAFHXoKgOR7Ja0NOncn2_9PY0hp3Kn4tNBo/getUpdates "HTTP/1.1 200 OK"
2025-08-30 01:13:45,290 - INFO - HTTP Request: POST https://api.telegram.org/bot8355167350:AAFHXoKgOR7Ja0NOncn2_9PY0hp3Kn4tNBo/getUpdates "HTTP/1.1 200 OK"
2025-08-30 01:13:55,366 - INFO - HTTP Request: POST https://api.telegram.org/bot8355167350:AAFHXoKgOR7Ja0NOncn2_9PY0hp3Kn4tNBo/getUpdates "HTTP/1.1 200 OK"
2025-08-30 01:14:05,439 - INFO - HTTP Request: POST https://api.telegram.org/bot8355167350:AAFHXoKgOR7Ja0NOncn2_9PY0hp3Kn4tNBo/getUpdates "HTTP/1.1 200 OK"
2025-08-30 01:14:15,512 - INFO - HTTP Request: POST https://api.telegram.org/bot8355167350:AAFHXoKgOR7Ja0NOncn2_9PY0hp3Kn4tNBo/getUpdates "HTTP/1.1 200 OK"
2025-08-30 01:14:25,587 - INFO - HTTP Request: POST https://api.telegram.org/bot8355167350:AAFHXoKgOR7Ja0NOncn2_9PY0hp3Kn4tNBo/getUpdates "HTTP/1.1 200 OK"
2025-08-30 01:14:35,660 - INFO - HTTP Request: POST https://api.telegram.org/bot8355167350:AAFHXoKgOR7Ja0NOncn2_9PY0hp3Kn4tNBo/getUpdates "HTTP/1.1 200 OK"
2025-08-30 01:14:45,798 - INFO - HTTP Request: POST https://api.telegram.org/bot8355167350:AAFHXoKgOR7Ja0NOncn2_9PY0hp3Kn4tNBo/getUpdates "HTTP/1.1 200 OK"
2025-08-30 01:14:55,870 - INFO - HTTP Request: POST https://api.telegram.org/bot8355167350:AAFHXoKgOR7Ja0NOncn2_9PY0hp3Kn4tNBo/getUpdates "HTTP/1.1 200 OK"
2025-08-30 01:15:05,944 - INFO - HTTP Request: POST https://api.telegram.org/bot8355167350:AAFHXoKgOR7Ja0NOncn2_9PY0hp3Kn4tNBo/getUpdates "HTTP/1.1 200 OK"
2025-08-30 01:15:16,021 - INFO - HTTP Request: POST https://api.telegram.org/bot8355167350:AAFHXoKgOR7Ja0NOncn2_9PY0hp3Kn4tNBo/getUpdates "HTTP/1.1 200 OK"
2025-08-30 01:15:26,927 - INFO - show_item cards parsed: 69
2025-08-30 01:15:26,927 - INFO - show_item cards parsed: 69
2025-08-30 01:15:26,936 - INFO - DB upsert (show_item): inserted=0, updated=69
2025-08-30 01:15:26,936 - INFO - DB upsert (show_item): inserted=0, updated=69
2025-08-30 01:15:26,938 - INFO - HTTP Request: POST https://api.telegram.org/bot8355167350:AAFHXoKgOR7Ja0NOncn2_9PY0hp3Kn4tNBo/getUpdates "HTTP/1.1 200 OK"
2025-08-30 01:15:37,008 - INFO - HTTP Request: POST https://api.telegram.org/bot8355167350:AAFHXoKgOR7Ja0NOncn2_9PY0hp3Kn4tNBo/getUpdates "HTTP/1.1 200 OK"
2025-08-30 01:15:47,077 - INFO - HTTP Request: POST https://api.telegram.org/bot8355167350:AAFHXoKgOR7Ja0NOncn2_9PY0hp3Kn4tNBo/getUpdates "HTTP/1.1 200 OK"
2025-08-30 01:15:57,150 - INFO - HTTP Request: POST https://api.telegram.org/bot8355167350:AAFHXoKgOR7Ja0NOncn2_9PY0hp3Kn4tNBo/getUpdates "HTTP/1.1 200 OK"
2025-08-30 01:16:07,238 - INFO - HTTP Request: POST https://api.telegram.org/bot8355167350:AAFHXoKgOR7Ja0NOncn2_9PY0hp3Kn4tNBo/getUpdates "HTTP/1.1 200 OK"
2025-08-30 01:16:17,321 - INFO - HTTP Request: POST https://api.telegram.org/bot8355167350:AAFHXoKgOR7Ja0NOncn2_9PY0hp3Kn4tNBo/getUpdates "HTTP/1.1 200 OK"
2025-08-30 01:16:27,394 - INFO - HTTP Request: POST https://api.telegram.org/bot8355167350:AAFHXoKgOR7Ja0NOncn2_9PY0hp3Kn4tNBo/getUpdates "HTTP/1.1 200 OK"
2025-08-30 01:16:37,481 - INFO - HTTP Request: POST https://api.telegram.org/bot8355167350:AAFHXoKgOR7Ja0NOncn2_9PY0hp3Kn4tNBo/getUpdates "HTTP/1.1 200 OK"
2025-08-30 01:16:47,568 - INFO - HTTP Request: POST https://api.telegram.org/bot8355167350:AAFHXoKgOR7Ja0NOncn2_9PY0hp3Kn4tNBo/getUpdates "HTTP/1.1 200 OK"
2025-08-30 01:16:57,645 - INFO - HTTP Request: POST https://api.telegram.org/bot8355167350:AAFHXoKgOR7Ja0NOncn2_9PY0hp3Kn4tNBo/getUpdates "HTTP/1.1 200 OK"
2025-08-30 01:17:07,718 - INFO - HTTP Request: POST https://api.telegram.org/bot8355167350:AAFHXoKgOR7Ja0NOncn2_9PY0hp3Kn4tNBo/getUpdates "HTTP/1.1 200 OK"
2025-08-30 01:17:17,792 - INFO - HTTP Request: POST https://api.telegram.org/bot8355167350:AAFHXoKgOR7Ja0NOncn2_9PY0hp3Kn4tNBo/getUpdates "HTTP/1.1 200 OK"
2025-08-30 01:17:27,876 - INFO - HTTP Request: POST https://api.telegram.org/bot8355167350:AAFHXoKgOR7Ja0NOncn2_9PY0hp3Kn4tNBo/getUpdates "HTTP/1.1 200 OK"
2025-08-30 01:17:37,945 - INFO - HTTP Request: POST https://api.telegram.org/bot8355167350:AAFHXoKgOR7Ja0NOncn2_9PY0hp3Kn4tNBo/getUpdates "HTTP/1.1 200 OK"
2025-08-30 01:17:48,016 - INFO - HTTP Request: POST https://api.telegram.org/bot8355167350:AAFHXoKgOR7Ja0NOncn2_9PY0hp3Kn4tNBo/getUpdates "HTTP/1.1 200 OK"
2025-08-30 01:17:58,090 - INFO - HTTP Request: POST https://api.telegram.org/bot8355167350:AAFHXoKgOR7Ja0NOncn2_9PY0hp3Kn4tNBo/getUpdates "HTTP/1.1 200 OK"
2025-08-30 01:18:08,170 - INFO - HTTP Request: POST https://api.telegram.org/bot8355167350:AAFHXoKgOR7Ja0NOncn2_9PY0hp3Kn4tNBo/getUpdates "HTTP/1.1 200 OK"
2025-08-30 01:18:18,250 - INFO - HTTP Request: POST https://api.telegram.org/bot8355167350:AAFHXoKgOR7Ja0NOncn2_9PY0hp3Kn4tNBo/getUpdates "HTTP/1.1 200 OK"
2025-08-30 01:18:29,274 - INFO - show_item cards parsed: 69
2025-08-30 01:18:29,274 - INFO - show_item cards parsed: 69
2025-08-30 01:18:29,280 - INFO - DB upsert (show_item): inserted=0, updated=69
2025-08-30 01:18:29,280 - INFO - DB upsert (show_item): inserted=0, updated=69
2025-08-30 01:18:29,282 - INFO - HTTP Request: POST https://api.telegram.org/bot8355167350:AAFHXoKgOR7Ja0NOncn2_9PY0hp3Kn4tNBo/getUpdates "HTTP/1.1 200 OK"
2025-08-30 01:18:39,351 - INFO - HTTP Request: POST https://api.telegram.org/bot8355167350:AAFHXoKgOR7Ja0NOncn2_9PY0hp3Kn4tNBo/getUpdates "HTTP/1.1 200 OK"
2025-08-30 01:18:49,428 - INFO - HTTP Request: POST https://api.telegram.org/bot8355167350:AAFHXoKgOR7Ja0NOncn2_9PY0hp3Kn4tNBo/getUpdates "HTTP/1.1 200 OK"
2025-08-30 01:18:59,501 - INFO - HTTP Request: POST https://api.telegram.org/bot8355167350:AAFHXoKgOR7Ja0NOncn2_9PY0hp3Kn4tNBo/getUpdates "HTTP/1.1 200 OK"
2025-08-30 01:19:09,571 - INFO - HTTP Request: POST https://api.telegram.org/bot8355167350:AAFHXoKgOR7Ja0NOncn2_9PY0hp3Kn4tNBo/getUpdates "HTTP/1.1 200 OK"
2025-08-30 01:19:19,649 - INFO - HTTP Request: POST https://api.telegram.org/bot8355167350:AAFHXoKgOR7Ja0NOncn2_9PY0hp3Kn4tNBo/getUpdates "HTTP/1.1 200 OK"
2025-08-30 01:19:29,724 - INFO - HTTP Request: POST https://api.telegram.org/bot8355167350:AAFHXoKgOR7Ja0NOncn2_9PY0hp3Kn4tNBo/getUpdates "HTTP/1.1 200 OK"
2025-08-30 01:19:39,804 - INFO - HTTP Request: POST https://api.telegram.org/bot8355167350:AAFHXoKgOR7Ja0NOncn2_9PY0hp3Kn4tNBo/getUpdates "HTTP/1.1 200 OK"
2025-08-30 01:19:49,888 - INFO - HTTP Request: POST https://api.telegram.org/bot8355167350:AAFHXoKgOR7Ja0NOncn2_9PY0hp3Kn4tNBo/getUpdates "HTTP/1.1 200 OK"
2025-08-30 01:19:59,965 - INFO - HTTP Request: POST https://api.telegram.org/bot8355167350:AAFHXoKgOR7Ja0NOncn2_9PY0hp3Kn4tNBo/getUpdates "HTTP/1.1 200 OK"
2025-08-30 01:20:10,043 - INFO - HTTP Request: POST https://api.telegram.org/bot8355167350:AAFHXoKgOR7Ja0NOncn2_9PY0hp3Kn4tNBo/getUpdates "HTTP/1.1 200 OK"
2025-08-30 01:20:20,115 - INFO - HTTP Request: POST https://api.telegram.org/bot8355167350:AAFHXoKgOR7Ja0NOncn2_9PY0hp3Kn4tNBo/getUpdates "HTTP/1.1 200 OK"
2025-08-30 01:20:30,188 - INFO - HTTP Request: POST https://api.telegram.org/bot8355167350:AAFHXoKgOR7Ja0NOncn2_9PY0hp3Kn4tNBo/getUpdates "HTTP/1.1 200 OK"
2025-08-30 01:20:40,264 - INFO - HTTP Request: POST https://api.telegram.org/bot8355167350:AAFHXoKgOR7Ja0NOncn2_9PY0hp3Kn4tNBo/getUpdates "HTTP/1.1 200 OK"
2025-08-30 01:20:50,338 - INFO - HTTP Request: POST https://api.telegram.org/bot8355167350:AAFHXoKgOR7Ja0NOncn2_9PY0hp3Kn4tNBo/getUpdates "HTTP/1.1 200 OK"
2025-08-30 01:21:00,414 - INFO - HTTP Request: POST https://api.telegram.org/bot8355167350:AAFHXoKgOR7Ja0NOncn2_9PY0hp3Kn4tNBo/getUpdates "HTTP/1.1 200 OK"
2025-08-30 01:21:10,490 - INFO - HTTP Request: POST https://api.telegram.org/bot8355167350:AAFHXoKgOR7Ja0NOncn2_9PY0hp3Kn4tNBo/getUpdates "HTTP/1.1 200 OK"
2025-08-30 01:21:20,574 - INFO - HTTP Request: POST https://api.telegram.org/bot8355167350:AAFHXoKgOR7Ja0NOncn2_9PY0hp3Kn4tNBo/getUpdates "HTTP/1.1 200 OK"
2025-08-30 01:21:31,672 - INFO - show_item cards parsed: 69
2025-08-30 01:21:31,672 - INFO - show_item cards parsed: 69
2025-08-30 01:21:31,680 - INFO - DB upsert (show_item): inserted=0, updated=69
2025-08-30 01:21:31,680 - INFO - DB upsert (show_item): inserted=0, updated=69
2025-08-30 01:21:31,681 - INFO - HTTP Request: POST https://api.telegram.org/bot8355167350:AAFHXoKgOR7Ja0NOncn2_9PY0hp3Kn4tNBo/getUpdates "HTTP/1.1 200 OK"
2025-08-30 01:21:41,756 - INFO - HTTP Request: POST https://api.telegram.org/bot8355167350:AAFHXoKgOR7Ja0NOncn2_9PY0hp3Kn4tNBo/getUpdates "HTTP/1.1 200 OK"
2025-08-30 01:21:51,828 - INFO - HTTP Request: POST https://api.telegram.org/bot8355167350:AAFHXoKgOR7Ja0NOncn2_9PY0hp3Kn4tNBo/getUpdates "HTTP/1.1 200 OK"
2025-08-30 01:22:01,905 - INFO - HTTP Request: POST https://api.telegram.org/bot8355167350:AAFHXoKgOR7Ja0NOncn2_9PY0hp3Kn4tNBo/getUpdates "HTTP/1.1 200 OK"
2025-08-30 01:22:11,984 - INFO - HTTP Request: POST https://api.telegram.org/bot8355167350:AAFHXoKgOR7Ja0NOncn2_9PY0hp3Kn4tNBo/getUpdates "HTTP/1.1 200 OK"
2025-08-30 01:22:22,059 - INFO - HTTP Request: POST https://api.telegram.org/bot8355167350:AAFHXoKgOR7Ja0NOncn2_9PY0hp3Kn4tNBo/getUpdates "HTTP/1.1 200 OK"
2025-08-30 01:22:32,139 - INFO - HTTP Request: POST https://api.telegram.org/bot8355167350:AAFHXoKgOR7Ja0NOncn2_9PY0hp3Kn4tNBo/getUpdates "HTTP/1.1 200 OK"
2025-08-30 01:22:42,215 - INFO - HTTP Request: POST https://api.telegram.org/bot8355167350:AAFHXoKgOR7Ja0NOncn2_9PY0hp3Kn4tNBo/getUpdates "HTTP/1.1 200 OK"
2025-08-30 01:22:52,295 - INFO - HTTP Request: POST https://api.telegram.org/bot8355167350:AAFHXoKgOR7Ja0NOncn2_9PY0hp3Kn4tNBo/getUpdates "HTTP/1.1 200 OK"
2025-08-30 01:23:02,371 - INFO - HTTP Request: POST https://api.telegram.org/bot8355167350:AAFHXoKgOR7Ja0NOncn2_9PY0hp3Kn4tNBo/getUpdates "HTTP/1.1 200 OK"
2025-08-30 01:23:12,451 - INFO - HTTP Request: POST https://api.telegram.org/bot8355167350:AAFHXoKgOR7Ja0NOncn2_9PY0hp3Kn4tNBo/getUpdates "HTTP/1.1 200 OK"
2025-08-30 01:23:22,527 - INFO - HTTP Request: POST https://api.telegram.org/bot8355167350:AAFHXoKgOR7Ja0NOncn2_9PY0hp3Kn4tNBo/getUpdates "HTTP/1.1 200 OK"
2025-08-30 01:23:32,606 - INFO - HTTP Request: POST https://api.telegram.org/bot8355167350:AAFHXoKgOR7Ja0NOncn2_9PY0hp3Kn4tNBo/getUpdates "HTTP/1.1 200 OK"
2025-08-30 01:23:42,679 - INFO - HTTP Request: POST https://api.telegram.org/bot8355167350:AAFHXoKgOR7Ja0NOncn2_9PY0hp3Kn4tNBo/getUpdates "HTTP/1.1 200 OK"
2025-08-30 01:23:52,757 - INFO - HTTP Request: POST https://api.telegram.org/bot8355167350:AAFHXoKgOR7Ja0NOncn2_9PY0hp3Kn4tNBo/getUpdates "HTTP/1.1 200 OK"
2025-08-30 01:24:02,835 - INFO - HTTP Request: POST https://api.telegram.org/bot8355167350:AAFHXoKgOR7Ja0NOncn2_9PY0hp3Kn4tNBo/getUpdates "HTTP/1.1 200 OK"
2025-08-30 01:24:12,907 - INFO - HTTP Request: POST https://api.telegram.org/bot8355167350:AAFHXoKgOR7Ja0NOncn2_9PY0hp3Kn4tNBo/getUpdates "HTTP/1.1 200 OK"
2025-08-30 01:24:22,984 - INFO - HTTP Request: POST https://api.telegram.org/bot8355167350:AAFHXoKgOR7Ja0NOncn2_9PY0hp3Kn4tNBo/getUpdates "HTTP/1.1 200 OK"
2025-08-30 01:24:33,992 - INFO - show_item cards parsed: 69
2025-08-30 01:24:33,992 - INFO - show_item cards parsed: 69
2025-08-30 01:24:34,000 - INFO - DB upsert (show_item): inserted=0, updated=69
2025-08-30 01:24:34,000 - INFO - DB upsert (show_item): inserted=0, updated=69
2025-08-30 01:24:34,002 - INFO - HTTP Request: POST https://api.telegram.org/bot8355167350:AAFHXoKgOR7Ja0NOncn2_9PY0hp3Kn4tNBo/getUpdates "HTTP/1.1 200 OK"
2025-08-30 01:24:44,071 - INFO - HTTP Request: POST https://api.telegram.org/bot8355167350:AAFHXoKgOR7Ja0NOncn2_9PY0hp3Kn4tNBo/getUpdates "HTTP/1.1 200 OK"
2025-08-30 01:24:54,149 - INFO - HTTP Request: POST https://api.telegram.org/bot8355167350:AAFHXoKgOR7Ja0NOncn2_9PY0hp3Kn4tNBo/getUpdates "HTTP/1.1 200 OK"
2025-08-30 01:25:04,224 - INFO - HTTP Request: POST https://api.telegram.org/bot8355167350:AAFHXoKgOR7Ja0NOncn2_9PY0hp3Kn4tNBo/getUpdates "HTTP/1.1 200 OK"
2025-08-30 01:25:14,297 - INFO - HTTP Request: POST https://api.telegram.org/bot8355167350:AAFHXoKgOR7Ja0NOncn2_9PY0hp3Kn4tNBo/getUpdates "HTTP/1.1 200 OK"
2025-08-30 01:25:24,372 - INFO - HTTP Request: POST https://api.telegram.org/bot8355167350:AAFHXoKgOR7Ja0NOncn2_9PY0hp3Kn4tNBo/getUpdates "HTTP/1.1 200 OK"
2025-08-30 01:25:34,447 - INFO - HTTP Request: POST https://api.telegram.org/bot8355167350:AAFHXoKgOR7Ja0NOncn2_9PY0hp3Kn4tNBo/getUpdates "HTTP/1.1 200 OK"
2025-08-30 01:25:44,522 - INFO - HTTP Request: POST https://api.telegram.org/bot8355167350:AAFHXoKgOR7Ja0NOncn2_9PY0hp3Kn4tNBo/getUpdates "HTTP/1.1 200 OK"
2025-08-30 01:25:54,596 - INFO - HTTP Request: POST https://api.telegram.org/bot8355167350:AAFHXoKgOR7Ja0NOncn2_9PY0hp3Kn4tNBo/getUpdates "HTTP/1.1 200 OK"
2025-08-30 01:26:04,674 - INFO - HTTP Request: POST https://api.telegram.org/bot8355167350:AAFHXoKgOR7Ja0NOncn2_9PY0hp3Kn4tNBo/getUpdates "HTTP/1.1 200 OK"
2025-08-30 01:26:14,751 - INFO - HTTP Request: POST https://api.telegram.org/bot8355167350:AAFHXoKgOR7Ja0NOncn2_9PY0hp3Kn4tNBo/getUpdates "HTTP/1.1 200 OK"
2025-08-30 01:26:24,827 - INFO - HTTP Request: POST https://api.telegram.org/bot8355167350:AAFHXoKgOR7Ja0NOncn2_9PY0hp3Kn4tNBo/getUpdates "HTTP/1.1 200 OK"
2025-08-30 01:26:34,902 - INFO - HTTP Request: POST https://api.telegram.org/bot8355167350:AAFHXoKgOR7Ja0NOncn2_9PY0hp3Kn4tNBo/getUpdates "HTTP/1.1 200 OK"
2025-08-30 01:26:44,981 - INFO - HTTP Request: POST https://api.telegram.org/bot8355167350:AAFHXoKgOR7Ja0NOncn2_9PY0hp3Kn4tNBo/getUpdates "HTTP/1.1 200 OK"
2025-08-30 01:26:55,064 - INFO - HTTP Request: POST https://api.telegram.org/bot8355167350:AAFHXoKgOR7Ja0NOncn2_9PY0hp3Kn4tNBo/getUpdates "HTTP/1.1 200 OK"
2025-08-30 01:27:05,140 - INFO - HTTP Request: POST https://api.telegram.org/bot8355167350:AAFHXoKgOR7Ja0NOncn2_9PY0hp3Kn4tNBo/getUpdates "HTTP/1.1 200 OK"
2025-08-30 01:27:15,216 - INFO - HTTP Request: POST https://api.telegram.org/bot8355167350:AAFHXoKgOR7Ja0NOncn2_9PY0hp3Kn4tNBo/getUpdates "HTTP/1.1 200 OK"
2025-08-30 01:27:25,295 - INFO - HTTP Request: POST https://api.telegram.org/bot8355167350:AAFHXoKgOR7Ja0NOncn2_9PY0hp3Kn4tNBo/getUpdates "HTTP/1.1 200 OK"
2025-08-30 01:27:36,360 - INFO - show_item cards parsed: 69
2025-08-30 01:27:36,360 - INFO - show_item cards parsed: 69
2025-08-30 01:27:36,366 - INFO - DB upsert (show_item): inserted=0, updated=69
2025-08-30 01:27:36,366 - INFO - DB upsert (show_item): inserted=0, updated=69
2025-08-30 01:27:36,368 - INFO - HTTP Request: POST https://api.telegram.org/bot8355167350:AAFHXoKgOR7Ja0NOncn2_9PY0hp3Kn4tNBo/getUpdates "HTTP/1.1 200 OK"
2025-08-30 01:27:46,440 - INFO - HTTP Request: POST https://api.telegram.org/bot8355167350:AAFHXoKgOR7Ja0NOncn2_9PY0hp3Kn4tNBo/getUpdates "HTTP/1.1 200 OK"
2025-08-30 01:27:56,515 - INFO - HTTP Request: POST https://api.telegram.org/bot8355167350:AAFHXoKgOR7Ja0NOncn2_9PY0hp3Kn4tNBo/getUpdates "HTTP/1.1 200 OK"
2025-08-30 01:28:06,588 - INFO - HTTP Request: POST https://api.telegram.org/bot8355167350:AAFHXoKgOR7Ja0NOncn2_9PY0hp3Kn4tNBo/getUpdates "HTTP/1.1 200 OK"
2025-08-30 01:28:16,669 - INFO - HTTP Request: POST https://api.telegram.org/bot8355167350:AAFHXoKgOR7Ja0NOncn2_9PY0hp3Kn4tNBo/getUpdates "HTTP/1.1 200 OK"
2025-08-30 01:28:26,745 - INFO - HTTP Request: POST https://api.telegram.org/bot8355167350:AAFHXoKgOR7Ja0NOncn2_9PY0hp3Kn4tNBo/getUpdates "HTTP/1.1 200 OK"
2025-08-30 01:28:36,815 - INFO - HTTP Request: POST https://api.telegram.org/bot8355167350:AAFHXoKgOR7Ja0NOncn2_9PY0hp3Kn4tNBo/getUpdates "HTTP/1.1 200 OK"
2025-08-30 01:28:46,887 - INFO - HTTP Request: POST https://api.telegram.org/bot8355167350:AAFHXoKgOR7Ja0NOncn2_9PY0hp3Kn4tNBo/getUpdates "HTTP/1.1 200 OK"
2025-08-30 01:28:56,962 - INFO - HTTP Request: POST https://api.telegram.org/bot8355167350:AAFHXoKgOR7Ja0NOncn2_9PY0hp3Kn4tNBo/getUpdates "HTTP/1.1 200 OK"
2025-08-30 01:29:07,034 - INFO - HTTP Request: POST https://api.telegram.org/bot8355167350:AAFHXoKgOR7Ja0NOncn2_9PY0hp3Kn4tNBo/getUpdates "HTTP/1.1 200 OK"
2025-08-30 01:29:17,118 - INFO - HTTP Request: POST https://api.telegram.org/bot8355167350:AAFHXoKgOR7Ja0NOncn2_9PY0hp3Kn4tNBo/getUpdates "HTTP/1.1 200 OK"
2025-08-30 01:29:27,352 - INFO - HTTP Request: POST https://api.telegram.org/bot8355167350:AAFHXoKgOR7Ja0NOncn2_9PY0hp3Kn4tNBo/getUpdates "HTTP/1.1 200 OK"
2025-08-30 01:29:37,426 - INFO - HTTP Request: POST https://api.telegram.org/bot8355167350:AAFHXoKgOR7Ja0NOncn2_9PY0hp3Kn4tNBo/getUpdates "HTTP/1.1 200 OK"
2025-08-30 01:29:47,505 - INFO - HTTP Request: POST https://api.telegram.org/bot8355167350:AAFHXoKgOR7Ja0NOncn2_9PY0hp3Kn4tNBo/getUpdates "HTTP/1.1 200 OK"
2025-08-30 01:29:57,576 - INFO - HTTP Request: POST https://api.telegram.org/bot8355167350:AAFHXoKgOR7Ja0NOncn2_9PY0hp3Kn4tNBo/getUpdates "HTTP/1.1 200 OK"
2025-08-30 01:30:07,649 - INFO - HTTP Request: POST https://api.telegram.org/bot8355167350:AAFHXoKgOR7Ja0NOncn2_9PY0hp3Kn4tNBo/getUpdates "HTTP/1.1 200 OK"
2025-08-30 01:30:17,724 - INFO - HTTP Request: POST https://api.telegram.org/bot8355167350:AAFHXoKgOR7Ja0NOncn2_9PY0hp3Kn4tNBo/getUpdates "HTTP/1.1 200 OK"
2025-08-30 01:30:27,804 - INFO - HTTP Request: POST https://api.telegram.org/bot8355167350:AAFHXoKgOR7Ja0NOncn2_9PY0hp3Kn4tNBo/getUpdates "HTTP/1.1 200 OK"
2025-08-30 01:30:38,661 - INFO - show_item cards parsed: 69
2025-08-30 01:30:38,661 - INFO - show_item cards parsed: 69
2025-08-30 01:30:38,668 - INFO - DB upsert (show_item): inserted=0, updated=69
2025-08-30 01:30:38,668 - INFO - DB upsert (show_item): inserted=0, updated=69
2025-08-30 01:30:38,669 - INFO - HTTP Request: POST https://api.telegram.org/bot8355167350:AAFHXoKgOR7Ja0NOncn2_9PY0hp3Kn4tNBo/getUpdates "HTTP/1.1 200 OK"
2025-08-30 01:30:48,743 - INFO - HTTP Request: POST https://api.telegram.org/bot8355167350:AAFHXoKgOR7Ja0NOncn2_9PY0hp3Kn4tNBo/getUpdates "HTTP/1.1 200 OK"
2025-08-30 01:30:58,818 - INFO - HTTP Request: POST https://api.telegram.org/bot8355167350:AAFHXoKgOR7Ja0NOncn2_9PY0hp3Kn4tNBo/getUpdates "HTTP/1.1 200 OK"
2025-08-30 01:31:08,889 - INFO - HTTP Request: POST https://api.telegram.org/bot8355167350:AAFHXoKgOR7Ja0NOncn2_9PY0hp3Kn4tNBo/getUpdates "HTTP/1.1 200 OK"
2025-08-30 01:31:18,961 - INFO - HTTP Request: POST https://api.telegram.org/bot8355167350:AAFHXoKgOR7Ja0NOncn2_9PY0hp3Kn4tNBo/getUpdates "HTTP/1.1 200 OK"
2025-08-30 01:31:29,039 - INFO - HTTP Request: POST https://api.telegram.org/bot8355167350:AAFHXoKgOR7Ja0NOncn2_9PY0hp3Kn4tNBo/getUpdates "HTTP/1.1 200 OK"
2025-08-30 01:31:39,113 - INFO - HTTP Request: POST https://api.telegram.org/bot8355167350:AAFHXoKgOR7Ja0NOncn2_9PY0hp3Kn4tNBo/getUpdates "HTTP/1.1 200 OK"
2025-08-30 01:31:49,185 - INFO - HTTP Request: POST https://api.telegram.org/bot8355167350:AAFHXoKgOR7Ja0NOncn2_9PY0hp3Kn4tNBo/getUpdates "HTTP/1.1 200 OK"
2025-08-30 01:31:59,256 - INFO - HTTP Request: POST https://api.telegram.org/bot8355167350:AAFHXoKgOR7Ja0NOncn2_9PY0hp3Kn4tNBo/getUpdates "HTTP/1.1 200 OK"
2025-08-30 01:32:09,329 - INFO - HTTP Request: POST https://api.telegram.org/bot8355167350:AAFHXoKgOR7Ja0NOncn2_9PY0hp3Kn4tNBo/getUpdates "HTTP/1.1 200 OK"
2025-08-30 01:32:19,408 - INFO - HTTP Request: POST https://api.telegram.org/bot8355167350:AAFHXoKgOR7Ja0NOncn2_9PY0hp3Kn4tNBo/getUpdates "HTTP/1.1 200 OK"
2025-08-30 01:32:29,485 - INFO - HTTP Request: POST https://api.telegram.org/bot8355167350:AAFHXoKgOR7Ja0NOncn2_9PY0hp3Kn4tNBo/getUpdates "HTTP/1.1 200 OK"
2025-08-30 01:32:39,555 - INFO - HTTP Request: POST https://api.telegram.org/bot8355167350:AAFHXoKgOR7Ja0NOncn2_9PY0hp3Kn4tNBo/getUpdates "HTTP/1.1 200 OK"
2025-08-30 01:32:49,636 - INFO - HTTP Request: POST https://api.telegram.org/bot8355167350:AAFHXoKgOR7Ja0NOncn2_9PY0hp3Kn4tNBo/getUpdates "HTTP/1.1 200 OK"
2025-08-30 01:32:59,713 - INFO - HTTP Request: POST https://api.telegram.org/bot8355167350:AAFHXoKgOR7Ja0NOncn2_9PY0hp3Kn4tNBo/getUpdates "HTTP/1.1 200 OK"
2025-08-30 01:33:09,788 - INFO - HTTP Request: POST https://api.telegram.org/bot8355167350:AAFHXoKgOR7Ja0NOncn2_9PY0hp3Kn4tNBo/getUpdates "HTTP/1.1 200 OK"
2025-08-30 01:33:19,858 - INFO - HTTP Request: POST https://api.telegram.org/bot8355167350:AAFHXoKgOR7Ja0NOncn2_9PY0hp3Kn4tNBo/getUpdates "HTTP/1.1 200 OK"
2025-08-30 01:33:29,929 - INFO - HTTP Request: POST https://api.telegram.org/bot8355167350:AAFHXoKgOR7Ja0NOncn2_9PY0hp3Kn4tNBo/getUpdates "HTTP/1.1 200 OK"
2025-08-30 01:33:41,010 - INFO - show_item cards parsed: 69
2025-08-30 01:33:41,010 - INFO - show_item cards parsed: 69
2025-08-30 01:33:41,026 - INFO - DB upsert (show_item): inserted=0, updated=69
2025-08-30 01:33:41,026 - INFO - DB upsert (show_item): inserted=0, updated=69
2025-08-30 01:33:41,027 - INFO - HTTP Request: POST https://api.telegram.org/bot8355167350:AAFHXoKgOR7Ja0NOncn2_9PY0hp3Kn4tNBo/getUpdates "HTTP/1.1 200 OK"
2025-08-30 01:33:51,111 - INFO - HTTP Request: POST https://api.telegram.org/bot8355167350:AAFHXoKgOR7Ja0NOncn2_9PY0hp3Kn4tNBo/getUpdates "HTTP/1.1 200 OK"
2025-08-30 01:34:01,186 - INFO - HTTP Request: POST https://api.telegram.org/bot8355167350:AAFHXoKgOR7Ja0NOncn2_9PY0hp3Kn4tNBo/getUpdates "HTTP/1.1 200 OK"
2025-08-30 01:34:11,264 - INFO - HTTP Request: POST https://api.telegram.org/bot8355167350:AAFHXoKgOR7Ja0NOncn2_9PY0hp3Kn4tNBo/getUpdates "HTTP/1.1 200 OK"
2025-08-30 01:34:21,355 - INFO - HTTP Request: POST https://api.telegram.org/bot8355167350:AAFHXoKgOR7Ja0NOncn2_9PY0hp3Kn4tNBo/getUpdates "HTTP/1.1 200 OK"
2025-08-30 01:34:31,430 - INFO - HTTP Request: POST https://api.telegram.org/bot8355167350:AAFHXoKgOR7Ja0NOncn2_9PY0hp3Kn4tNBo/getUpdates "HTTP/1.1 200 OK"
2025-08-30 01:34:41,514 - INFO - HTTP Request: POST https://api.telegram.org/bot8355167350:AAFHXoKgOR7Ja0NOncn2_9PY0hp3Kn4tNBo/getUpdates "HTTP/1.1 200 OK"
2025-08-30 01:34:51,587 - INFO - HTTP Request: POST https://api.telegram.org/bot8355167350:AAFHXoKgOR7Ja0NOncn2_9PY0hp3Kn4tNBo/getUpdates "HTTP/1.1 200 OK"
2025-08-30 01:35:01,664 - INFO - HTTP Request: POST https://api.telegram.org/bot8355167350:AAFHXoKgOR7Ja0NOncn2_9PY0hp3Kn4tNBo/getUpdates "HTTP/1.1 200 OK"
2025-08-30 01:35:11,745 - INFO - HTTP Request: POST https://api.telegram.org/bot8355167350:AAFHXoKgOR7Ja0NOncn2_9PY0hp3Kn4tNBo/getUpdates "HTTP/1.1 200 OK"
2025-08-30 01:35:21,821 - INFO - HTTP Request: POST https://api.telegram.org/bot8355167350:AAFHXoKgOR7Ja0NOncn2_9PY0hp3Kn4tNBo/getUpdates "HTTP/1.1 200 OK"
2025-08-30 01:35:31,897 - INFO - HTTP Request: POST https://api.telegram.org/bot8355167350:AAFHXoKgOR7Ja0NOncn2_9PY0hp3Kn4tNBo/getUpdates "HTTP/1.1 200 OK"
2025-08-30 01:35:41,970 - INFO - HTTP Request: POST https://api.telegram.org/bot8355167350:AAFHXoKgOR7Ja0NOncn2_9PY0hp3Kn4tNBo/getUpdates "HTTP/1.1 200 OK"
2025-08-30 01:35:52,061 - INFO - HTTP Request: POST https://api.telegram.org/bot8355167350:AAFHXoKgOR7Ja0NOncn2_9PY0hp3Kn4tNBo/getUpdates "HTTP/1.1 200 OK"
2025-08-30 01:36:02,137 - INFO - HTTP Request: POST https://api.telegram.org/bot8355167350:AAFHXoKgOR7Ja0NOncn2_9PY0hp3Kn4tNBo/getUpdates "HTTP/1.1 200 OK"
2025-08-30 01:36:12,211 - INFO - HTTP Request: POST https://api.telegram.org/bot8355167350:AAFHXoKgOR7Ja0NOncn2_9PY0hp3Kn4tNBo/getUpdates "HTTP/1.1 200 OK"
2025-08-30 01:36:22,282 - INFO - HTTP Request: POST https://api.telegram.org/bot8355167350:AAFHXoKgOR7Ja0NOncn2_9PY0hp3Kn4tNBo/getUpdates "HTTP/1.1 200 OK"
2025-08-30 01:36:32,359 - INFO - HTTP Request: POST https://api.telegram.org/bot8355167350:AAFHXoKgOR7Ja0NOncn2_9PY0hp3Kn4tNBo/getUpdates "HTTP/1.1 200 OK"
2025-08-30 01:36:43,343 - INFO - show_item cards parsed: 69
2025-08-30 01:36:43,343 - INFO - show_item cards parsed: 69
2025-08-30 01:36:43,355 - INFO - DB upsert (show_item): inserted=0, updated=69
2025-08-30 01:36:43,355 - INFO - DB upsert (show_item): inserted=0, updated=69
2025-08-30 01:36:43,357 - INFO - HTTP Request: POST https://api.telegram.org/bot8355167350:AAFHXoKgOR7Ja0NOncn2_9PY0hp3Kn4tNBo/getUpdates "HTTP/1.1 200 OK"
2025-08-30 01:36:53,428 - INFO - HTTP Request: POST https://api.telegram.org/bot8355167350:AAFHXoKgOR7Ja0NOncn2_9PY0hp3Kn4tNBo/getUpdates "HTTP/1.1 200 OK"
2025-08-30 01:37:03,502 - INFO - HTTP Request: POST https://api.telegram.org/bot8355167350:AAFHXoKgOR7Ja0NOncn2_9PY0hp3Kn4tNBo/getUpdates "HTTP/1.1 200 OK"
2025-08-30 01:37:13,582 - INFO - HTTP Request: POST https://api.telegram.org/bot8355167350:AAFHXoKgOR7Ja0NOncn2_9PY0hp3Kn4tNBo/getUpdates "HTTP/1.1 200 OK"
2025-08-30 01:37:23,661 - INFO - HTTP Request: POST https://api.telegram.org/bot8355167350:AAFHXoKgOR7Ja0NOncn2_9PY0hp3Kn4tNBo/getUpdates "HTTP/1.1 200 OK"
2025-08-30 01:37:33,746 - INFO - HTTP Request: POST https://api.telegram.org/bot8355167350:AAFHXoKgOR7Ja0NOncn2_9PY0hp3Kn4tNBo/getUpdates "HTTP/1.1 200 OK"
2025-08-30 01:37:43,823 - INFO - HTTP Request: POST https://api.telegram.org/bot8355167350:AAFHXoKgOR7Ja0NOncn2_9PY0hp3Kn4tNBo/getUpdates "HTTP/1.1 200 OK"
2025-08-30 01:37:53,899 - INFO - HTTP Request: POST https://api.telegram.org/bot8355167350:AAFHXoKgOR7Ja0NOncn2_9PY0hp3Kn4tNBo/getUpdates "HTTP/1.1 200 OK"
2025-08-30 01:38:03,979 - INFO - HTTP Request: POST https://api.telegram.org/bot8355167350:AAFHXoKgOR7Ja0NOncn2_9PY0hp3Kn4tNBo/getUpdates "HTTP/1.1 200 OK"
2025-08-30 01:38:14,055 - INFO - HTTP Request: POST https://api.telegram.org/bot8355167350:AAFHXoKgOR7Ja0NOncn2_9PY0hp3Kn4tNBo/getUpdates "HTTP/1.1 200 OK"
2025-08-30 01:38:24,127 - INFO - HTTP Request: POST https://api.telegram.org/bot8355167350:AAFHXoKgOR7Ja0NOncn2_9PY0hp3Kn4tNBo/getUpdates "HTTP/1.1 200 OK"
2025-08-30 01:38:34,202 - INFO - HTTP Request: POST https://api.telegram.org/bot8355167350:AAFHXoKgOR7Ja0NOncn2_9PY0hp3Kn4tNBo/getUpdates "HTTP/1.1 200 OK"
2025-08-30 01:38:44,284 - INFO - HTTP Request: POST https://api.telegram.org/bot8355167350:AAFHXoKgOR7Ja0NOncn2_9PY0hp3Kn4tNBo/getUpdates "HTTP/1.1 200 OK"
2025-08-30 01:38:54,357 - INFO - HTTP Request: POST https://api.telegram.org/bot8355167350:AAFHXoKgOR7Ja0NOncn2_9PY0hp3Kn4tNBo/getUpdates "HTTP/1.1 200 OK"
2025-08-30 01:39:04,433 - INFO - HTTP Request: POST https://api.telegram.org/bot8355167350:AAFHXoKgOR7Ja0NOncn2_9PY0hp3Kn4tNBo/getUpdates "HTTP/1.1 200 OK"
2025-08-30 01:39:14,515 - INFO - HTTP Request: POST https://api.telegram.org/bot8355167350:AAFHXoKgOR7Ja0NOncn2_9PY0hp3Kn4tNBo/getUpdates "HTTP/1.1 200 OK"
2025-08-30 01:39:24,588 - INFO - HTTP Request: POST https://api.telegram.org/bot8355167350:AAFHXoKgOR7Ja0NOncn2_9PY0hp3Kn4tNBo/getUpdates "HTTP/1.1 200 OK"
2025-08-30 01:39:34,661 - INFO - HTTP Request: POST https://api.telegram.org/bot8355167350:AAFHXoKgOR7Ja0NOncn2_9PY0hp3Kn4tNBo/getUpdates "HTTP/1.1 200 OK"
2025-08-30 01:39:45,689 - INFO - show_item cards parsed: 69
2025-08-30 01:39:45,689 - INFO - show_item cards parsed: 69
2025-08-30 01:39:45,699 - INFO - DB upsert (show_item): inserted=0, updated=69
2025-08-30 01:39:45,699 - INFO - DB upsert (show_item): inserted=0, updated=69
2025-08-30 01:39:45,701 - INFO - HTTP Request: POST https://api.telegram.org/bot8355167350:AAFHXoKgOR7Ja0NOncn2_9PY0hp3Kn4tNBo/getUpdates "HTTP/1.1 200 OK"
2025-08-30 01:39:55,772 - INFO - HTTP Request: POST https://api.telegram.org/bot8355167350:AAFHXoKgOR7Ja0NOncn2_9PY0hp3Kn4tNBo/getUpdates "HTTP/1.1 200 OK"
2025-08-30 01:40:05,859 - INFO - HTTP Request: POST https://api.telegram.org/bot8355167350:AAFHXoKgOR7Ja0NOncn2_9PY0hp3Kn4tNBo/getUpdates "HTTP/1.1 200 OK"
2025-08-30 01:40:15,936 - INFO - HTTP Request: POST https://api.telegram.org/bot8355167350:AAFHXoKgOR7Ja0NOncn2_9PY0hp3Kn4tNBo/getUpdates "HTTP/1.1 200 OK"
2025-08-30 01:40:26,018 - INFO - HTTP Request: POST https://api.telegram.org/bot8355167350:AAFHXoKgOR7Ja0NOncn2_9PY0hp3Kn4tNBo/getUpdates "HTTP/1.1 200 OK"
2025-08-30 01:40:36,102 - INFO - HTTP Request: POST https://api.telegram.org/bot8355167350:AAFHXoKgOR7Ja0NOncn2_9PY0hp3Kn4tNBo/getUpdates "HTTP/1.1 200 OK"
2025-08-30 01:40:46,177 - INFO - HTTP Request: POST https://api.telegram.org/bot8355167350:AAFHXoKgOR7Ja0NOncn2_9PY0hp3Kn4tNBo/getUpdates "HTTP/1.1 200 OK"
2025-08-30 01:40:56,251 - INFO - HTTP Request: POST https://api.telegram.org/bot8355167350:AAFHXoKgOR7Ja0NOncn2_9PY0hp3Kn4tNBo/getUpdates "HTTP/1.1 200 OK"
2025-08-30 01:41:06,328 - INFO - HTTP Request: POST https://api.telegram.org/bot8355167350:AAFHXoKgOR7Ja0NOncn2_9PY0hp3Kn4tNBo/getUpdates "HTTP/1.1 200 OK"
2025-08-30 01:41:16,406 - INFO - HTTP Request: POST https://api.telegram.org/bot8355167350:AAFHXoKgOR7Ja0NOncn2_9PY0hp3Kn4tNBo/getUpdates "HTTP/1.1 200 OK"
2025-08-30 01:41:26,481 - INFO - HTTP Request: POST https://api.telegram.org/bot8355167350:AAFHXoKgOR7Ja0NOncn2_9PY0hp3Kn4tNBo/getUpdates "HTTP/1.1 200 OK"
2025-08-30 01:41:36,564 - INFO - HTTP Request: POST https://api.telegram.org/bot8355167350:AAFHXoKgOR7Ja0NOncn2_9PY0hp3Kn4tNBo/getUpdates "HTTP/1.1 200 OK"
2025-08-30 01:41:46,644 - INFO - HTTP Request: POST https://api.telegram.org/bot8355167350:AAFHXoKgOR7Ja0NOncn2_9PY0hp3Kn4tNBo/getUpdates "HTTP/1.1 200 OK"
2025-08-30 01:41:56,717 - INFO - HTTP Request: POST https://api.telegram.org/bot8355167350:AAFHXoKgOR7Ja0NOncn2_9PY0hp3Kn4tNBo/getUpdates "HTTP/1.1 200 OK"
2025-08-30 01:42:06,788 - INFO - HTTP Request: POST https://api.telegram.org/bot8355167350:AAFHXoKgOR7Ja0NOncn2_9PY0hp3Kn4tNBo/getUpdates "HTTP/1.1 200 OK"
2025-08-30 01:42:16,860 - INFO - HTTP Request: POST https://api.telegram.org/bot8355167350:AAFHXoKgOR7Ja0NOncn2_9PY0hp3Kn4tNBo/getUpdates "HTTP/1.1 200 OK"
2025-08-30 01:42:26,932 - INFO - HTTP Request: POST https://api.telegram.org/bot8355167350:AAFHXoKgOR7Ja0NOncn2_9PY0hp3Kn4tNBo/getUpdates "HTTP/1.1 200 OK"
2025-08-30 01:42:37,008 - INFO - HTTP Request: POST https://api.telegram.org/bot8355167350:AAFHXoKgOR7Ja0NOncn2_9PY0hp3Kn4tNBo/getUpdates "HTTP/1.1 200 OK"
2025-08-30 01:42:48,045 - INFO - show_item cards parsed: 69
2025-08-30 01:42:48,045 - INFO - show_item cards parsed: 69
2025-08-30 01:42:48,056 - INFO - DB upsert (show_item): inserted=0, updated=69
2025-08-30 01:42:48,056 - INFO - DB upsert (show_item): inserted=0, updated=69
2025-08-30 01:42:48,058 - INFO - HTTP Request: POST https://api.telegram.org/bot8355167350:AAFHXoKgOR7Ja0NOncn2_9PY0hp3Kn4tNBo/getUpdates "HTTP/1.1 200 OK"
2025-08-30 01:42:58,129 - INFO - HTTP Request: POST https://api.telegram.org/bot8355167350:AAFHXoKgOR7Ja0NOncn2_9PY0hp3Kn4tNBo/getUpdates "HTTP/1.1 200 OK"
2025-08-30 01:43:08,209 - INFO - HTTP Request: POST https://api.telegram.org/bot8355167350:AAFHXoKgOR7Ja0NOncn2_9PY0hp3Kn4tNBo/getUpdates "HTTP/1.1 200 OK"
2025-08-30 01:43:18,289 - INFO - HTTP Request: POST https://api.telegram.org/bot8355167350:AAFHXoKgOR7Ja0NOncn2_9PY0hp3Kn4tNBo/getUpdates "HTTP/1.1 200 OK"
2025-08-30 01:43:28,362 - INFO - HTTP Request: POST https://api.telegram.org/bot8355167350:AAFHXoKgOR7Ja0NOncn2_9PY0hp3Kn4tNBo/getUpdates "HTTP/1.1 200 OK"
2025-08-30 01:43:38,439 - INFO - HTTP Request: POST https://api.telegram.org/bot8355167350:AAFHXoKgOR7Ja0NOncn2_9PY0hp3Kn4tNBo/getUpdates "HTTP/1.1 200 OK"
2025-08-30 01:43:48,514 - INFO - HTTP Request: POST https://api.telegram.org/bot8355167350:AAFHXoKgOR7Ja0NOncn2_9PY0hp3Kn4tNBo/getUpdates "HTTP/1.1 200 OK"
2025-08-30 01:43:58,589 - INFO - HTTP Request: POST https://api.telegram.org/bot8355167350:AAFHXoKgOR7Ja0NOncn2_9PY0hp3Kn4tNBo/getUpdates "HTTP/1.1 200 OK"
2025-08-30 01:44:08,670 - INFO - HTTP Request: POST https://api.telegram.org/bot8355167350:AAFHXoKgOR7Ja0NOncn2_9PY0hp3Kn4tNBo/getUpdates "HTTP/1.1 200 OK"
2025-08-30 01:44:18,745 - INFO - HTTP Request: POST https://api.telegram.org/bot8355167350:AAFHXoKgOR7Ja0NOncn2_9PY0hp3Kn4tNBo/getUpdates "HTTP/1.1 200 OK"
2025-08-30 01:44:28,824 - INFO - HTTP Request: POST https://api.telegram.org/bot8355167350:AAFHXoKgOR7Ja0NOncn2_9PY0hp3Kn4tNBo/getUpdates "HTTP/1.1 200 OK"
2025-08-30 01:44:38,901 - INFO - HTTP Request: POST https://api.telegram.org/bot8355167350:AAFHXoKgOR7Ja0NOncn2_9PY0hp3Kn4tNBo/getUpdates "HTTP/1.1 200 OK"
2025-08-30 01:44:48,981 - INFO - HTTP Request: POST https://api.telegram.org/bot8355167350:AAFHXoKgOR7Ja0NOncn2_9PY0hp3Kn4tNBo/getUpdates "HTTP/1.1 200 OK"
2025-08-30 01:44:59,061 - INFO - HTTP Request: POST https://api.telegram.org/bot8355167350:AAFHXoKgOR7Ja0NOncn2_9PY0hp3Kn4tNBo/getUpdates "HTTP/1.1 200 OK"
2025-08-30 01:45:09,140 - INFO - HTTP Request: POST https://api.telegram.org/bot8355167350:AAFHXoKgOR7Ja0NOncn2_9PY0hp3Kn4tNBo/getUpdates "HTTP/1.1 200 OK"
2025-08-30 01:45:19,215 - INFO - HTTP Request: POST https://api.telegram.org/bot8355167350:AAFHXoKgOR7Ja0NOncn2_9PY0hp3Kn4tNBo/getUpdates "HTTP/1.1 200 OK"
2025-08-30 01:45:29,294 - INFO - HTTP Request: POST https://api.telegram.org/bot8355167350:AAFHXoKgOR7Ja0NOncn2_9PY0hp3Kn4tNBo/getUpdates "HTTP/1.1 200 OK"
2025-08-30 01:45:39,368 - INFO - HTTP Request: POST https://api.telegram.org/bot8355167350:AAFHXoKgOR7Ja0NOncn2_9PY0hp3Kn4tNBo/getUpdates "HTTP/1.1 200 OK"
2025-08-30 01:45:50,357 - INFO - show_item cards parsed: 69
2025-08-30 01:45:50,357 - INFO - show_item cards parsed: 69
2025-08-30 01:45:50,370 - INFO - DB upsert (show_item): inserted=0, updated=69
2025-08-30 01:45:50,370 - INFO - DB upsert (show_item): inserted=0, updated=69
2025-08-30 01:45:50,371 - INFO - HTTP Request: POST https://api.telegram.org/bot8355167350:AAFHXoKgOR7Ja0NOncn2_9PY0hp3Kn4tNBo/getUpdates "HTTP/1.1 200 OK"
2025-08-30 01:46:00,447 - INFO - HTTP Request: POST https://api.telegram.org/bot8355167350:AAFHXoKgOR7Ja0NOncn2_9PY0hp3Kn4tNBo/getUpdates "HTTP/1.1 200 OK"
2025-08-30 01:46:10,528 - INFO - HTTP Request: POST https://api.telegram.org/bot8355167350:AAFHXoKgOR7Ja0NOncn2_9PY0hp3Kn4tNBo/getUpdates "HTTP/1.1 200 OK"
2025-08-30 01:46:20,747 - INFO - HTTP Request: POST https://api.telegram.org/bot8355167350:AAFHXoKgOR7Ja0NOncn2_9PY0hp3Kn4tNBo/getUpdates "HTTP/1.1 200 OK"
2025-08-30 01:46:30,815 - INFO - HTTP Request: POST https://api.telegram.org/bot8355167350:AAFHXoKgOR7Ja0NOncn2_9PY0hp3Kn4tNBo/getUpdates "HTTP/1.1 200 OK"
2025-08-30 01:46:40,896 - INFO - HTTP Request: POST https://api.telegram.org/bot8355167350:AAFHXoKgOR7Ja0NOncn2_9PY0hp3Kn4tNBo/getUpdates "HTTP/1.1 200 OK"
2025-08-30 01:46:50,964 - INFO - HTTP Request: POST https://api.telegram.org/bot8355167350:AAFHXoKgOR7Ja0NOncn2_9PY0hp3Kn4tNBo/getUpdates "HTTP/1.1 200 OK"
2025-08-30 01:47:01,031 - INFO - HTTP Request: POST https://api.telegram.org/bot8355167350:AAFHXoKgOR7Ja0NOncn2_9PY0hp3Kn4tNBo/getUpdates "HTTP/1.1 200 OK"
2025-08-30 01:47:11,101 - INFO - HTTP Request: POST https://api.telegram.org/bot8355167350:AAFHXoKgOR7Ja0NOncn2_9PY0hp3Kn4tNBo/getUpdates "HTTP/1.1 200 OK"
2025-08-30 01:47:21,171 - INFO - HTTP Request: POST https://api.telegram.org/bot8355167350:AAFHXoKgOR7Ja0NOncn2_9PY0hp3Kn4tNBo/getUpdates "HTTP/1.1 200 OK"
2025-08-30 01:47:31,242 - INFO - HTTP Request: POST https://api.telegram.org/bot8355167350:AAFHXoKgOR7Ja0NOncn2_9PY0hp3Kn4tNBo/getUpdates "HTTP/1.1 200 OK"
2025-08-30 01:47:41,312 - INFO - HTTP Request: POST https://api.telegram.org/bot8355167350:AAFHXoKgOR7Ja0NOncn2_9PY0hp3Kn4tNBo/getUpdates "HTTP/1.1 200 OK"
2025-08-30 01:47:51,386 - INFO - HTTP Request: POST https://api.telegram.org/bot8355167350:AAFHXoKgOR7Ja0NOncn2_9PY0hp3Kn4tNBo/getUpdates "HTTP/1.1 200 OK"
2025-08-30 01:48:01,460 - INFO - HTTP Request: POST https://api.telegram.org/bot8355167350:AAFHXoKgOR7Ja0NOncn2_9PY0hp3Kn4tNBo/getUpdates "HTTP/1.1 200 OK"
2025-08-30 01:48:11,530 - INFO - HTTP Request: POST https://api.telegram.org/bot8355167350:AAFHXoKgOR7Ja0NOncn2_9PY0hp3Kn4tNBo/getUpdates "HTTP/1.1 200 OK"
2025-08-30 01:48:21,598 - INFO - HTTP Request: POST https://api.telegram.org/bot8355167350:AAFHXoKgOR7Ja0NOncn2_9PY0hp3Kn4tNBo/getUpdates "HTTP/1.1 200 OK"
2025-08-30 01:48:31,666 - INFO - HTTP Request: POST https://api.telegram.org/bot8355167350:AAFHXoKgOR7Ja0NOncn2_9PY0hp3Kn4tNBo/getUpdates "HTTP/1.1 200 OK"
2025-08-30 01:48:41,738 - INFO - HTTP Request: POST https://api.telegram.org/bot8355167350:AAFHXoKgOR7Ja0NOncn2_9PY0hp3Kn4tNBo/getUpdates "HTTP/1.1 200 OK"
2025-08-30 01:48:52,667 - INFO - show_item cards parsed: 69
2025-08-30 01:48:52,667 - INFO - show_item cards parsed: 69
2025-08-30 01:48:52,677 - INFO - DB upsert (show_item): inserted=0, updated=69
2025-08-30 01:48:52,677 - INFO - DB upsert (show_item): inserted=0, updated=69
2025-08-30 01:48:52,678 - INFO - HTTP Request: POST https://api.telegram.org/bot8355167350:AAFHXoKgOR7Ja0NOncn2_9PY0hp3Kn4tNBo/getUpdates "HTTP/1.1 200 OK"
2025-08-30 01:49:02,752 - INFO - HTTP Request: POST https://api.telegram.org/bot8355167350:AAFHXoKgOR7Ja0NOncn2_9PY0hp3Kn4tNBo/getUpdates "HTTP/1.1 200 OK"
2025-08-30 01:49:12,822 - INFO - HTTP Request: POST https://api.telegram.org/bot8355167350:AAFHXoKgOR7Ja0NOncn2_9PY0hp3Kn4tNBo/getUpdates "HTTP/1.1 200 OK"
2025-08-30 01:49:22,891 - INFO - HTTP Request: POST https://api.telegram.org/bot8355167350:AAFHXoKgOR7Ja0NOncn2_9PY0hp3Kn4tNBo/getUpdates "HTTP/1.1 200 OK"
2025-08-30 01:49:32,970 - INFO - HTTP Request: POST https://api.telegram.org/bot8355167350:AAFHXoKgOR7Ja0NOncn2_9PY0hp3Kn4tNBo/getUpdates "HTTP/1.1 200 OK"
2025-08-30 01:49:43,043 - INFO - HTTP Request: POST https://api.telegram.org/bot8355167350:AAFHXoKgOR7Ja0NOncn2_9PY0hp3Kn4tNBo/getUpdates "HTTP/1.1 200 OK"
2025-08-30 01:49:53,114 - INFO - HTTP Request: POST https://api.telegram.org/bot8355167350:AAFHXoKgOR7Ja0NOncn2_9PY0hp3Kn4tNBo/getUpdates "HTTP/1.1 200 OK"
2025-08-30 01:50:03,185 - INFO - HTTP Request: POST https://api.telegram.org/bot8355167350:AAFHXoKgOR7Ja0NOncn2_9PY0hp3Kn4tNBo/getUpdates "HTTP/1.1 200 OK"
2025-08-30 01:50:13,253 - INFO - HTTP Request: POST https://api.telegram.org/bot8355167350:AAFHXoKgOR7Ja0NOncn2_9PY0hp3Kn4tNBo/getUpdates "HTTP/1.1 200 OK"
2025-08-30 01:50:23,325 - INFO - HTTP Request: POST https://api.telegram.org/bot8355167350:AAFHXoKgOR7Ja0NOncn2_9PY0hp3Kn4tNBo/getUpdates "HTTP/1.1 200 OK"
2025-08-30 01:50:33,394 - INFO - HTTP Request: POST https://api.telegram.org/bot8355167350:AAFHXoKgOR7Ja0NOncn2_9PY0hp3Kn4tNBo/getUpdates "HTTP/1.1 200 OK"
2025-08-30 01:50:43,462 - INFO - HTTP Request: POST https://api.telegram.org/bot8355167350:AAFHXoKgOR7Ja0NOncn2_9PY0hp3Kn4tNBo/getUpdates "HTTP/1.1 200 OK"
2025-08-30 01:50:53,533 - INFO - HTTP Request: POST https://api.telegram.org/bot8355167350:AAFHXoKgOR7Ja0NOncn2_9PY0hp3Kn4tNBo/getUpdates "HTTP/1.1 200 OK"
2025-08-30 01:51:03,604 - INFO - HTTP Request: POST https://api.telegram.org/bot8355167350:AAFHXoKgOR7Ja0NOncn2_9PY0hp3Kn4tNBo/getUpdates "HTTP/1.1 200 OK"
2025-08-30 01:51:13,672 - INFO - HTTP Request: POST https://api.telegram.org/bot8355167350:AAFHXoKgOR7Ja0NOncn2_9PY0hp3Kn4tNBo/getUpdates "HTTP/1.1 200 OK"
2025-08-30 01:51:23,742 - INFO - HTTP Request: POST https://api.telegram.org/bot8355167350:AAFHXoKgOR7Ja0NOncn2_9PY0hp3Kn4tNBo/getUpdates "HTTP/1.1 200 OK"
2025-08-30 01:51:33,811 - INFO - HTTP Request: POST https://api.telegram.org/bot8355167350:AAFHXoKgOR7Ja0NOncn2_9PY0hp3Kn4tNBo/getUpdates "HTTP/1.1 200 OK"
2025-08-30 01:51:43,878 - INFO - HTTP Request: POST https://api.telegram.org/bot8355167350:AAFHXoKgOR7Ja0NOncn2_9PY0hp3Kn4tNBo/getUpdates "HTTP/1.1 200 OK"
2025-08-30 01:51:55,114 - INFO - show_item cards parsed: 69
2025-08-30 01:51:55,114 - INFO - show_item cards parsed: 69
2025-08-30 01:51:55,128 - INFO - DB upsert (show_item): inserted=0, updated=69
2025-08-30 01:51:55,128 - INFO - DB upsert (show_item): inserted=0, updated=69
2025-08-30 01:51:55,130 - INFO - HTTP Request: POST https://api.telegram.org/bot8355167350:AAFHXoKgOR7Ja0NOncn2_9PY0hp3Kn4tNBo/getUpdates "HTTP/1.1 200 OK"
2025-08-30 01:52:05,197 - INFO - HTTP Request: POST https://api.telegram.org/bot8355167350:AAFHXoKgOR7Ja0NOncn2_9PY0hp3Kn4tNBo/getUpdates "HTTP/1.1 200 OK"
2025-08-30 01:52:15,270 - INFO - HTTP Request: POST https://api.telegram.org/bot8355167350:AAFHXoKgOR7Ja0NOncn2_9PY0hp3Kn4tNBo/getUpdates "HTTP/1.1 200 OK"
2025-08-30 01:52:25,339 - INFO - HTTP Request: POST https://api.telegram.org/bot8355167350:AAFHXoKgOR7Ja0NOncn2_9PY0hp3Kn4tNBo/getUpdates "HTTP/1.1 200 OK"
2025-08-30 01:52:35,413 - INFO - HTTP Request: POST https://api.telegram.org/bot8355167350:AAFHXoKgOR7Ja0NOncn2_9PY0hp3Kn4tNBo/getUpdates "HTTP/1.1 200 OK"
2025-08-30 01:52:45,498 - INFO - HTTP Request: POST https://api.telegram.org/bot8355167350:AAFHXoKgOR7Ja0NOncn2_9PY0hp3Kn4tNBo/getUpdates "HTTP/1.1 200 OK"
2025-08-30 01:52:55,565 - INFO - HTTP Request: POST https://api.telegram.org/bot8355167350:AAFHXoKgOR7Ja0NOncn2_9PY0hp3Kn4tNBo/getUpdates "HTTP/1.1 200 OK"
2025-08-30 01:53:05,923 - INFO - HTTP Request: POST https://api.telegram.org/bot8355167350:AAFHXoKgOR7Ja0NOncn2_9PY0hp3Kn4tNBo/getUpdates "HTTP/1.1 200 OK"
2025-08-30 01:53:15,990 - INFO - HTTP Request: POST https://api.telegram.org/bot8355167350:AAFHXoKgOR7Ja0NOncn2_9PY0hp3Kn4tNBo/getUpdates "HTTP/1.1 200 OK"
2025-08-30 01:53:26,058 - INFO - HTTP Request: POST https://api.telegram.org/bot8355167350:AAFHXoKgOR7Ja0NOncn2_9PY0hp3Kn4tNBo/getUpdates "HTTP/1.1 200 OK"
2025-08-30 01:53:36,127 - INFO - HTTP Request: POST https://api.telegram.org/bot8355167350:AAFHXoKgOR7Ja0NOncn2_9PY0hp3Kn4tNBo/getUpdates "HTTP/1.1 200 OK"
2025-08-30 01:53:46,211 - INFO - HTTP Request: POST https://api.telegram.org/bot8355167350:AAFHXoKgOR7Ja0NOncn2_9PY0hp3Kn4tNBo/getUpdates "HTTP/1.1 200 OK"
2025-08-30 01:53:56,283 - INFO - HTTP Request: POST https://api.telegram.org/bot8355167350:AAFHXoKgOR7Ja0NOncn2_9PY0hp3Kn4tNBo/getUpdates "HTTP/1.1 200 OK"
2025-08-30 01:54:06,350 - INFO - HTTP Request: POST https://api.telegram.org/bot8355167350:AAFHXoKgOR7Ja0NOncn2_9PY0hp3Kn4tNBo/getUpdates "HTTP/1.1 200 OK"
2025-08-30 01:54:16,416 - INFO - HTTP Request: POST https://api.telegram.org/bot8355167350:AAFHXoKgOR7Ja0NOncn2_9PY0hp3Kn4tNBo/getUpdates "HTTP/1.1 200 OK"
2025-08-30 01:54:26,485 - INFO - HTTP Request: POST https://api.telegram.org/bot8355167350:AAFHXoKgOR7Ja0NOncn2_9PY0hp3Kn4tNBo/getUpdates "HTTP/1.1 200 OK"
2025-08-30 01:54:36,565 - INFO - HTTP Request: POST https://api.telegram.org/bot8355167350:AAFHXoKgOR7Ja0NOncn2_9PY0hp3Kn4tNBo/getUpdates "HTTP/1.1 200 OK"
2025-08-30 01:54:46,644 - INFO - HTTP Request: POST https://api.telegram.org/bot8355167350:AAFHXoKgOR7Ja0NOncn2_9PY0hp3Kn4tNBo/getUpdates "HTTP/1.1 200 OK"
2025-08-30 01:54:57,460 - INFO - show_item cards parsed: 69
2025-08-30 01:54:57,460 - INFO - show_item cards parsed: 69
2025-08-30 01:54:57,473 - INFO - DB upsert (show_item): inserted=0, updated=69
2025-08-30 01:54:57,473 - INFO - DB upsert (show_item): inserted=0, updated=69
2025-08-30 01:54:57,475 - INFO - HTTP Request: POST https://api.telegram.org/bot8355167350:AAFHXoKgOR7Ja0NOncn2_9PY0hp3Kn4tNBo/getUpdates "HTTP/1.1 200 OK"
2025-08-30 01:55:07,550 - INFO - HTTP Request: POST https://api.telegram.org/bot8355167350:AAFHXoKgOR7Ja0NOncn2_9PY0hp3Kn4tNBo/getUpdates "HTTP/1.1 200 OK"
2025-08-30 01:55:17,623 - INFO - HTTP Request: POST https://api.telegram.org/bot8355167350:AAFHXoKgOR7Ja0NOncn2_9PY0hp3Kn4tNBo/getUpdates "HTTP/1.1 200 OK"
2025-08-30 01:55:27,694 - INFO - HTTP Request: POST https://api.telegram.org/bot8355167350:AAFHXoKgOR7Ja0NOncn2_9PY0hp3Kn4tNBo/getUpdates "HTTP/1.1 200 OK"
2025-08-30 01:55:37,759 - INFO - HTTP Request: POST https://api.telegram.org/bot8355167350:AAFHXoKgOR7Ja0NOncn2_9PY0hp3Kn4tNBo/getUpdates "HTTP/1.1 200 OK"
2025-08-30 01:55:47,830 - INFO - HTTP Request: POST https://api.telegram.org/bot8355167350:AAFHXoKgOR7Ja0NOncn2_9PY0hp3Kn4tNBo/getUpdates "HTTP/1.1 200 OK"
2025-08-30 01:55:57,903 - INFO - HTTP Request: POST https://api.telegram.org/bot8355167350:AAFHXoKgOR7Ja0NOncn2_9PY0hp3Kn4tNBo/getUpdates "HTTP/1.1 200 OK"
2025-08-30 01:56:07,972 - INFO - HTTP Request: POST https://api.telegram.org/bot8355167350:AAFHXoKgOR7Ja0NOncn2_9PY0hp3Kn4tNBo/getUpdates "HTTP/1.1 200 OK"
2025-08-30 01:56:18,042 - INFO - HTTP Request: POST https://api.telegram.org/bot8355167350:AAFHXoKgOR7Ja0NOncn2_9PY0hp3Kn4tNBo/getUpdates "HTTP/1.1 200 OK"
2025-08-30 01:56:28,112 - INFO - HTTP Request: POST https://api.telegram.org/bot8355167350:AAFHXoKgOR7Ja0NOncn2_9PY0hp3Kn4tNBo/getUpdates "HTTP/1.1 200 OK"
2025-08-30 01:56:38,186 - INFO - HTTP Request: POST https://api.telegram.org/bot8355167350:AAFHXoKgOR7Ja0NOncn2_9PY0hp3Kn4tNBo/getUpdates "HTTP/1.1 200 OK"
2025-08-30 01:56:48,257 - INFO - HTTP Request: POST https://api.telegram.org/bot8355167350:AAFHXoKgOR7Ja0NOncn2_9PY0hp3Kn4tNBo/getUpdates "HTTP/1.1 200 OK"
2025-08-30 01:56:51,266 - INFO - HTTP Request: POST https://api.telegram.org/bot8355167350:AAFHXoKgOR7Ja0NOncn2_9PY0hp3Kn4tNBo/getUpdates "HTTP/1.1 200 OK"
2025-08-30 01:56:51,522 - INFO - HTTP Request: POST https://api.telegram.org/bot8355167350:AAFHXoKgOR7Ja0NOncn2_9PY0hp3Kn4tNBo/answerCallbackQuery "HTTP/1.1 200 OK"
2025-08-30 01:56:51,619 - INFO - HTTP Request: POST https://api.telegram.org/bot8355167350:AAFHXoKgOR7Ja0NOncn2_9PY0hp3Kn4tNBo/editMessageText "HTTP/1.1 200 OK"
2025-08-30 01:57:01,359 - INFO - HTTP Request: POST https://api.telegram.org/bot8355167350:AAFHXoKgOR7Ja0NOncn2_9PY0hp3Kn4tNBo/getUpdates "HTTP/1.1 200 OK"
2025-08-30 01:57:11,437 - INFO - HTTP Request: POST https://api.telegram.org/bot8355167350:AAFHXoKgOR7Ja0NOncn2_9PY0hp3Kn4tNBo/getUpdates "HTTP/1.1 200 OK"
2025-08-30 01:57:17,314 - INFO - HTTP Request: POST https://api.telegram.org/bot8355167350:AAFHXoKgOR7Ja0NOncn2_9PY0hp3Kn4tNBo/getUpdates "HTTP/1.1 200 OK"
2025-08-30 01:57:17,554 - INFO - HTTP Request: POST https://api.telegram.org/bot8355167350:AAFHXoKgOR7Ja0NOncn2_9PY0hp3Kn4tNBo/answerCallbackQuery "HTTP/1.1 200 OK"
2025-08-30 01:57:17,648 - INFO - HTTP Request: POST https://api.telegram.org/bot8355167350:AAFHXoKgOR7Ja0NOncn2_9PY0hp3Kn4tNBo/editMessageText "HTTP/1.1 200 OK"
2025-08-30 01:57:19,707 - INFO - HTTP Request: POST https://api.telegram.org/bot8355167350:AAFHXoKgOR7Ja0NOncn2_9PY0hp3Kn4tNBo/getUpdates "HTTP/1.1 200 OK"
2025-08-30 01:57:19,792 - INFO - HTTP Request: POST https://api.telegram.org/bot8355167350:AAFHXoKgOR7Ja0NOncn2_9PY0hp3Kn4tNBo/answerCallbackQuery "HTTP/1.1 200 OK"
2025-08-30 01:57:19,884 - INFO - HTTP Request: POST https://api.telegram.org/bot8355167350:AAFHXoKgOR7Ja0NOncn2_9PY0hp3Kn4tNBo/editMessageText "HTTP/1.1 200 OK"
2025-08-30 01:57:29,784 - INFO - HTTP Request: POST https://api.telegram.org/bot8355167350:AAFHXoKgOR7Ja0NOncn2_9PY0hp3Kn4tNBo/getUpdates "HTTP/1.1 200 OK"
2025-08-30 01:57:39,859 - INFO - HTTP Request: POST https://api.telegram.org/bot8355167350:AAFHXoKgOR7Ja0NOncn2_9PY0hp3Kn4tNBo/getUpdates "HTTP/1.1 200 OK"
2025-08-30 01:57:49,935 - INFO - HTTP Request: POST https://api.telegram.org/bot8355167350:AAFHXoKgOR7Ja0NOncn2_9PY0hp3Kn4tNBo/getUpdates "HTTP/1.1 200 OK"
2025-08-30 01:57:59,837 - INFO - show_item cards parsed: 69
2025-08-30 01:57:59,837 - INFO - show_item cards parsed: 69
2025-08-30 01:57:59,847 - INFO - DB upsert (show_item): inserted=0, updated=69
2025-08-30 01:57:59,847 - INFO - DB upsert (show_item): inserted=0, updated=69
2025-08-30 01:58:00,006 - INFO - HTTP Request: POST https://api.telegram.org/bot8355167350:AAFHXoKgOR7Ja0NOncn2_9PY0hp3Kn4tNBo/getUpdates "HTTP/1.1 200 OK"
2025-08-30 01:58:10,081 - INFO - HTTP Request: POST https://api.telegram.org/bot8355167350:AAFHXoKgOR7Ja0NOncn2_9PY0hp3Kn4tNBo/getUpdates "HTTP/1.1 200 OK"
2025-08-30 01:58:20,152 - INFO - HTTP Request: POST https://api.telegram.org/bot8355167350:AAFHXoKgOR7Ja0NOncn2_9PY0hp3Kn4tNBo/getUpdates "HTTP/1.1 200 OK"
2025-08-30 01:58:30,242 - INFO - HTTP Request: POST https://api.telegram.org/bot8355167350:AAFHXoKgOR7Ja0NOncn2_9PY0hp3Kn4tNBo/getUpdates "HTTP/1.1 200 OK"
2025-08-30 01:58:40,313 - INFO - HTTP Request: POST https://api.telegram.org/bot8355167350:AAFHXoKgOR7Ja0NOncn2_9PY0hp3Kn4tNBo/getUpdates "HTTP/1.1 200 OK"
2025-08-30 01:58:50,380 - INFO - HTTP Request: POST https://api.telegram.org/bot8355167350:AAFHXoKgOR7Ja0NOncn2_9PY0hp3Kn4tNBo/getUpdates "HTTP/1.1 200 OK"
2025-08-30 01:59:00,452 - INFO - HTTP Request: POST https://api.telegram.org/bot8355167350:AAFHXoKgOR7Ja0NOncn2_9PY0hp3Kn4tNBo/getUpdates "HTTP/1.1 200 OK"
2025-08-30 01:59:10,528 - INFO - HTTP Request: POST https://api.telegram.org/bot8355167350:AAFHXoKgOR7Ja0NOncn2_9PY0hp3Kn4tNBo/getUpdates "HTTP/1.1 200 OK"
2025-08-30 01:59:20,603 - INFO - HTTP Request: POST https://api.telegram.org/bot8355167350:AAFHXoKgOR7Ja0NOncn2_9PY0hp3Kn4tNBo/getUpdates "HTTP/1.1 200 OK"
2025-08-30 01:59:30,684 - INFO - HTTP Request: POST https://api.telegram.org/bot8355167350:AAFHXoKgOR7Ja0NOncn2_9PY0hp3Kn4tNBo/getUpdates "HTTP/1.1 200 OK"
2025-08-30 01:59:40,751 - INFO - HTTP Request: POST https://api.telegram.org/bot8355167350:AAFHXoKgOR7Ja0NOncn2_9PY0hp3Kn4tNBo/getUpdates "HTTP/1.1 200 OK"
2025-08-30 01:59:50,818 - INFO - HTTP Request: POST https://api.telegram.org/bot8355167350:AAFHXoKgOR7Ja0NOncn2_9PY0hp3Kn4tNBo/getUpdates "HTTP/1.1 200 OK"
2025-08-30 02:00:00,891 - INFO - HTTP Request: POST https://api.telegram.org/bot8355167350:AAFHXoKgOR7Ja0NOncn2_9PY0hp3Kn4tNBo/getUpdates "HTTP/1.1 200 OK"
2025-08-30 02:00:10,962 - INFO - HTTP Request: POST https://api.telegram.org/bot8355167350:AAFHXoKgOR7Ja0NOncn2_9PY0hp3Kn4tNBo/getUpdates "HTTP/1.1 200 OK"
2025-08-30 02:00:21,045 - INFO - HTTP Request: POST https://api.telegram.org/bot8355167350:AAFHXoKgOR7Ja0NOncn2_9PY0hp3Kn4tNBo/getUpdates "HTTP/1.1 200 OK"
2025-08-30 02:00:31,119 - INFO - HTTP Request: POST https://api.telegram.org/bot8355167350:AAFHXoKgOR7Ja0NOncn2_9PY0hp3Kn4tNBo/getUpdates "HTTP/1.1 200 OK"
2025-08-30 02:00:41,197 - INFO - HTTP Request: POST https://api.telegram.org/bot8355167350:AAFHXoKgOR7Ja0NOncn2_9PY0hp3Kn4tNBo/getUpdates "HTTP/1.1 200 OK"
2025-08-30 02:00:51,265 - INFO - HTTP Request: POST https://api.telegram.org/bot8355167350:AAFHXoKgOR7Ja0NOncn2_9PY0hp3Kn4tNBo/getUpdates "HTTP/1.1 200 OK"
2025-08-30 02:01:02,262 - INFO - show_item cards parsed: 69
2025-08-30 02:01:02,262 - INFO - show_item cards parsed: 69
2025-08-30 02:01:02,279 - INFO - DB upsert (show_item): inserted=0, updated=69
2025-08-30 02:01:02,279 - INFO - DB upsert (show_item): inserted=0, updated=69
2025-08-30 02:01:02,281 - INFO - HTTP Request: POST https://api.telegram.org/bot8355167350:AAFHXoKgOR7Ja0NOncn2_9PY0hp3Kn4tNBo/getUpdates "HTTP/1.1 200 OK"
2025-08-30 02:01:12,346 - INFO - HTTP Request: POST https://api.telegram.org/bot8355167350:AAFHXoKgOR7Ja0NOncn2_9PY0hp3Kn4tNBo/getUpdates "HTTP/1.1 200 OK"
2025-08-30 02:01:22,422 - INFO - HTTP Request: POST https://api.telegram.org/bot8355167350:AAFHXoKgOR7Ja0NOncn2_9PY0hp3Kn4tNBo/getUpdates "HTTP/1.1 200 OK"
2025-08-30 02:01:32,489 - INFO - HTTP Request: POST https://api.telegram.org/bot8355167350:AAFHXoKgOR7Ja0NOncn2_9PY0hp3Kn4tNBo/getUpdates "HTTP/1.1 200 OK"
2025-08-30 02:01:42,558 - INFO - HTTP Request: POST https://api.telegram.org/bot8355167350:AAFHXoKgOR7Ja0NOncn2_9PY0hp3Kn4tNBo/getUpdates "HTTP/1.1 200 OK"
2025-08-30 02:01:52,636 - INFO - HTTP Request: POST https://api.telegram.org/bot8355167350:AAFHXoKgOR7Ja0NOncn2_9PY0hp3Kn4tNBo/getUpdates "HTTP/1.1 200 OK"
2025-08-30 02:02:02,715 - INFO - HTTP Request: POST https://api.telegram.org/bot8355167350:AAFHXoKgOR7Ja0NOncn2_9PY0hp3Kn4tNBo/getUpdates "HTTP/1.1 200 OK"
2025-08-30 02:02:12,790 - INFO - HTTP Request: POST https://api.telegram.org/bot8355167350:AAFHXoKgOR7Ja0NOncn2_9PY0hp3Kn4tNBo/getUpdates "HTTP/1.1 200 OK"
2025-08-30 02:02:22,864 - INFO - HTTP Request: POST https://api.telegram.org/bot8355167350:AAFHXoKgOR7Ja0NOncn2_9PY0hp3Kn4tNBo/getUpdates "HTTP/1.1 200 OK"
2025-08-30 02:02:32,936 - INFO - HTTP Request: POST https://api.telegram.org/bot8355167350:AAFHXoKgOR7Ja0NOncn2_9PY0hp3Kn4tNBo/getUpdates "HTTP/1.1 200 OK"
2025-08-30 02:02:43,004 - INFO - HTTP Request: POST https://api.telegram.org/bot8355167350:AAFHXoKgOR7Ja0NOncn2_9PY0hp3Kn4tNBo/getUpdates "HTTP/1.1 200 OK"
2025-08-30 02:02:53,243 - INFO - HTTP Request: POST https://api.telegram.org/bot8355167350:AAFHXoKgOR7Ja0NOncn2_9PY0hp3Kn4tNBo/getUpdates "HTTP/1.1 200 OK"
2025-08-30 02:03:03,318 - INFO - HTTP Request: POST https://api.telegram.org/bot8355167350:AAFHXoKgOR7Ja0NOncn2_9PY0hp3Kn4tNBo/getUpdates "HTTP/1.1 200 OK"
2025-08-30 02:03:13,394 - INFO - HTTP Request: POST https://api.telegram.org/bot8355167350:AAFHXoKgOR7Ja0NOncn2_9PY0hp3Kn4tNBo/getUpdates "HTTP/1.1 200 OK"
2025-08-30 02:03:23,473 - INFO - HTTP Request: POST https://api.telegram.org/bot8355167350:AAFHXoKgOR7Ja0NOncn2_9PY0hp3Kn4tNBo/getUpdates "HTTP/1.1 200 OK"
2025-08-30 02:03:33,550 - INFO - HTTP Request: POST https://api.telegram.org/bot8355167350:AAFHXoKgOR7Ja0NOncn2_9PY0hp3Kn4tNBo/getUpdates "HTTP/1.1 200 OK"
2025-08-30 02:03:43,621 - INFO - HTTP Request: POST https://api.telegram.org/bot8355167350:AAFHXoKgOR7Ja0NOncn2_9PY0hp3Kn4tNBo/getUpdates "HTTP/1.1 200 OK"
2025-08-30 02:03:53,695 - INFO - HTTP Request: POST https://api.telegram.org/bot8355167350:AAFHXoKgOR7Ja0NOncn2_9PY0hp3Kn4tNBo/getUpdates "HTTP/1.1 200 OK"
2025-08-30 02:04:04,777 - INFO - show_item cards parsed: 69
2025-08-30 02:04:04,777 - INFO - show_item cards parsed: 69
2025-08-30 02:04:04,790 - INFO - DB upsert (show_item): inserted=0, updated=69
2025-08-30 02:04:04,790 - INFO - DB upsert (show_item): inserted=0, updated=69
2025-08-30 02:04:04,792 - INFO - HTTP Request: POST https://api.telegram.org/bot8355167350:AAFHXoKgOR7Ja0NOncn2_9PY0hp3Kn4tNBo/getUpdates "HTTP/1.1 200 OK"
2025-08-30 02:04:14,864 - INFO - HTTP Request: POST https://api.telegram.org/bot8355167350:AAFHXoKgOR7Ja0NOncn2_9PY0hp3Kn4tNBo/getUpdates "HTTP/1.1 200 OK"
2025-08-30 02:04:24,937 - INFO - HTTP Request: POST https://api.telegram.org/bot8355167350:AAFHXoKgOR7Ja0NOncn2_9PY0hp3Kn4tNBo/getUpdates "HTTP/1.1 200 OK"
2025-08-30 02:04:35,010 - INFO - HTTP Request: POST https://api.telegram.org/bot8355167350:AAFHXoKgOR7Ja0NOncn2_9PY0hp3Kn4tNBo/getUpdates "HTTP/1.1 200 OK"
2025-08-30 02:04:45,081 - INFO - HTTP Request: POST https://api.telegram.org/bot8355167350:AAFHXoKgOR7Ja0NOncn2_9PY0hp3Kn4tNBo/getUpdates "HTTP/1.1 200 OK"
2025-08-30 02:04:55,152 - INFO - HTTP Request: POST https://api.telegram.org/bot8355167350:AAFHXoKgOR7Ja0NOncn2_9PY0hp3Kn4tNBo/getUpdates "HTTP/1.1 200 OK"
2025-08-30 02:05:05,227 - INFO - HTTP Request: POST https://api.telegram.org/bot8355167350:AAFHXoKgOR7Ja0NOncn2_9PY0hp3Kn4tNBo/getUpdates "HTTP/1.1 200 OK"
2025-08-30 02:05:15,311 - INFO - HTTP Request: POST https://api.telegram.org/bot8355167350:AAFHXoKgOR7Ja0NOncn2_9PY0hp3Kn4tNBo/getUpdates "HTTP/1.1 200 OK"
2025-08-30 02:05:25,379 - INFO - HTTP Request: POST https://api.telegram.org/bot8355167350:AAFHXoKgOR7Ja0NOncn2_9PY0hp3Kn4tNBo/getUpdates "HTTP/1.1 200 OK"
2025-08-30 02:05:35,453 - INFO - HTTP Request: POST https://api.telegram.org/bot8355167350:AAFHXoKgOR7Ja0NOncn2_9PY0hp3Kn4tNBo/getUpdates "HTTP/1.1 200 OK"
2025-08-30 02:05:45,528 - INFO - HTTP Request: POST https://api.telegram.org/bot8355167350:AAFHXoKgOR7Ja0NOncn2_9PY0hp3Kn4tNBo/getUpdates "HTTP/1.1 200 OK"
2025-08-30 02:05:55,597 - INFO - HTTP Request: POST https://api.telegram.org/bot8355167350:AAFHXoKgOR7Ja0NOncn2_9PY0hp3Kn4tNBo/getUpdates "HTTP/1.1 200 OK"
2025-08-30 02:06:05,671 - INFO - HTTP Request: POST https://api.telegram.org/bot8355167350:AAFHXoKgOR7Ja0NOncn2_9PY0hp3Kn4tNBo/getUpdates "HTTP/1.1 200 OK"
2025-08-30 02:06:15,743 - INFO - HTTP Request: POST https://api.telegram.org/bot8355167350:AAFHXoKgOR7Ja0NOncn2_9PY0hp3Kn4tNBo/getUpdates "HTTP/1.1 200 OK"
2025-08-30 02:06:25,814 - INFO - HTTP Request: POST https://api.telegram.org/bot8355167350:AAFHXoKgOR7Ja0NOncn2_9PY0hp3Kn4tNBo/getUpdates "HTTP/1.1 200 OK"
2025-08-30 02:06:35,890 - INFO - HTTP Request: POST https://api.telegram.org/bot8355167350:AAFHXoKgOR7Ja0NOncn2_9PY0hp3Kn4tNBo/getUpdates "HTTP/1.1 200 OK"
2025-08-30 02:06:45,975 - INFO - HTTP Request: POST https://api.telegram.org/bot8355167350:AAFHXoKgOR7Ja0NOncn2_9PY0hp3Kn4tNBo/getUpdates "HTTP/1.1 200 OK"
2025-08-30 02:06:56,051 - INFO - HTTP Request: POST https://api.telegram.org/bot8355167350:AAFHXoKgOR7Ja0NOncn2_9PY0hp3Kn4tNBo/getUpdates "HTTP/1.1 200 OK"
2025-08-30 02:07:07,326 - INFO - show_item cards parsed: 69
2025-08-30 02:07:07,326 - INFO - show_item cards parsed: 69
2025-08-30 02:07:07,336 - INFO - DB upsert (show_item): inserted=0, updated=69
2025-08-30 02:07:07,336 - INFO - DB upsert (show_item): inserted=0, updated=69
2025-08-30 02:07:07,338 - INFO - HTTP Request: POST https://api.telegram.org/bot8355167350:AAFHXoKgOR7Ja0NOncn2_9PY0hp3Kn4tNBo/getUpdates "HTTP/1.1 200 OK"
2025-08-30 02:07:17,413 - INFO - HTTP Request: POST https://api.telegram.org/bot8355167350:AAFHXoKgOR7Ja0NOncn2_9PY0hp3Kn4tNBo/getUpdates "HTTP/1.1 200 OK"
2025-08-30 02:07:27,484 - INFO - HTTP Request: POST https://api.telegram.org/bot8355167350:AAFHXoKgOR7Ja0NOncn2_9PY0hp3Kn4tNBo/getUpdates "HTTP/1.1 200 OK"
2025-08-30 02:07:37,573 - INFO - HTTP Request: POST https://api.telegram.org/bot8355167350:AAFHXoKgOR7Ja0NOncn2_9PY0hp3Kn4tNBo/getUpdates "HTTP/1.1 200 OK"
2025-08-30 02:07:47,644 - INFO - HTTP Request: POST https://api.telegram.org/bot8355167350:AAFHXoKgOR7Ja0NOncn2_9PY0hp3Kn4tNBo/getUpdates "HTTP/1.1 200 OK"
2025-08-30 02:07:57,716 - INFO - HTTP Request: POST https://api.telegram.org/bot8355167350:AAFHXoKgOR7Ja0NOncn2_9PY0hp3Kn4tNBo/getUpdates "HTTP/1.1 200 OK"
2025-08-30 02:08:07,789 - INFO - HTTP Request: POST https://api.telegram.org/bot8355167350:AAFHXoKgOR7Ja0NOncn2_9PY0hp3Kn4tNBo/getUpdates "HTTP/1.1 200 OK"
2025-08-30 02:08:17,863 - INFO - HTTP Request: POST https://api.telegram.org/bot8355167350:AAFHXoKgOR7Ja0NOncn2_9PY0hp3Kn4tNBo/getUpdates "HTTP/1.1 200 OK"
2025-08-30 02:08:27,935 - INFO - HTTP Request: POST https://api.telegram.org/bot8355167350:AAFHXoKgOR7Ja0NOncn2_9PY0hp3Kn4tNBo/getUpdates "HTTP/1.1 200 OK"
2025-08-30 02:08:38,006 - INFO - HTTP Request: POST https://api.telegram.org/bot8355167350:AAFHXoKgOR7Ja0NOncn2_9PY0hp3Kn4tNBo/getUpdates "HTTP/1.1 200 OK"
2025-08-30 02:08:48,075 - INFO - HTTP Request: POST https://api.telegram.org/bot8355167350:AAFHXoKgOR7Ja0NOncn2_9PY0hp3Kn4tNBo/getUpdates "HTTP/1.1 200 OK"
2025-08-30 02:08:58,146 - INFO - HTTP Request: POST https://api.telegram.org/bot8355167350:AAFHXoKgOR7Ja0NOncn2_9PY0hp3Kn4tNBo/getUpdates "HTTP/1.1 200 OK"
2025-08-30 02:09:08,219 - INFO - HTTP Request: POST https://api.telegram.org/bot8355167350:AAFHXoKgOR7Ja0NOncn2_9PY0hp3Kn4tNBo/getUpdates "HTTP/1.1 200 OK"
2025-08-30 02:09:18,290 - INFO - HTTP Request: POST https://api.telegram.org/bot8355167350:AAFHXoKgOR7Ja0NOncn2_9PY0hp3Kn4tNBo/getUpdates "HTTP/1.1 200 OK"
2025-08-30 02:09:28,361 - INFO - HTTP Request: POST https://api.telegram.org/bot8355167350:AAFHXoKgOR7Ja0NOncn2_9PY0hp3Kn4tNBo/getUpdates "HTTP/1.1 200 OK"
2025-08-30 02:09:38,434 - INFO - HTTP Request: POST https://api.telegram.org/bot8355167350:AAFHXoKgOR7Ja0NOncn2_9PY0hp3Kn4tNBo/getUpdates "HTTP/1.1 200 OK"
2025-08-30 02:09:48,505 - INFO - HTTP Request: POST https://api.telegram.org/bot8355167350:AAFHXoKgOR7Ja0NOncn2_9PY0hp3Kn4tNBo/getUpdates "HTTP/1.1 200 OK"
2025-08-30 02:09:58,576 - INFO - HTTP Request: POST https://api.telegram.org/bot8355167350:AAFHXoKgOR7Ja0NOncn2_9PY0hp3Kn4tNBo/getUpdates "HTTP/1.1 200 OK"
2025-08-30 02:10:09,716 - INFO - show_item cards parsed: 69
2025-08-30 02:10:09,716 - INFO - show_item cards parsed: 69
2025-08-30 02:10:09,727 - INFO - DB upsert (show_item): inserted=0, updated=69
2025-08-30 02:10:09,727 - INFO - DB upsert (show_item): inserted=0, updated=69
2025-08-30 02:10:09,728 - INFO - HTTP Request: POST https://api.telegram.org/bot8355167350:AAFHXoKgOR7Ja0NOncn2_9PY0hp3Kn4tNBo/getUpdates "HTTP/1.1 200 OK"
2025-08-30 02:10:19,802 - INFO - HTTP Request: POST https://api.telegram.org/bot8355167350:AAFHXoKgOR7Ja0NOncn2_9PY0hp3Kn4tNBo/getUpdates "HTTP/1.1 200 OK"
2025-08-30 02:10:29,884 - INFO - HTTP Request: POST https://api.telegram.org/bot8355167350:AAFHXoKgOR7Ja0NOncn2_9PY0hp3Kn4tNBo/getUpdates "HTTP/1.1 200 OK"
2025-08-30 02:10:39,958 - INFO - HTTP Request: POST https://api.telegram.org/bot8355167350:AAFHXoKgOR7Ja0NOncn2_9PY0hp3Kn4tNBo/getUpdates "HTTP/1.1 200 OK"
2025-08-30 02:10:50,038 - INFO - HTTP Request: POST https://api.telegram.org/bot8355167350:AAFHXoKgOR7Ja0NOncn2_9PY0hp3Kn4tNBo/getUpdates "HTTP/1.1 200 OK"
2025-08-30 02:11:00,112 - INFO - HTTP Request: POST https://api.telegram.org/bot8355167350:AAFHXoKgOR7Ja0NOncn2_9PY0hp3Kn4tNBo/getUpdates "HTTP/1.1 200 OK"
2025-08-30 02:11:10,187 - INFO - HTTP Request: POST https://api.telegram.org/bot8355167350:AAFHXoKgOR7Ja0NOncn2_9PY0hp3Kn4tNBo/getUpdates "HTTP/1.1 200 OK"
2025-08-30 02:11:20,263 - INFO - HTTP Request: POST https://api.telegram.org/bot8355167350:AAFHXoKgOR7Ja0NOncn2_9PY0hp3Kn4tNBo/getUpdates "HTTP/1.1 200 OK"
2025-08-30 02:11:30,337 - INFO - HTTP Request: POST https://api.telegram.org/bot8355167350:AAFHXoKgOR7Ja0NOncn2_9PY0hp3Kn4tNBo/getUpdates "HTTP/1.1 200 OK"
2025-08-30 02:11:40,418 - INFO - HTTP Request: POST https://api.telegram.org/bot8355167350:AAFHXoKgOR7Ja0NOncn2_9PY0hp3Kn4tNBo/getUpdates "HTTP/1.1 200 OK"
2025-08-30 02:11:50,494 - INFO - HTTP Request: POST https://api.telegram.org/bot8355167350:AAFHXoKgOR7Ja0NOncn2_9PY0hp3Kn4tNBo/getUpdates "HTTP/1.1 200 OK"
2025-08-30 02:12:00,574 - INFO - HTTP Request: POST https://api.telegram.org/bot8355167350:AAFHXoKgOR7Ja0NOncn2_9PY0hp3Kn4tNBo/getUpdates "HTTP/1.1 200 OK"
2025-08-30 02:12:10,662 - INFO - HTTP Request: POST https://api.telegram.org/bot8355167350:AAFHXoKgOR7Ja0NOncn2_9PY0hp3Kn4tNBo/getUpdates "HTTP/1.1 200 OK"
2025-08-30 02:12:20,743 - INFO - HTTP Request: POST https://api.telegram.org/bot8355167350:AAFHXoKgOR7Ja0NOncn2_9PY0hp3Kn4tNBo/getUpdates "HTTP/1.1 200 OK"
2025-08-30 02:12:30,819 - INFO - HTTP Request: POST https://api.telegram.org/bot8355167350:AAFHXoKgOR7Ja0NOncn2_9PY0hp3Kn4tNBo/getUpdates "HTTP/1.1 200 OK"
2025-08-30 02:12:40,889 - INFO - HTTP Request: POST https://api.telegram.org/bot8355167350:AAFHXoKgOR7Ja0NOncn2_9PY0hp3Kn4tNBo/getUpdates "HTTP/1.1 200 OK"
2025-08-30 02:12:50,960 - INFO - HTTP Request: POST https://api.telegram.org/bot8355167350:AAFHXoKgOR7Ja0NOncn2_9PY0hp3Kn4tNBo/getUpdates "HTTP/1.1 200 OK"
2025-08-30 02:13:01,031 - INFO - HTTP Request: POST https://api.telegram.org/bot8355167350:AAFHXoKgOR7Ja0NOncn2_9PY0hp3Kn4tNBo/getUpdates "HTTP/1.1 200 OK"
2025-08-30 02:13:12,151 - INFO - show_item cards parsed: 69
2025-08-30 02:13:12,151 - INFO - show_item cards parsed: 69
2025-08-30 02:13:12,164 - INFO - DB upsert (show_item): inserted=0, updated=69
2025-08-30 02:13:12,164 - INFO - DB upsert (show_item): inserted=0, updated=69
2025-08-30 02:13:12,165 - INFO - HTTP Request: POST https://api.telegram.org/bot8355167350:AAFHXoKgOR7Ja0NOncn2_9PY0hp3Kn4tNBo/getUpdates "HTTP/1.1 200 OK"
2025-08-30 02:13:22,239 - INFO - HTTP Request: POST https://api.telegram.org/bot8355167350:AAFHXoKgOR7Ja0NOncn2_9PY0hp3Kn4tNBo/getUpdates "HTTP/1.1 200 OK"
2025-08-30 02:13:32,322 - INFO - HTTP Request: POST https://api.telegram.org/bot8355167350:AAFHXoKgOR7Ja0NOncn2_9PY0hp3Kn4tNBo/getUpdates "HTTP/1.1 200 OK"
2025-08-30 02:13:42,399 - INFO - HTTP Request: POST https://api.telegram.org/bot8355167350:AAFHXoKgOR7Ja0NOncn2_9PY0hp3Kn4tNBo/getUpdates "HTTP/1.1 200 OK"
2025-08-30 02:13:52,475 - INFO - HTTP Request: POST https://api.telegram.org/bot8355167350:AAFHXoKgOR7Ja0NOncn2_9PY0hp3Kn4tNBo/getUpdates "HTTP/1.1 200 OK"
2025-08-30 02:14:02,550 - INFO - HTTP Request: POST https://api.telegram.org/bot8355167350:AAFHXoKgOR7Ja0NOncn2_9PY0hp3Kn4tNBo/getUpdates "HTTP/1.1 200 OK"
2025-08-30 02:14:12,627 - INFO - HTTP Request: POST https://api.telegram.org/bot8355167350:AAFHXoKgOR7Ja0NOncn2_9PY0hp3Kn4tNBo/getUpdates "HTTP/1.1 200 OK"
2025-08-30 02:14:22,719 - INFO - HTTP Request: POST https://api.telegram.org/bot8355167350:AAFHXoKgOR7Ja0NOncn2_9PY0hp3Kn4tNBo/getUpdates "HTTP/1.1 200 OK"
2025-08-30 02:14:32,791 - INFO - HTTP Request: POST https://api.telegram.org/bot8355167350:AAFHXoKgOR7Ja0NOncn2_9PY0hp3Kn4tNBo/getUpdates "HTTP/1.1 200 OK"
2025-08-30 02:14:42,865 - INFO - HTTP Request: POST https://api.telegram.org/bot8355167350:AAFHXoKgOR7Ja0NOncn2_9PY0hp3Kn4tNBo/getUpdates "HTTP/1.1 200 OK"
2025-08-30 02:14:52,934 - INFO - HTTP Request: POST https://api.telegram.org/bot8355167350:AAFHXoKgOR7Ja0NOncn2_9PY0hp3Kn4tNBo/getUpdates "HTTP/1.1 200 OK"
2025-08-30 02:15:03,007 - INFO - HTTP Request: POST https://api.telegram.org/bot8355167350:AAFHXoKgOR7Ja0NOncn2_9PY0hp3Kn4tNBo/getUpdates "HTTP/1.1 200 OK"
2025-08-30 02:15:13,078 - INFO - HTTP Request: POST https://api.telegram.org/bot8355167350:AAFHXoKgOR7Ja0NOncn2_9PY0hp3Kn4tNBo/getUpdates "HTTP/1.1 200 OK"
2025-08-30 02:15:23,152 - INFO - HTTP Request: POST https://api.telegram.org/bot8355167350:AAFHXoKgOR7Ja0NOncn2_9PY0hp3Kn4tNBo/getUpdates "HTTP/1.1 200 OK"
2025-08-30 02:15:33,226 - INFO - HTTP Request: POST https://api.telegram.org/bot8355167350:AAFHXoKgOR7Ja0NOncn2_9PY0hp3Kn4tNBo/getUpdates "HTTP/1.1 200 OK"
2025-08-30 02:15:43,299 - INFO - HTTP Request: POST https://api.telegram.org/bot8355167350:AAFHXoKgOR7Ja0NOncn2_9PY0hp3Kn4tNBo/getUpdates "HTTP/1.1 200 OK"
2025-08-30 02:15:53,375 - INFO - HTTP Request: POST https://api.telegram.org/bot8355167350:AAFHXoKgOR7Ja0NOncn2_9PY0hp3Kn4tNBo/getUpdates "HTTP/1.1 200 OK"
2025-08-30 02:16:03,460 - INFO - HTTP Request: POST https://api.telegram.org/bot8355167350:AAFHXoKgOR7Ja0NOncn2_9PY0hp3Kn4tNBo/getUpdates "HTTP/1.1 200 OK"
2025-08-30 02:16:15,241 - INFO - show_item cards parsed: 96
2025-08-30 02:16:15,241 - INFO - show_item cards parsed: 96
2025-08-30 02:16:15,260 - INFO - DB upsert (show_item): inserted=24, updated=72
2025-08-30 02:16:15,260 - INFO - DB upsert (show_item): inserted=24, updated=72
2025-08-30 02:16:15,262 - INFO - HTTP Request: POST https://api.telegram.org/bot8355167350:AAFHXoKgOR7Ja0NOncn2_9PY0hp3Kn4tNBo/getUpdates "HTTP/1.1 200 OK"
2025-08-30 02:16:25,339 - INFO - HTTP Request: POST https://api.telegram.org/bot8355167350:AAFHXoKgOR7Ja0NOncn2_9PY0hp3Kn4tNBo/getUpdates "HTTP/1.1 200 OK"
2025-08-30 02:16:35,424 - INFO - HTTP Request: POST https://api.telegram.org/bot8355167350:AAFHXoKgOR7Ja0NOncn2_9PY0hp3Kn4tNBo/getUpdates "HTTP/1.1 200 OK"
2025-08-30 02:16:45,497 - INFO - HTTP Request: POST https://api.telegram.org/bot8355167350:AAFHXoKgOR7Ja0NOncn2_9PY0hp3Kn4tNBo/getUpdates "HTTP/1.1 200 OK"
2025-08-30 02:16:55,557 - INFO - HTTP Request: POST https://api.telegram.org/bot8355167350:AAFHXoKgOR7Ja0NOncn2_9PY0hp3Kn4tNBo/getUpdates "HTTP/1.1 200 OK"
2025-08-30 02:17:05,620 - INFO - HTTP Request: POST https://api.telegram.org/bot8355167350:AAFHXoKgOR7Ja0NOncn2_9PY0hp3Kn4tNBo/getUpdates "HTTP/1.1 200 OK"
2025-08-30 02:17:15,683 - INFO - HTTP Request: POST https://api.telegram.org/bot8355167350:AAFHXoKgOR7Ja0NOncn2_9PY0hp3Kn4tNBo/getUpdates "HTTP/1.1 200 OK"
2025-08-30 02:17:25,751 - INFO - HTTP Request: POST https://api.telegram.org/bot8355167350:AAFHXoKgOR7Ja0NOncn2_9PY0hp3Kn4tNBo/getUpdates "HTTP/1.1 200 OK"
2025-08-30 02:17:35,821 - INFO - HTTP Request: POST https://api.telegram.org/bot8355167350:AAFHXoKgOR7Ja0NOncn2_9PY0hp3Kn4tNBo/getUpdates "HTTP/1.1 200 OK"
2025-08-30 02:17:45,896 - INFO - HTTP Request: POST https://api.telegram.org/bot8355167350:AAFHXoKgOR7Ja0NOncn2_9PY0hp3Kn4tNBo/getUpdates "HTTP/1.1 200 OK"
2025-08-30 02:17:55,967 - INFO - HTTP Request: POST https://api.telegram.org/bot8355167350:AAFHXoKgOR7Ja0NOncn2_9PY0hp3Kn4tNBo/getUpdates "HTTP/1.1 200 OK"
2025-08-30 02:18:06,042 - INFO - HTTP Request: POST https://api.telegram.org/bot8355167350:AAFHXoKgOR7Ja0NOncn2_9PY0hp3Kn4tNBo/getUpdates "HTTP/1.1 200 OK"
2025-08-30 02:18:16,117 - INFO - HTTP Request: POST https://api.telegram.org/bot8355167350:AAFHXoKgOR7Ja0NOncn2_9PY0hp3Kn4tNBo/getUpdates "HTTP/1.1 200 OK"
2025-08-30 02:18:26,187 - INFO - HTTP Request: POST https://api.telegram.org/bot8355167350:AAFHXoKgOR7Ja0NOncn2_9PY0hp3Kn4tNBo/getUpdates "HTTP/1.1 200 OK"
2025-08-30 02:18:36,261 - INFO - HTTP Request: POST https://api.telegram.org/bot8355167350:AAFHXoKgOR7Ja0NOncn2_9PY0hp3Kn4tNBo/getUpdates "HTTP/1.1 200 OK"
2025-08-30 02:18:46,332 - INFO - HTTP Request: POST https://api.telegram.org/bot8355167350:AAFHXoKgOR7Ja0NOncn2_9PY0hp3Kn4tNBo/getUpdates "HTTP/1.1 200 OK"
2025-08-30 02:18:56,416 - INFO - HTTP Request: POST https://api.telegram.org/bot8355167350:AAFHXoKgOR7Ja0NOncn2_9PY0hp3Kn4tNBo/getUpdates "HTTP/1.1 200 OK"
2025-08-30 02:19:06,486 - INFO - HTTP Request: POST https://api.telegram.org/bot8355167350:AAFHXoKgOR7Ja0NOncn2_9PY0hp3Kn4tNBo/getUpdates "HTTP/1.1 200 OK"
2025-08-30 02:19:18,353 - INFO - show_item cards parsed: 96
2025-08-30 02:19:18,353 - INFO - show_item cards parsed: 96
2025-08-30 02:19:18,368 - INFO - DB upsert (show_item): inserted=0, updated=96
2025-08-30 02:19:18,368 - INFO - DB upsert (show_item): inserted=0, updated=96
2025-08-30 02:19:18,369 - INFO - HTTP Request: POST https://api.telegram.org/bot8355167350:AAFHXoKgOR7Ja0NOncn2_9PY0hp3Kn4tNBo/getUpdates "HTTP/1.1 200 OK"
2025-08-30 02:19:28,445 - INFO - HTTP Request: POST https://api.telegram.org/bot8355167350:AAFHXoKgOR7Ja0NOncn2_9PY0hp3Kn4tNBo/getUpdates "HTTP/1.1 200 OK"
2025-08-30 02:19:38,522 - INFO - HTTP Request: POST https://api.telegram.org/bot8355167350:AAFHXoKgOR7Ja0NOncn2_9PY0hp3Kn4tNBo/getUpdates "HTTP/1.1 200 OK"
2025-08-30 02:19:48,759 - INFO - HTTP Request: POST https://api.telegram.org/bot8355167350:AAFHXoKgOR7Ja0NOncn2_9PY0hp3Kn4tNBo/getUpdates "HTTP/1.1 200 OK"
2025-08-30 02:19:58,829 - INFO - HTTP Request: POST https://api.telegram.org/bot8355167350:AAFHXoKgOR7Ja0NOncn2_9PY0hp3Kn4tNBo/getUpdates "HTTP/1.1 200 OK"
2025-08-30 02:20:08,907 - INFO - HTTP Request: POST https://api.telegram.org/bot8355167350:AAFHXoKgOR7Ja0NOncn2_9PY0hp3Kn4tNBo/getUpdates "HTTP/1.1 200 OK"
2025-08-30 02:20:18,984 - INFO - HTTP Request: POST https://api.telegram.org/bot8355167350:AAFHXoKgOR7Ja0NOncn2_9PY0hp3Kn4tNBo/getUpdates "HTTP/1.1 200 OK"
2025-08-30 02:20:29,062 - INFO - HTTP Request: POST https://api.telegram.org/bot8355167350:AAFHXoKgOR7Ja0NOncn2_9PY0hp3Kn4tNBo/getUpdates "HTTP/1.1 200 OK"
2025-08-30 02:20:39,139 - INFO - HTTP Request: POST https://api.telegram.org/bot8355167350:AAFHXoKgOR7Ja0NOncn2_9PY0hp3Kn4tNBo/getUpdates "HTTP/1.1 200 OK"
2025-08-30 02:20:49,216 - INFO - HTTP Request: POST https://api.telegram.org/bot8355167350:AAFHXoKgOR7Ja0NOncn2_9PY0hp3Kn4tNBo/getUpdates "HTTP/1.1 200 OK"
2025-08-30 02:20:59,291 - INFO - HTTP Request: POST https://api.telegram.org/bot8355167350:AAFHXoKgOR7Ja0NOncn2_9PY0hp3Kn4tNBo/getUpdates "HTTP/1.1 200 OK"
2025-08-30 02:21:09,366 - INFO - HTTP Request: POST https://api.telegram.org/bot8355167350:AAFHXoKgOR7Ja0NOncn2_9PY0hp3Kn4tNBo/getUpdates "HTTP/1.1 200 OK"
2025-08-30 02:21:19,442 - INFO - HTTP Request: POST https://api.telegram.org/bot8355167350:AAFHXoKgOR7Ja0NOncn2_9PY0hp3Kn4tNBo/getUpdates "HTTP/1.1 200 OK"
2025-08-30 02:21:29,513 - INFO - HTTP Request: POST https://api.telegram.org/bot8355167350:AAFHXoKgOR7Ja0NOncn2_9PY0hp3Kn4tNBo/getUpdates "HTTP/1.1 200 OK"
2025-08-30 02:21:39,592 - INFO - HTTP Request: POST https://api.telegram.org/bot8355167350:AAFHXoKgOR7Ja0NOncn2_9PY0hp3Kn4tNBo/getUpdates "HTTP/1.1 200 OK"
2025-08-30 02:21:49,669 - INFO - HTTP Request: POST https://api.telegram.org/bot8355167350:AAFHXoKgOR7Ja0NOncn2_9PY0hp3Kn4tNBo/getUpdates "HTTP/1.1 200 OK"
2025-08-30 02:21:59,745 - INFO - HTTP Request: POST https://api.telegram.org/bot8355167350:AAFHXoKgOR7Ja0NOncn2_9PY0hp3Kn4tNBo/getUpdates "HTTP/1.1 200 OK"
2025-08-30 02:22:09,820 - INFO - HTTP Request: POST https://api.telegram.org/bot8355167350:AAFHXoKgOR7Ja0NOncn2_9PY0hp3Kn4tNBo/getUpdates "HTTP/1.1 200 OK"
2025-08-30 02:22:21,447 - INFO - show_item cards parsed: 96
2025-08-30 02:22:21,447 - INFO - show_item cards parsed: 96
2025-08-30 02:22:21,461 - INFO - DB upsert (show_item): inserted=0, updated=96
2025-08-30 02:22:21,461 - INFO - DB upsert (show_item): inserted=0, updated=96
2025-08-30 02:22:21,462 - INFO - HTTP Request: POST https://api.telegram.org/bot8355167350:AAFHXoKgOR7Ja0NOncn2_9PY0hp3Kn4tNBo/getUpdates "HTTP/1.1 200 OK"
2025-08-30 02:22:31,532 - INFO - HTTP Request: POST https://api.telegram.org/bot8355167350:AAFHXoKgOR7Ja0NOncn2_9PY0hp3Kn4tNBo/getUpdates "HTTP/1.1 200 OK"
2025-08-30 02:22:41,604 - INFO - HTTP Request: POST https://api.telegram.org/bot8355167350:AAFHXoKgOR7Ja0NOncn2_9PY0hp3Kn4tNBo/getUpdates "HTTP/1.1 200 OK"
2025-08-30 02:22:51,680 - INFO - HTTP Request: POST https://api.telegram.org/bot8355167350:AAFHXoKgOR7Ja0NOncn2_9PY0hp3Kn4tNBo/getUpdates "HTTP/1.1 200 OK"
2025-08-30 02:23:01,765 - INFO - HTTP Request: POST https://api.telegram.org/bot8355167350:AAFHXoKgOR7Ja0NOncn2_9PY0hp3Kn4tNBo/getUpdates "HTTP/1.1 200 OK"
2025-08-30 02:23:11,840 - INFO - HTTP Request: POST https://api.telegram.org/bot8355167350:AAFHXoKgOR7Ja0NOncn2_9PY0hp3Kn4tNBo/getUpdates "HTTP/1.1 200 OK"
2025-08-30 02:23:21,919 - INFO - HTTP Request: POST https://api.telegram.org/bot8355167350:AAFHXoKgOR7Ja0NOncn2_9PY0hp3Kn4tNBo/getUpdates "HTTP/1.1 200 OK"
2025-08-30 02:23:31,995 - INFO - HTTP Request: POST https://api.telegram.org/bot8355167350:AAFHXoKgOR7Ja0NOncn2_9PY0hp3Kn4tNBo/getUpdates "HTTP/1.1 200 OK"
2025-08-30 02:23:42,072 - INFO - HTTP Request: POST https://api.telegram.org/bot8355167350:AAFHXoKgOR7Ja0NOncn2_9PY0hp3Kn4tNBo/getUpdates "HTTP/1.1 200 OK"
2025-08-30 02:23:52,146 - INFO - HTTP Request: POST https://api.telegram.org/bot8355167350:AAFHXoKgOR7Ja0NOncn2_9PY0hp3Kn4tNBo/getUpdates "HTTP/1.1 200 OK"
2025-08-30 02:24:02,219 - INFO - HTTP Request: POST https://api.telegram.org/bot8355167350:AAFHXoKgOR7Ja0NOncn2_9PY0hp3Kn4tNBo/getUpdates "HTTP/1.1 200 OK"
2025-08-30 02:24:12,302 - INFO - HTTP Request: POST https://api.telegram.org/bot8355167350:AAFHXoKgOR7Ja0NOncn2_9PY0hp3Kn4tNBo/getUpdates "HTTP/1.1 200 OK"
2025-08-30 02:24:22,381 - INFO - HTTP Request: POST https://api.telegram.org/bot8355167350:AAFHXoKgOR7Ja0NOncn2_9PY0hp3Kn4tNBo/getUpdates "HTTP/1.1 200 OK"
2025-08-30 02:24:32,454 - INFO - HTTP Request: POST https://api.telegram.org/bot8355167350:AAFHXoKgOR7Ja0NOncn2_9PY0hp3Kn4tNBo/getUpdates "HTTP/1.1 200 OK"
2025-08-30 02:24:42,525 - INFO - HTTP Request: POST https://api.telegram.org/bot8355167350:AAFHXoKgOR7Ja0NOncn2_9PY0hp3Kn4tNBo/getUpdates "HTTP/1.1 200 OK"
2025-08-30 02:24:52,598 - INFO - HTTP Request: POST https://api.telegram.org/bot8355167350:AAFHXoKgOR7Ja0NOncn2_9PY0hp3Kn4tNBo/getUpdates "HTTP/1.1 200 OK"
2025-08-30 02:25:02,678 - INFO - HTTP Request: POST https://api.telegram.org/bot8355167350:AAFHXoKgOR7Ja0NOncn2_9PY0hp3Kn4tNBo/getUpdates "HTTP/1.1 200 OK"
2025-08-30 02:25:12,751 - INFO - HTTP Request: POST https://api.telegram.org/bot8355167350:AAFHXoKgOR7Ja0NOncn2_9PY0hp3Kn4tNBo/getUpdates "HTTP/1.1 200 OK"
2025-08-30 02:25:24,628 - INFO - show_item cards parsed: 96
2025-08-30 02:25:24,628 - INFO - show_item cards parsed: 96
2025-08-30 02:25:24,644 - INFO - DB upsert (show_item): inserted=0, updated=96
2025-08-30 02:25:24,644 - INFO - DB upsert (show_item): inserted=0, updated=96
2025-08-30 02:25:24,646 - INFO - HTTP Request: POST https://api.telegram.org/bot8355167350:AAFHXoKgOR7Ja0NOncn2_9PY0hp3Kn4tNBo/getUpdates "HTTP/1.1 200 OK"
2025-08-30 02:25:34,739 - INFO - HTTP Request: POST https://api.telegram.org/bot8355167350:AAFHXoKgOR7Ja0NOncn2_9PY0hp3Kn4tNBo/getUpdates "HTTP/1.1 200 OK"
2025-08-30 02:25:44,815 - INFO - HTTP Request: POST https://api.telegram.org/bot8355167350:AAFHXoKgOR7Ja0NOncn2_9PY0hp3Kn4tNBo/getUpdates "HTTP/1.1 200 OK"
2025-08-30 02:25:54,890 - INFO - HTTP Request: POST https://api.telegram.org/bot8355167350:AAFHXoKgOR7Ja0NOncn2_9PY0hp3Kn4tNBo/getUpdates "HTTP/1.1 200 OK"
2025-08-30 02:26:04,966 - INFO - HTTP Request: POST https://api.telegram.org/bot8355167350:AAFHXoKgOR7Ja0NOncn2_9PY0hp3Kn4tNBo/getUpdates "HTTP/1.1 200 OK"
2025-08-30 02:26:15,043 - INFO - HTTP Request: POST https://api.telegram.org/bot8355167350:AAFHXoKgOR7Ja0NOncn2_9PY0hp3Kn4tNBo/getUpdates "HTTP/1.1 200 OK"
2025-08-30 02:26:25,124 - INFO - HTTP Request: POST https://api.telegram.org/bot8355167350:AAFHXoKgOR7Ja0NOncn2_9PY0hp3Kn4tNBo/getUpdates "HTTP/1.1 200 OK"
2025-08-30 02:26:35,201 - INFO - HTTP Request: POST https://api.telegram.org/bot8355167350:AAFHXoKgOR7Ja0NOncn2_9PY0hp3Kn4tNBo/getUpdates "HTTP/1.1 200 OK"
2025-08-30 02:26:45,283 - INFO - HTTP Request: POST https://api.telegram.org/bot8355167350:AAFHXoKgOR7Ja0NOncn2_9PY0hp3Kn4tNBo/getUpdates "HTTP/1.1 200 OK"
2025-08-30 02:26:55,361 - INFO - HTTP Request: POST https://api.telegram.org/bot8355167350:AAFHXoKgOR7Ja0NOncn2_9PY0hp3Kn4tNBo/getUpdates "HTTP/1.1 200 OK"
2025-08-30 02:27:05,436 - INFO - HTTP Request: POST https://api.telegram.org/bot8355167350:AAFHXoKgOR7Ja0NOncn2_9PY0hp3Kn4tNBo/getUpdates "HTTP/1.1 200 OK"
2025-08-30 02:27:15,518 - INFO - HTTP Request: POST https://api.telegram.org/bot8355167350:AAFHXoKgOR7Ja0NOncn2_9PY0hp3Kn4tNBo/getUpdates "HTTP/1.1 200 OK"
2025-08-30 02:27:25,595 - INFO - HTTP Request: POST https://api.telegram.org/bot8355167350:AAFHXoKgOR7Ja0NOncn2_9PY0hp3Kn4tNBo/getUpdates "HTTP/1.1 200 OK"
2025-08-30 02:27:35,671 - INFO - HTTP Request: POST https://api.telegram.org/bot8355167350:AAFHXoKgOR7Ja0NOncn2_9PY0hp3Kn4tNBo/getUpdates "HTTP/1.1 200 OK"
2025-08-30 02:27:45,744 - INFO - HTTP Request: POST https://api.telegram.org/bot8355167350:AAFHXoKgOR7Ja0NOncn2_9PY0hp3Kn4tNBo/getUpdates "HTTP/1.1 200 OK"
2025-08-30 02:27:55,816 - INFO - HTTP Request: POST https://api.telegram.org/bot8355167350:AAFHXoKgOR7Ja0NOncn2_9PY0hp3Kn4tNBo/getUpdates "HTTP/1.1 200 OK"
2025-08-30 02:28:05,892 - INFO - HTTP Request: POST https://api.telegram.org/bot8355167350:AAFHXoKgOR7Ja0NOncn2_9PY0hp3Kn4tNBo/getUpdates "HTTP/1.1 200 OK"
2025-08-30 02:28:15,969 - INFO - HTTP Request: POST https://api.telegram.org/bot8355167350:AAFHXoKgOR7Ja0NOncn2_9PY0hp3Kn4tNBo/getUpdates "HTTP/1.1 200 OK"
2025-08-30 02:28:27,834 - INFO - show_item cards parsed: 108
2025-08-30 02:28:27,834 - INFO - show_item cards parsed: 108
2025-08-30 02:28:27,850 - INFO - DB upsert (show_item): inserted=12, updated=96
2025-08-30 02:28:27,850 - INFO - DB upsert (show_item): inserted=12, updated=96
2025-08-30 02:28:27,851 - INFO - HTTP Request: POST https://api.telegram.org/bot8355167350:AAFHXoKgOR7Ja0NOncn2_9PY0hp3Kn4tNBo/getUpdates "HTTP/1.1 200 OK"
2025-08-30 02:28:37,927 - INFO - HTTP Request: POST https://api.telegram.org/bot8355167350:AAFHXoKgOR7Ja0NOncn2_9PY0hp3Kn4tNBo/getUpdates "HTTP/1.1 200 OK"
2025-08-30 02:28:48,001 - INFO - HTTP Request: POST https://api.telegram.org/bot8355167350:AAFHXoKgOR7Ja0NOncn2_9PY0hp3Kn4tNBo/getUpdates "HTTP/1.1 200 OK"
2025-08-30 02:28:58,076 - INFO - HTTP Request: POST https://api.telegram.org/bot8355167350:AAFHXoKgOR7Ja0NOncn2_9PY0hp3Kn4tNBo/getUpdates "HTTP/1.1 200 OK"
2025-08-30 02:29:08,163 - INFO - HTTP Request: POST https://api.telegram.org/bot8355167350:AAFHXoKgOR7Ja0NOncn2_9PY0hp3Kn4tNBo/getUpdates "HTTP/1.1 200 OK"
2025-08-30 02:29:18,259 - INFO - HTTP Request: POST https://api.telegram.org/bot8355167350:AAFHXoKgOR7Ja0NOncn2_9PY0hp3Kn4tNBo/getUpdates "HTTP/1.1 200 OK"
2025-08-30 02:29:28,334 - INFO - HTTP Request: POST https://api.telegram.org/bot8355167350:AAFHXoKgOR7Ja0NOncn2_9PY0hp3Kn4tNBo/getUpdates "HTTP/1.1 200 OK"
2025-08-30 02:29:38,405 - INFO - HTTP Request: POST https://api.telegram.org/bot8355167350:AAFHXoKgOR7Ja0NOncn2_9PY0hp3Kn4tNBo/getUpdates "HTTP/1.1 200 OK"
