2025-08-31 01:46:11,683 - INFO - ✅ Modules origin OK: {'config': '/Users/yossimantsour/Desktop/tusbot/tustus_2.6/config.py', 'db': '/Users/yossimantsour/Desktop/tusbot/tustus_2.6/db.py', 'handlers': '/Users/yossimantsour/Desktop/tusbot/tustus_2.6/handlers.py', 'logic': '/Users/yossimantsour/Desktop/tusbot/tustus_2.6/logic.py', 'telegram_view': '/Users/yossimantsour/Desktop/tusbot/tustus_2.6/telegram_view.py', 'utils': '/Users/yossimantsour/Desktop/tusbot/tustus_2.6/utils.py'}
2025-08-31 01:46:11,683 - INFO - 📦 VERSION: ?
2025-08-31 01:46:11,686 - INFO - ✅ DB schema ensured
2025-08-31 01:46:11,686 - INFO - 📁 DB path: /Users/yossimantsour/Desktop/tusbot/tustus_2.6/./flights.db
Traceback (most recent call last):
  File "/Users/yossimantsour/Desktop/tusbot/tustus_2.6/app.py", line 91, in <module>
    asyncio.run(main())
    ~~~~~~~~~~~^^^^^^^^
  File "/opt/homebrew/Cellar/python@3.13/3.13.6/Frameworks/Python.framework/Versions/3.13/lib/python3.13/asyncio/runners.py", line 195, in run
    return runner.run(main)
           ~~~~~~~~~~^^^^^^
  File "/opt/homebrew/Cellar/python@3.13/3.13.6/Frameworks/Python.framework/Versions/3.13/lib/python3.13/asyncio/runners.py", line 118, in run
    return self._loop.run_until_complete(task)
           ~~~~~~~~~~~~~~~~~~~~~~~~~~~~~^^^^^^
  File "/opt/homebrew/Cellar/python@3.13/3.13.6/Frameworks/Python.framework/Versions/3.13/lib/python3.13/asyncio/base_events.py", line 725, in run_until_complete
    return future.result()
           ~~~~~~~~~~~~~^^
  File "/Users/yossimantsour/Desktop/tusbot/tustus_2.6/app.py", line 60, in main
    token = _get_token()
  File "/Users/yossimantsour/Desktop/tusbot/tustus_2.6/app.py", line 43, in _get_token
    return os.environ.get("TELEGRAM_BOT_TOKEN_RUNTIME", config.TELEGRAM_BOT_TOKEN)
                                                        ^^^^^^^^^^^^^^^^^^^^^^^^^
AttributeError: module 'config' has no attribute 'TELEGRAM_BOT_TOKEN'
