2025-08-31 01:50:34,547 - INFO - ✅ Modules origin OK: {'config': '/Users/yossimantsour/Desktop/tusbot/tustus_2.6.1/config.py', 'db': '/Users/yossimantsour/Desktop/tusbot/tustus_2.6.1/db.py', 'handlers': '/Users/yossimantsour/Desktop/tusbot/tustus_2.6.1/handlers.py', 'logic': '/Users/yossimantsour/Desktop/tusbot/tustus_2.6.1/logic.py', 'telegram_view': '/Users/yossimantsour/Desktop/tusbot/tustus_2.6.1/telegram_view.py', 'utils': '/Users/yossimantsour/Desktop/tusbot/tustus_2.6.1/utils.py'}
2025-08-31 01:50:34,547 - INFO - 📦 VERSION: ?
2025-08-31 01:50:34,550 - INFO - ✅ DB schema ensured
2025-08-31 01:50:34,550 - INFO - 📁 DB path: /Users/yossimantsour/Desktop/tusbot/tustus_2.6.1/./flights.db
Traceback (most recent call last):
  File "/Users/yossimantsour/Desktop/tusbot/tustus_2.6.1/app.py", line 91, in <module>
    asyncio.run(main())
    ~~~~~~~~~~~^^^^^^^^
  File "/opt/homebrew/Cellar/python@3.13/3.13.6/Frameworks/Python.framework/Versions/3.13/lib/python3.13/asyncio/runners.py", line 195, in run
    return runner.run(main)
           ~~~~~~~~~~^^^^^^
  File "/opt/homebrew/Cellar/python@3.13/3.13.6/Frameworks/Python.framework/Versions/3.13/lib/python3.13/asyncio/runners.py", line 118, in run
    return self._loop.run_until_complete(task)
           ~~~~~~~~~~~~~~~~~~~~~~~~~~~~~^^^^^^
  File "/opt/homebrew/Cellar/python@3.13/3.13.6/Frameworks/Python.framework/Versions/3.13/lib/python3.13/asyncio/base_events.py", line 725, in run_until_complete
    return future.result()
           ~~~~~~~~~~~~~^^
  File "/Users/yossimantsour/Desktop/tusbot/tustus_2.6.1/app.py", line 60, in main
    token = _get_token()
  File "/Users/yossimantsour/Desktop/tusbot/tustus_2.6.1/app.py", line 43, in _get_token
    return os.environ.get("TELEGRAM_BOT_TOKEN_RUNTIME", config.TELEGRAM_BOT_TOKEN)
                                                        ^^^^^^^^^^^^^^^^^^^^^^^^^
AttributeError: module 'config' has no attribute 'TELEGRAM_BOT_TOKEN'
2025-08-31 01:52:19,621 - INFO - ✅ Modules origin OK: {'config': '/Users/yossimantsour/Desktop/tusbot/tustus_2.6.1/config.py', 'db': '/Users/yossimantsour/Desktop/tusbot/tustus_2.6.1/db.py', 'handlers': '/Users/yossimantsour/Desktop/tusbot/tustus_2.6.1/handlers.py', 'logic': '/Users/yossimantsour/Desktop/tusbot/tustus_2.6.1/logic.py', 'telegram_view': '/Users/yossimantsour/Desktop/tusbot/tustus_2.6.1/telegram_view.py', 'utils': '/Users/yossimantsour/Desktop/tusbot/tustus_2.6.1/utils.py'}
2025-08-31 01:52:19,621 - INFO - 📦 VERSION: ?
2025-08-31 01:52:19,623 - INFO - ✅ DB schema ensured
2025-08-31 01:52:19,623 - INFO - 📁 DB path: /Users/yossimantsour/Desktop/tusbot/tustus_2.6.1/./flights.db
2025-08-31 01:52:19,671 - INFO - Adding job tentatively -- it will be properly scheduled when the scheduler starts
2025-08-31 01:52:19,671 - INFO - 🗓️  JobQueue repeating task scheduled (interval=60s)
2025-08-31 01:52:19,871 - INFO - HTTP Request: POST https://api.telegram.org/bot8355167350:AAFHXoKgOR7Ja0NOncn2_9PY0hp3Kn4tNBo/getMe "HTTP/1.1 200 OK"
2025-08-31 01:52:19,872 - INFO - Added job "monitor" to job store "default"
2025-08-31 01:52:19,872 - INFO - Scheduler started
2025-08-31 01:52:19,872 - INFO - Application started
2025-08-31 01:52:19,939 - INFO - HTTP Request: POST https://api.telegram.org/bot8355167350:AAFHXoKgOR7Ja0NOncn2_9PY0hp3Kn4tNBo/deleteWebhook "HTTP/1.1 200 OK"
2025-08-31 01:52:19,941 - INFO - Application started
2025-08-31 01:52:22,673 - INFO - Running job "monitor (trigger: interval[0:01:00], next run at: 2025-08-30 22:53:22 UTC)" (scheduled at 2025-08-30 22:52:22.670519+00:00)
2025-08-31 01:52:22,673 - INFO - monitor_job: tick start
2025-08-31 01:52:22,685 - INFO - monitor_job: tick end
2025-08-31 01:52:22,685 - INFO - Job "monitor (trigger: interval[0:01:00], next run at: 2025-08-30 22:53:22 UTC)" executed successfully
2025-08-31 01:52:30,172 - INFO - HTTP Request: POST https://api.telegram.org/bot8355167350:AAFHXoKgOR7Ja0NOncn2_9PY0hp3Kn4tNBo/getUpdates "HTTP/1.1 200 OK"
2025-08-31 01:52:40,246 - INFO - HTTP Request: POST https://api.telegram.org/bot8355167350:AAFHXoKgOR7Ja0NOncn2_9PY0hp3Kn4tNBo/getUpdates "HTTP/1.1 200 OK"
2025-08-31 01:52:50,318 - INFO - HTTP Request: POST https://api.telegram.org/bot8355167350:AAFHXoKgOR7Ja0NOncn2_9PY0hp3Kn4tNBo/getUpdates "HTTP/1.1 200 OK"
2025-08-31 01:53:00,388 - INFO - HTTP Request: POST https://api.telegram.org/bot8355167350:AAFHXoKgOR7Ja0NOncn2_9PY0hp3Kn4tNBo/getUpdates "HTTP/1.1 200 OK"
2025-08-31 01:53:01,541 - INFO - HTTP Request: POST https://api.telegram.org/bot8355167350:AAFHXoKgOR7Ja0NOncn2_9PY0hp3Kn4tNBo/getUpdates "HTTP/1.1 200 OK"
2025-08-31 01:53:01,862 - INFO - HTTP Request: POST https://api.telegram.org/bot8355167350:AAFHXoKgOR7Ja0NOncn2_9PY0hp3Kn4tNBo/sendMessage "HTTP/1.1 200 OK"
2025-08-31 01:53:08,000 - INFO - HTTP Request: POST https://api.telegram.org/bot8355167350:AAFHXoKgOR7Ja0NOncn2_9PY0hp3Kn4tNBo/getUpdates "HTTP/1.1 200 OK"
2025-08-31 01:53:08,351 - INFO - HTTP Request: POST https://api.telegram.org/bot8355167350:AAFHXoKgOR7Ja0NOncn2_9PY0hp3Kn4tNBo/answerCallbackQuery "HTTP/1.1 200 OK"
2025-08-31 01:53:08,493 - INFO - HTTP Request: POST https://api.telegram.org/bot8355167350:AAFHXoKgOR7Ja0NOncn2_9PY0hp3Kn4tNBo/editMessageText "HTTP/1.1 200 OK"
2025-08-31 01:53:10,509 - INFO - HTTP Request: POST https://api.telegram.org/bot8355167350:AAFHXoKgOR7Ja0NOncn2_9PY0hp3Kn4tNBo/getUpdates "HTTP/1.1 200 OK"
2025-08-31 01:53:10,591 - INFO - HTTP Request: POST https://api.telegram.org/bot8355167350:AAFHXoKgOR7Ja0NOncn2_9PY0hp3Kn4tNBo/answerCallbackQuery "HTTP/1.1 200 OK"
2025-08-31 01:53:10,675 - INFO - HTTP Request: POST https://api.telegram.org/bot8355167350:AAFHXoKgOR7Ja0NOncn2_9PY0hp3Kn4tNBo/editMessageText "HTTP/1.1 400 Bad Request"
2025-08-31 01:53:10,676 - ERROR - No error handlers are registered, logging exception.
Traceback (most recent call last):
  File "/Users/yossimantsour/Desktop/tusbot/tustus_2.6.1/.venv/lib/python3.13/site-packages/telegram/ext/_application.py", line 1335, in process_update
    await coroutine
  File "/Users/yossimantsour/Desktop/tusbot/tustus_2.6.1/.venv/lib/python3.13/site-packages/telegram/ext/_handlers/basehandler.py", line 158, in handle_update
    return await self.callback(update, context)
           ^^^^^^^^^^^^^^^^^^^^^^^^^^^^^^^^^^^^
  File "/Users/yossimantsour/Desktop/tusbot/tustus_2.6.1/handlers.py", line 35, in handle_callback
    await q.edit_message_text("רשימת יעדים מה־DB.", reply_markup=build_main_menu({}))
  File "/Users/yossimantsour/Desktop/tusbot/tustus_2.6.1/.venv/lib/python3.13/site-packages/telegram/_callbackquery.py", line 268, in edit_message_text
    return await self._get_message().edit_text(
           ^^^^^^^^^^^^^^^^^^^^^^^^^^^^^^^^^^^^
    ...<11 lines>...
    )
    ^
  File "/Users/yossimantsour/Desktop/tusbot/tustus_2.6.1/.venv/lib/python3.13/site-packages/telegram/_message.py", line 3659, in edit_text
    return await self.get_bot().edit_message_text(
           ^^^^^^^^^^^^^^^^^^^^^^^^^^^^^^^^^^^^^^^
    ...<15 lines>...
    )
    ^
  File "/Users/yossimantsour/Desktop/tusbot/tustus_2.6.1/.venv/lib/python3.13/site-packages/telegram/ext/_extbot.py", line 1664, in edit_message_text
    return await super().edit_message_text(
           ^^^^^^^^^^^^^^^^^^^^^^^^^^^^^^^^
    ...<15 lines>...
    )
    ^
  File "/Users/yossimantsour/Desktop/tusbot/tustus_2.6.1/.venv/lib/python3.13/site-packages/telegram/_bot.py", line 4047, in edit_message_text
    return await self._send_message(
           ^^^^^^^^^^^^^^^^^^^^^^^^^
    ...<11 lines>...
    )
    ^
  File "/Users/yossimantsour/Desktop/tusbot/tustus_2.6.1/.venv/lib/python3.13/site-packages/telegram/ext/_extbot.py", line 610, in _send_message
    result = await super()._send_message(
             ^^^^^^^^^^^^^^^^^^^^^^^^^^^^
    ...<20 lines>...
    )
    ^
  File "/Users/yossimantsour/Desktop/tusbot/tustus_2.6.1/.venv/lib/python3.13/site-packages/telegram/_bot.py", line 745, in _send_message
    result = await self._post(
             ^^^^^^^^^^^^^^^^^
    ...<7 lines>...
    )
    ^
  File "/Users/yossimantsour/Desktop/tusbot/tustus_2.6.1/.venv/lib/python3.13/site-packages/telegram/_bot.py", line 623, in _post
    return await self._do_post(
           ^^^^^^^^^^^^^^^^^^^^
    ...<6 lines>...
    )
    ^
  File "/Users/yossimantsour/Desktop/tusbot/tustus_2.6.1/.venv/lib/python3.13/site-packages/telegram/ext/_extbot.py", line 355, in _do_post
    return await super()._do_post(
           ^^^^^^^^^^^^^^^^^^^^^^^
    ...<6 lines>...
    )
    ^
  File "/Users/yossimantsour/Desktop/tusbot/tustus_2.6.1/.venv/lib/python3.13/site-packages/telegram/_bot.py", line 652, in _do_post
    result = await request.post(
             ^^^^^^^^^^^^^^^^^^^
    ...<6 lines>...
    )
    ^
  File "/Users/yossimantsour/Desktop/tusbot/tustus_2.6.1/.venv/lib/python3.13/site-packages/telegram/request/_baserequest.py", line 201, in post
    result = await self._request_wrapper(
             ^^^^^^^^^^^^^^^^^^^^^^^^^^^^
    ...<7 lines>...
    )
    ^
  File "/Users/yossimantsour/Desktop/tusbot/tustus_2.6.1/.venv/lib/python3.13/site-packages/telegram/request/_baserequest.py", line 382, in _request_wrapper
    raise BadRequest(message)
telegram.error.BadRequest: Message is not modified: specified new message content and reply markup are exactly the same as a current content and reply markup of the message
2025-08-31 01:53:12,681 - INFO - HTTP Request: POST https://api.telegram.org/bot8355167350:AAFHXoKgOR7Ja0NOncn2_9PY0hp3Kn4tNBo/getUpdates "HTTP/1.1 200 OK"
2025-08-31 01:53:12,778 - INFO - HTTP Request: POST https://api.telegram.org/bot8355167350:AAFHXoKgOR7Ja0NOncn2_9PY0hp3Kn4tNBo/answerCallbackQuery "HTTP/1.1 200 OK"
2025-08-31 01:53:12,867 - INFO - HTTP Request: POST https://api.telegram.org/bot8355167350:AAFHXoKgOR7Ja0NOncn2_9PY0hp3Kn4tNBo/editMessageText "HTTP/1.1 200 OK"
2025-08-31 01:53:15,882 - INFO - HTTP Request: POST https://api.telegram.org/bot8355167350:AAFHXoKgOR7Ja0NOncn2_9PY0hp3Kn4tNBo/getUpdates "HTTP/1.1 200 OK"
2025-08-31 01:53:15,970 - INFO - HTTP Request: POST https://api.telegram.org/bot8355167350:AAFHXoKgOR7Ja0NOncn2_9PY0hp3Kn4tNBo/answerCallbackQuery "HTTP/1.1 200 OK"
2025-08-31 01:53:16,065 - INFO - HTTP Request: POST https://api.telegram.org/bot8355167350:AAFHXoKgOR7Ja0NOncn2_9PY0hp3Kn4tNBo/editMessageText "HTTP/1.1 200 OK"
2025-08-31 01:53:17,431 - INFO - HTTP Request: POST https://api.telegram.org/bot8355167350:AAFHXoKgOR7Ja0NOncn2_9PY0hp3Kn4tNBo/getUpdates "HTTP/1.1 200 OK"
2025-08-31 01:53:17,514 - INFO - HTTP Request: POST https://api.telegram.org/bot8355167350:AAFHXoKgOR7Ja0NOncn2_9PY0hp3Kn4tNBo/answerCallbackQuery "HTTP/1.1 200 OK"
2025-08-31 01:53:17,603 - INFO - HTTP Request: POST https://api.telegram.org/bot8355167350:AAFHXoKgOR7Ja0NOncn2_9PY0hp3Kn4tNBo/editMessageText "HTTP/1.1 200 OK"
2025-08-31 01:53:19,298 - INFO - HTTP Request: POST https://api.telegram.org/bot8355167350:AAFHXoKgOR7Ja0NOncn2_9PY0hp3Kn4tNBo/getUpdates "HTTP/1.1 200 OK"
2025-08-31 01:53:19,387 - INFO - HTTP Request: POST https://api.telegram.org/bot8355167350:AAFHXoKgOR7Ja0NOncn2_9PY0hp3Kn4tNBo/answerCallbackQuery "HTTP/1.1 200 OK"
2025-08-31 01:53:19,484 - INFO - HTTP Request: POST https://api.telegram.org/bot8355167350:AAFHXoKgOR7Ja0NOncn2_9PY0hp3Kn4tNBo/editMessageText "HTTP/1.1 200 OK"
2025-08-31 01:53:20,567 - INFO - HTTP Request: POST https://api.telegram.org/bot8355167350:AAFHXoKgOR7Ja0NOncn2_9PY0hp3Kn4tNBo/getUpdates "HTTP/1.1 200 OK"
2025-08-31 01:53:20,653 - INFO - HTTP Request: POST https://api.telegram.org/bot8355167350:AAFHXoKgOR7Ja0NOncn2_9PY0hp3Kn4tNBo/answerCallbackQuery "HTTP/1.1 200 OK"
2025-08-31 01:53:20,750 - INFO - HTTP Request: POST https://api.telegram.org/bot8355167350:AAFHXoKgOR7Ja0NOncn2_9PY0hp3Kn4tNBo/editMessageText "HTTP/1.1 200 OK"
2025-08-31 01:53:22,673 - INFO - Running job "monitor (trigger: interval[0:01:00], next run at: 2025-08-30 22:54:22 UTC)" (scheduled at 2025-08-30 22:53:22.670519+00:00)
2025-08-31 01:53:22,674 - INFO - monitor_job: tick start
2025-08-31 01:53:22,684 - INFO - monitor_job: tick end
2025-08-31 01:53:22,685 - INFO - Job "monitor (trigger: interval[0:01:00], next run at: 2025-08-30 22:54:22 UTC)" executed successfully
2025-08-31 01:53:30,647 - INFO - HTTP Request: POST https://api.telegram.org/bot8355167350:AAFHXoKgOR7Ja0NOncn2_9PY0hp3Kn4tNBo/getUpdates "HTTP/1.1 200 OK"
2025-08-31 01:53:40,723 - INFO - HTTP Request: POST https://api.telegram.org/bot8355167350:AAFHXoKgOR7Ja0NOncn2_9PY0hp3Kn4tNBo/getUpdates "HTTP/1.1 200 OK"
2025-08-31 01:53:50,800 - INFO - HTTP Request: POST https://api.telegram.org/bot8355167350:AAFHXoKgOR7Ja0NOncn2_9PY0hp3Kn4tNBo/getUpdates "HTTP/1.1 200 OK"
2025-08-31 01:54:00,882 - INFO - HTTP Request: POST https://api.telegram.org/bot8355167350:AAFHXoKgOR7Ja0NOncn2_9PY0hp3Kn4tNBo/getUpdates "HTTP/1.1 200 OK"
2025-08-31 01:54:10,960 - INFO - HTTP Request: POST https://api.telegram.org/bot8355167350:AAFHXoKgOR7Ja0NOncn2_9PY0hp3Kn4tNBo/getUpdates "HTTP/1.1 200 OK"
2025-08-31 01:54:21,039 - INFO - HTTP Request: POST https://api.telegram.org/bot8355167350:AAFHXoKgOR7Ja0NOncn2_9PY0hp3Kn4tNBo/getUpdates "HTTP/1.1 200 OK"
2025-08-31 01:54:22,672 - INFO - Running job "monitor (trigger: interval[0:01:00], next run at: 2025-08-30 22:55:22 UTC)" (scheduled at 2025-08-30 22:54:22.670519+00:00)
2025-08-31 01:54:22,673 - INFO - monitor_job: tick start
2025-08-31 01:54:22,684 - INFO - monitor_job: tick end
2025-08-31 01:54:22,685 - INFO - Job "monitor (trigger: interval[0:01:00], next run at: 2025-08-30 22:55:22 UTC)" executed successfully
2025-08-31 01:54:31,115 - INFO - HTTP Request: POST https://api.telegram.org/bot8355167350:AAFHXoKgOR7Ja0NOncn2_9PY0hp3Kn4tNBo/getUpdates "HTTP/1.1 200 OK"
2025-08-31 01:54:41,194 - INFO - HTTP Request: POST https://api.telegram.org/bot8355167350:AAFHXoKgOR7Ja0NOncn2_9PY0hp3Kn4tNBo/getUpdates "HTTP/1.1 200 OK"
2025-08-31 01:54:51,273 - INFO - HTTP Request: POST https://api.telegram.org/bot8355167350:AAFHXoKgOR7Ja0NOncn2_9PY0hp3Kn4tNBo/getUpdates "HTTP/1.1 200 OK"
2025-08-31 01:55:01,350 - INFO - HTTP Request: POST https://api.telegram.org/bot8355167350:AAFHXoKgOR7Ja0NOncn2_9PY0hp3Kn4tNBo/getUpdates "HTTP/1.1 200 OK"
2025-08-31 01:55:11,430 - INFO - HTTP Request: POST https://api.telegram.org/bot8355167350:AAFHXoKgOR7Ja0NOncn2_9PY0hp3Kn4tNBo/getUpdates "HTTP/1.1 200 OK"
2025-08-31 01:55:21,506 - INFO - HTTP Request: POST https://api.telegram.org/bot8355167350:AAFHXoKgOR7Ja0NOncn2_9PY0hp3Kn4tNBo/getUpdates "HTTP/1.1 200 OK"
2025-08-31 01:55:22,671 - INFO - Running job "monitor (trigger: interval[0:01:00], next run at: 2025-08-30 22:56:22 UTC)" (scheduled at 2025-08-30 22:55:22.670519+00:00)
2025-08-31 01:55:22,672 - INFO - monitor_job: tick start
2025-08-31 01:55:22,683 - INFO - monitor_job: tick end
2025-08-31 01:55:22,683 - INFO - Job "monitor (trigger: interval[0:01:00], next run at: 2025-08-30 22:56:22 UTC)" executed successfully
2025-08-31 01:55:31,583 - INFO - HTTP Request: POST https://api.telegram.org/bot8355167350:AAFHXoKgOR7Ja0NOncn2_9PY0hp3Kn4tNBo/getUpdates "HTTP/1.1 200 OK"
2025-08-31 01:55:41,662 - INFO - HTTP Request: POST https://api.telegram.org/bot8355167350:AAFHXoKgOR7Ja0NOncn2_9PY0hp3Kn4tNBo/getUpdates "HTTP/1.1 200 OK"
2025-08-31 01:55:51,737 - INFO - HTTP Request: POST https://api.telegram.org/bot8355167350:AAFHXoKgOR7Ja0NOncn2_9PY0hp3Kn4tNBo/getUpdates "HTTP/1.1 200 OK"
2025-08-31 01:56:01,812 - INFO - HTTP Request: POST https://api.telegram.org/bot8355167350:AAFHXoKgOR7Ja0NOncn2_9PY0hp3Kn4tNBo/getUpdates "HTTP/1.1 200 OK"
2025-08-31 01:56:11,888 - INFO - HTTP Request: POST https://api.telegram.org/bot8355167350:AAFHXoKgOR7Ja0NOncn2_9PY0hp3Kn4tNBo/getUpdates "HTTP/1.1 200 OK"
2025-08-31 01:56:21,963 - INFO - HTTP Request: POST https://api.telegram.org/bot8355167350:AAFHXoKgOR7Ja0NOncn2_9PY0hp3Kn4tNBo/getUpdates "HTTP/1.1 200 OK"
2025-08-31 01:56:22,672 - INFO - Running job "monitor (trigger: interval[0:01:00], next run at: 2025-08-30 22:57:22 UTC)" (scheduled at 2025-08-30 22:56:22.670519+00:00)
2025-08-31 01:56:22,673 - INFO - monitor_job: tick start
2025-08-31 01:56:22,684 - INFO - monitor_job: tick end
2025-08-31 01:56:22,685 - INFO - Job "monitor (trigger: interval[0:01:00], next run at: 2025-08-30 22:57:22 UTC)" executed successfully
2025-08-31 01:56:32,041 - INFO - HTTP Request: POST https://api.telegram.org/bot8355167350:AAFHXoKgOR7Ja0NOncn2_9PY0hp3Kn4tNBo/getUpdates "HTTP/1.1 200 OK"
2025-08-31 01:56:42,119 - INFO - HTTP Request: POST https://api.telegram.org/bot8355167350:AAFHXoKgOR7Ja0NOncn2_9PY0hp3Kn4tNBo/getUpdates "HTTP/1.1 200 OK"
2025-08-31 01:56:52,197 - INFO - HTTP Request: POST https://api.telegram.org/bot8355167350:AAFHXoKgOR7Ja0NOncn2_9PY0hp3Kn4tNBo/getUpdates "HTTP/1.1 200 OK"
2025-08-31 01:57:02,276 - INFO - HTTP Request: POST https://api.telegram.org/bot8355167350:AAFHXoKgOR7Ja0NOncn2_9PY0hp3Kn4tNBo/getUpdates "HTTP/1.1 200 OK"
2025-08-31 01:57:12,354 - INFO - HTTP Request: POST https://api.telegram.org/bot8355167350:AAFHXoKgOR7Ja0NOncn2_9PY0hp3Kn4tNBo/getUpdates "HTTP/1.1 200 OK"
2025-08-31 01:57:22,432 - INFO - HTTP Request: POST https://api.telegram.org/bot8355167350:AAFHXoKgOR7Ja0NOncn2_9PY0hp3Kn4tNBo/getUpdates "HTTP/1.1 200 OK"
2025-08-31 01:57:22,673 - INFO - Running job "monitor (trigger: interval[0:01:00], next run at: 2025-08-30 22:58:22 UTC)" (scheduled at 2025-08-30 22:57:22.670519+00:00)
2025-08-31 01:57:22,674 - INFO - monitor_job: tick start
2025-08-31 01:57:22,685 - INFO - monitor_job: tick end
2025-08-31 01:57:22,686 - INFO - Job "monitor (trigger: interval[0:01:00], next run at: 2025-08-30 22:58:22 UTC)" executed successfully
2025-08-31 01:57:32,518 - INFO - HTTP Request: POST https://api.telegram.org/bot8355167350:AAFHXoKgOR7Ja0NOncn2_9PY0hp3Kn4tNBo/getUpdates "HTTP/1.1 200 OK"
2025-08-31 01:57:42,599 - INFO - HTTP Request: POST https://api.telegram.org/bot8355167350:AAFHXoKgOR7Ja0NOncn2_9PY0hp3Kn4tNBo/getUpdates "HTTP/1.1 200 OK"
2025-08-31 01:57:52,677 - INFO - HTTP Request: POST https://api.telegram.org/bot8355167350:AAFHXoKgOR7Ja0NOncn2_9PY0hp3Kn4tNBo/getUpdates "HTTP/1.1 200 OK"
2025-08-31 01:58:02,757 - INFO - HTTP Request: POST https://api.telegram.org/bot8355167350:AAFHXoKgOR7Ja0NOncn2_9PY0hp3Kn4tNBo/getUpdates "HTTP/1.1 200 OK"
2025-08-31 01:58:12,835 - INFO - HTTP Request: POST https://api.telegram.org/bot8355167350:AAFHXoKgOR7Ja0NOncn2_9PY0hp3Kn4tNBo/getUpdates "HTTP/1.1 200 OK"
2025-08-31 01:58:22,673 - INFO - Running job "monitor (trigger: interval[0:01:00], next run at: 2025-08-30 22:59:22 UTC)" (scheduled at 2025-08-30 22:58:22.670519+00:00)
2025-08-31 01:58:22,673 - INFO - monitor_job: tick start
2025-08-31 01:58:22,684 - INFO - monitor_job: tick end
2025-08-31 01:58:22,684 - INFO - Job "monitor (trigger: interval[0:01:00], next run at: 2025-08-30 22:59:22 UTC)" executed successfully
2025-08-31 01:58:22,912 - INFO - HTTP Request: POST https://api.telegram.org/bot8355167350:AAFHXoKgOR7Ja0NOncn2_9PY0hp3Kn4tNBo/getUpdates "HTTP/1.1 200 OK"
2025-08-31 01:58:32,992 - INFO - HTTP Request: POST https://api.telegram.org/bot8355167350:AAFHXoKgOR7Ja0NOncn2_9PY0hp3Kn4tNBo/getUpdates "HTTP/1.1 200 OK"
2025-08-31 01:58:43,071 - INFO - HTTP Request: POST https://api.telegram.org/bot8355167350:AAFHXoKgOR7Ja0NOncn2_9PY0hp3Kn4tNBo/getUpdates "HTTP/1.1 200 OK"
2025-08-31 01:58:53,146 - INFO - HTTP Request: POST https://api.telegram.org/bot8355167350:AAFHXoKgOR7Ja0NOncn2_9PY0hp3Kn4tNBo/getUpdates "HTTP/1.1 200 OK"
2025-08-31 01:59:03,229 - INFO - HTTP Request: POST https://api.telegram.org/bot8355167350:AAFHXoKgOR7Ja0NOncn2_9PY0hp3Kn4tNBo/getUpdates "HTTP/1.1 200 OK"
2025-08-31 01:59:13,305 - INFO - HTTP Request: POST https://api.telegram.org/bot8355167350:AAFHXoKgOR7Ja0NOncn2_9PY0hp3Kn4tNBo/getUpdates "HTTP/1.1 200 OK"
2025-08-31 01:59:22,674 - INFO - Running job "monitor (trigger: interval[0:01:00], next run at: 2025-08-30 23:00:22 UTC)" (scheduled at 2025-08-30 22:59:22.670519+00:00)
2025-08-31 01:59:22,675 - INFO - monitor_job: tick start
2025-08-31 01:59:22,686 - INFO - monitor_job: tick end
2025-08-31 01:59:22,686 - INFO - Job "monitor (trigger: interval[0:01:00], next run at: 2025-08-30 23:00:22 UTC)" executed successfully
2025-08-31 01:59:23,379 - INFO - HTTP Request: POST https://api.telegram.org/bot8355167350:AAFHXoKgOR7Ja0NOncn2_9PY0hp3Kn4tNBo/getUpdates "HTTP/1.1 200 OK"
2025-08-31 01:59:33,455 - INFO - HTTP Request: POST https://api.telegram.org/bot8355167350:AAFHXoKgOR7Ja0NOncn2_9PY0hp3Kn4tNBo/getUpdates "HTTP/1.1 200 OK"
2025-08-31 01:59:43,534 - INFO - HTTP Request: POST https://api.telegram.org/bot8355167350:AAFHXoKgOR7Ja0NOncn2_9PY0hp3Kn4tNBo/getUpdates "HTTP/1.1 200 OK"
2025-08-31 01:59:53,610 - INFO - HTTP Request: POST https://api.telegram.org/bot8355167350:AAFHXoKgOR7Ja0NOncn2_9PY0hp3Kn4tNBo/getUpdates "HTTP/1.1 200 OK"
2025-08-31 02:00:03,685 - INFO - HTTP Request: POST https://api.telegram.org/bot8355167350:AAFHXoKgOR7Ja0NOncn2_9PY0hp3Kn4tNBo/getUpdates "HTTP/1.1 200 OK"
2025-08-31 02:00:13,763 - INFO - HTTP Request: POST https://api.telegram.org/bot8355167350:AAFHXoKgOR7Ja0NOncn2_9PY0hp3Kn4tNBo/getUpdates "HTTP/1.1 200 OK"
2025-08-31 02:00:22,671 - INFO - Running job "monitor (trigger: interval[0:01:00], next run at: 2025-08-30 23:01:22 UTC)" (scheduled at 2025-08-30 23:00:22.670519+00:00)
2025-08-31 02:00:22,672 - INFO - monitor_job: tick start
2025-08-31 02:00:22,683 - INFO - monitor_job: tick end
2025-08-31 02:00:22,684 - INFO - Job "monitor (trigger: interval[0:01:00], next run at: 2025-08-30 23:01:22 UTC)" executed successfully
2025-08-31 02:00:23,839 - INFO - HTTP Request: POST https://api.telegram.org/bot8355167350:AAFHXoKgOR7Ja0NOncn2_9PY0hp3Kn4tNBo/getUpdates "HTTP/1.1 200 OK"
2025-08-31 02:00:33,914 - INFO - HTTP Request: POST https://api.telegram.org/bot8355167350:AAFHXoKgOR7Ja0NOncn2_9PY0hp3Kn4tNBo/getUpdates "HTTP/1.1 200 OK"
2025-08-31 02:00:43,994 - INFO - HTTP Request: POST https://api.telegram.org/bot8355167350:AAFHXoKgOR7Ja0NOncn2_9PY0hp3Kn4tNBo/getUpdates "HTTP/1.1 200 OK"
2025-08-31 02:00:54,072 - INFO - HTTP Request: POST https://api.telegram.org/bot8355167350:AAFHXoKgOR7Ja0NOncn2_9PY0hp3Kn4tNBo/getUpdates "HTTP/1.1 200 OK"
2025-08-31 02:01:04,153 - INFO - HTTP Request: POST https://api.telegram.org/bot8355167350:AAFHXoKgOR7Ja0NOncn2_9PY0hp3Kn4tNBo/getUpdates "HTTP/1.1 200 OK"
2025-08-31 02:01:14,230 - INFO - HTTP Request: POST https://api.telegram.org/bot8355167350:AAFHXoKgOR7Ja0NOncn2_9PY0hp3Kn4tNBo/getUpdates "HTTP/1.1 200 OK"
2025-08-31 02:01:22,672 - INFO - Running job "monitor (trigger: interval[0:01:00], next run at: 2025-08-30 23:02:22 UTC)" (scheduled at 2025-08-30 23:01:22.670519+00:00)
2025-08-31 02:01:22,673 - INFO - monitor_job: tick start
2025-08-31 02:01:22,685 - INFO - monitor_job: tick end
2025-08-31 02:01:22,685 - INFO - Job "monitor (trigger: interval[0:01:00], next run at: 2025-08-30 23:02:22 UTC)" executed successfully
2025-08-31 02:01:24,306 - INFO - HTTP Request: POST https://api.telegram.org/bot8355167350:AAFHXoKgOR7Ja0NOncn2_9PY0hp3Kn4tNBo/getUpdates "HTTP/1.1 200 OK"
2025-08-31 02:01:34,382 - INFO - HTTP Request: POST https://api.telegram.org/bot8355167350:AAFHXoKgOR7Ja0NOncn2_9PY0hp3Kn4tNBo/getUpdates "HTTP/1.1 200 OK"
2025-08-31 02:01:44,463 - INFO - HTTP Request: POST https://api.telegram.org/bot8355167350:AAFHXoKgOR7Ja0NOncn2_9PY0hp3Kn4tNBo/getUpdates "HTTP/1.1 200 OK"
2025-08-31 02:01:54,540 - INFO - HTTP Request: POST https://api.telegram.org/bot8355167350:AAFHXoKgOR7Ja0NOncn2_9PY0hp3Kn4tNBo/getUpdates "HTTP/1.1 200 OK"
2025-08-31 02:02:04,619 - INFO - HTTP Request: POST https://api.telegram.org/bot8355167350:AAFHXoKgOR7Ja0NOncn2_9PY0hp3Kn4tNBo/getUpdates "HTTP/1.1 200 OK"
2025-08-31 02:02:14,699 - INFO - HTTP Request: POST https://api.telegram.org/bot8355167350:AAFHXoKgOR7Ja0NOncn2_9PY0hp3Kn4tNBo/getUpdates "HTTP/1.1 200 OK"
2025-08-31 02:02:22,673 - INFO - Running job "monitor (trigger: interval[0:01:00], next run at: 2025-08-30 23:03:22 UTC)" (scheduled at 2025-08-30 23:02:22.670519+00:00)
2025-08-31 02:02:22,674 - INFO - monitor_job: tick start
2025-08-31 02:02:22,686 - INFO - monitor_job: tick end
2025-08-31 02:02:22,686 - INFO - Job "monitor (trigger: interval[0:01:00], next run at: 2025-08-30 23:03:22 UTC)" executed successfully
2025-08-31 02:02:24,774 - INFO - HTTP Request: POST https://api.telegram.org/bot8355167350:AAFHXoKgOR7Ja0NOncn2_9PY0hp3Kn4tNBo/getUpdates "HTTP/1.1 200 OK"
2025-08-31 02:02:34,855 - INFO - HTTP Request: POST https://api.telegram.org/bot8355167350:AAFHXoKgOR7Ja0NOncn2_9PY0hp3Kn4tNBo/getUpdates "HTTP/1.1 200 OK"
2025-08-31 02:02:44,938 - INFO - HTTP Request: POST https://api.telegram.org/bot8355167350:AAFHXoKgOR7Ja0NOncn2_9PY0hp3Kn4tNBo/getUpdates "HTTP/1.1 200 OK"
2025-08-31 02:02:55,015 - INFO - HTTP Request: POST https://api.telegram.org/bot8355167350:AAFHXoKgOR7Ja0NOncn2_9PY0hp3Kn4tNBo/getUpdates "HTTP/1.1 200 OK"
2025-08-31 02:03:05,092 - INFO - HTTP Request: POST https://api.telegram.org/bot8355167350:AAFHXoKgOR7Ja0NOncn2_9PY0hp3Kn4tNBo/getUpdates "HTTP/1.1 200 OK"
2025-08-31 02:03:15,172 - INFO - HTTP Request: POST https://api.telegram.org/bot8355167350:AAFHXoKgOR7Ja0NOncn2_9PY0hp3Kn4tNBo/getUpdates "HTTP/1.1 200 OK"
2025-08-31 02:03:22,671 - INFO - Running job "monitor (trigger: interval[0:01:00], next run at: 2025-08-30 23:04:22 UTC)" (scheduled at 2025-08-30 23:03:22.670519+00:00)
2025-08-31 02:03:22,672 - INFO - monitor_job: tick start
2025-08-31 02:03:22,683 - INFO - monitor_job: tick end
2025-08-31 02:03:22,684 - INFO - Job "monitor (trigger: interval[0:01:00], next run at: 2025-08-30 23:04:22 UTC)" executed successfully
2025-08-31 02:03:25,248 - INFO - HTTP Request: POST https://api.telegram.org/bot8355167350:AAFHXoKgOR7Ja0NOncn2_9PY0hp3Kn4tNBo/getUpdates "HTTP/1.1 200 OK"
2025-08-31 02:03:35,325 - INFO - HTTP Request: POST https://api.telegram.org/bot8355167350:AAFHXoKgOR7Ja0NOncn2_9PY0hp3Kn4tNBo/getUpdates "HTTP/1.1 200 OK"
2025-08-31 02:03:45,405 - INFO - HTTP Request: POST https://api.telegram.org/bot8355167350:AAFHXoKgOR7Ja0NOncn2_9PY0hp3Kn4tNBo/getUpdates "HTTP/1.1 200 OK"
2025-08-31 02:03:55,483 - INFO - HTTP Request: POST https://api.telegram.org/bot8355167350:AAFHXoKgOR7Ja0NOncn2_9PY0hp3Kn4tNBo/getUpdates "HTTP/1.1 200 OK"
2025-08-31 02:04:05,560 - INFO - HTTP Request: POST https://api.telegram.org/bot8355167350:AAFHXoKgOR7Ja0NOncn2_9PY0hp3Kn4tNBo/getUpdates "HTTP/1.1 200 OK"
2025-08-31 02:04:15,636 - INFO - HTTP Request: POST https://api.telegram.org/bot8355167350:AAFHXoKgOR7Ja0NOncn2_9PY0hp3Kn4tNBo/getUpdates "HTTP/1.1 200 OK"
2025-08-31 02:04:22,673 - INFO - Running job "monitor (trigger: interval[0:01:00], next run at: 2025-08-30 23:05:22 UTC)" (scheduled at 2025-08-30 23:04:22.670519+00:00)
2025-08-31 02:04:22,673 - INFO - monitor_job: tick start
2025-08-31 02:04:22,684 - INFO - monitor_job: tick end
2025-08-31 02:04:22,684 - INFO - Job "monitor (trigger: interval[0:01:00], next run at: 2025-08-30 23:05:22 UTC)" executed successfully
2025-08-31 02:04:25,711 - INFO - HTTP Request: POST https://api.telegram.org/bot8355167350:AAFHXoKgOR7Ja0NOncn2_9PY0hp3Kn4tNBo/getUpdates "HTTP/1.1 200 OK"
2025-08-31 02:04:35,786 - INFO - HTTP Request: POST https://api.telegram.org/bot8355167350:AAFHXoKgOR7Ja0NOncn2_9PY0hp3Kn4tNBo/getUpdates "HTTP/1.1 200 OK"
2025-08-31 02:04:45,860 - INFO - HTTP Request: POST https://api.telegram.org/bot8355167350:AAFHXoKgOR7Ja0NOncn2_9PY0hp3Kn4tNBo/getUpdates "HTTP/1.1 200 OK"
2025-08-31 02:04:55,934 - INFO - HTTP Request: POST https://api.telegram.org/bot8355167350:AAFHXoKgOR7Ja0NOncn2_9PY0hp3Kn4tNBo/getUpdates "HTTP/1.1 200 OK"
2025-08-31 02:05:06,011 - INFO - HTTP Request: POST https://api.telegram.org/bot8355167350:AAFHXoKgOR7Ja0NOncn2_9PY0hp3Kn4tNBo/getUpdates "HTTP/1.1 200 OK"
2025-08-31 02:05:16,088 - INFO - HTTP Request: POST https://api.telegram.org/bot8355167350:AAFHXoKgOR7Ja0NOncn2_9PY0hp3Kn4tNBo/getUpdates "HTTP/1.1 200 OK"
2025-08-31 02:05:22,672 - INFO - Running job "monitor (trigger: interval[0:01:00], next run at: 2025-08-30 23:06:22 UTC)" (scheduled at 2025-08-30 23:05:22.670519+00:00)
2025-08-31 02:05:22,676 - INFO - monitor_job: tick start
2025-08-31 02:05:22,687 - INFO - monitor_job: tick end
2025-08-31 02:05:22,688 - INFO - Job "monitor (trigger: interval[0:01:00], next run at: 2025-08-30 23:06:22 UTC)" executed successfully
2025-08-31 02:05:26,163 - INFO - HTTP Request: POST https://api.telegram.org/bot8355167350:AAFHXoKgOR7Ja0NOncn2_9PY0hp3Kn4tNBo/getUpdates "HTTP/1.1 200 OK"
2025-08-31 02:05:36,238 - INFO - HTTP Request: POST https://api.telegram.org/bot8355167350:AAFHXoKgOR7Ja0NOncn2_9PY0hp3Kn4tNBo/getUpdates "HTTP/1.1 200 OK"
2025-08-31 02:05:46,314 - INFO - HTTP Request: POST https://api.telegram.org/bot8355167350:AAFHXoKgOR7Ja0NOncn2_9PY0hp3Kn4tNBo/getUpdates "HTTP/1.1 200 OK"
2025-08-31 02:05:56,390 - INFO - HTTP Request: POST https://api.telegram.org/bot8355167350:AAFHXoKgOR7Ja0NOncn2_9PY0hp3Kn4tNBo/getUpdates "HTTP/1.1 200 OK"
2025-08-31 02:06:06,465 - INFO - HTTP Request: POST https://api.telegram.org/bot8355167350:AAFHXoKgOR7Ja0NOncn2_9PY0hp3Kn4tNBo/getUpdates "HTTP/1.1 200 OK"
2025-08-31 02:06:16,539 - INFO - HTTP Request: POST https://api.telegram.org/bot8355167350:AAFHXoKgOR7Ja0NOncn2_9PY0hp3Kn4tNBo/getUpdates "HTTP/1.1 200 OK"
2025-08-31 02:06:22,673 - INFO - Running job "monitor (trigger: interval[0:01:00], next run at: 2025-08-30 23:07:22 UTC)" (scheduled at 2025-08-30 23:06:22.670519+00:00)
2025-08-31 02:06:22,676 - INFO - monitor_job: tick start
2025-08-31 02:06:22,686 - INFO - monitor_job: tick end
2025-08-31 02:06:22,687 - INFO - Job "monitor (trigger: interval[0:01:00], next run at: 2025-08-30 23:07:22 UTC)" executed successfully
2025-08-31 02:06:26,613 - INFO - HTTP Request: POST https://api.telegram.org/bot8355167350:AAFHXoKgOR7Ja0NOncn2_9PY0hp3Kn4tNBo/getUpdates "HTTP/1.1 200 OK"
2025-08-31 02:06:36,706 - INFO - HTTP Request: POST https://api.telegram.org/bot8355167350:AAFHXoKgOR7Ja0NOncn2_9PY0hp3Kn4tNBo/getUpdates "HTTP/1.1 200 OK"
2025-08-31 02:06:46,807 - INFO - HTTP Request: POST https://api.telegram.org/bot8355167350:AAFHXoKgOR7Ja0NOncn2_9PY0hp3Kn4tNBo/getUpdates "HTTP/1.1 200 OK"
2025-08-31 02:06:56,887 - INFO - HTTP Request: POST https://api.telegram.org/bot8355167350:AAFHXoKgOR7Ja0NOncn2_9PY0hp3Kn4tNBo/getUpdates "HTTP/1.1 200 OK"
2025-08-31 02:07:06,967 - INFO - HTTP Request: POST https://api.telegram.org/bot8355167350:AAFHXoKgOR7Ja0NOncn2_9PY0hp3Kn4tNBo/getUpdates "HTTP/1.1 200 OK"
2025-08-31 02:07:17,048 - INFO - HTTP Request: POST https://api.telegram.org/bot8355167350:AAFHXoKgOR7Ja0NOncn2_9PY0hp3Kn4tNBo/getUpdates "HTTP/1.1 200 OK"
2025-08-31 02:07:22,673 - INFO - Running job "monitor (trigger: interval[0:01:00], next run at: 2025-08-30 23:08:22 UTC)" (scheduled at 2025-08-30 23:07:22.670519+00:00)
2025-08-31 02:07:22,674 - INFO - monitor_job: tick start
2025-08-31 02:07:22,685 - INFO - monitor_job: tick end
2025-08-31 02:07:22,686 - INFO - Job "monitor (trigger: interval[0:01:00], next run at: 2025-08-30 23:08:22 UTC)" executed successfully
2025-08-31 02:07:27,127 - INFO - HTTP Request: POST https://api.telegram.org/bot8355167350:AAFHXoKgOR7Ja0NOncn2_9PY0hp3Kn4tNBo/getUpdates "HTTP/1.1 200 OK"
2025-08-31 02:07:37,207 - INFO - HTTP Request: POST https://api.telegram.org/bot8355167350:AAFHXoKgOR7Ja0NOncn2_9PY0hp3Kn4tNBo/getUpdates "HTTP/1.1 200 OK"
