2025-08-30 21:47:48,607 - INFO - 📝 logging to ./bot.log
2025-08-30 21:47:48,607 - INFO - 📝 logging to ./bot.log
2025-08-30 21:47:48,607 - INFO - 🚀 הפעלה (גרסה V5.1.0 / v1.0.32) | interval=60s | DB=./flights.db
2025-08-30 21:47:48,607 - INFO - 🚀 הפעלה (גרסה V5.1.0 / v1.0.32) | interval=60s | DB=./flights.db
2025-08-30 21:47:48,608 - INFO - ✅ DB schema ensured
2025-08-30 21:47:48,608 - INFO - ✅ DB schema ensured
2025-08-30 21:47:48,608 - INFO - ✅ DB schema ensured
2025-08-30 21:47:48,608 - INFO - ✅ DB schema ensured
2025-08-30 21:47:48,608 - INFO - 📁 DB path: /Users/yossimantsour/Desktop/tusbot/tusbot_v2.5.2.4/flights.db
2025-08-30 21:47:48,608 - INFO - 📁 DB path: /Users/yossimantsour/Desktop/tusbot/tusbot_v2.5.2.4/flights.db
2025-08-30 21:47:48,608 - INFO - 🔎 DB attached: {'seq': 0, 'name': 'main', 'file': '/Users/yossimantsour/Desktop/tusbot/tusbot_v2.5.2.4/flights.db'}
2025-08-30 21:47:48,608 - INFO - 🔎 DB attached: {'seq': 0, 'name': 'main', 'file': '/Users/yossimantsour/Desktop/tusbot/tusbot_v2.5.2.4/flights.db'}
2025-08-30 21:47:48,610 - INFO - ✅ DB schema ensured
2025-08-30 21:47:48,900 - INFO - HTTP Request: POST https://api.telegram.org/bot8355167350:AAFHXoKgOR7Ja0NOncn2_9PY0hp3Kn4tNBo/getMe "HTTP/1.1 200 OK"
2025-08-30 21:47:48,902 - INFO - Adding job tentatively -- it will be properly scheduled when the scheduler starts
2025-08-30 21:47:48,902 - INFO - 🗓️ JobQueue repeating task scheduled (interval=60s)
2025-08-30 21:47:48,902 - INFO - 🗓️ JobQueue repeating task scheduled (interval=60s)
2025-08-30 21:47:48,980 - INFO - HTTP Request: POST https://api.telegram.org/bot8355167350:AAFHXoKgOR7Ja0NOncn2_9PY0hp3Kn4tNBo/deleteWebhook "HTTP/1.1 200 OK"
2025-08-30 21:47:48,983 - INFO - Added job "monitor" to job store "default"
2025-08-30 21:47:48,984 - INFO - Scheduler started
2025-08-30 21:47:48,984 - INFO - Application started
2025-08-30 21:47:53,904 - INFO - Running job "monitor (trigger: interval[0:01:00], next run at: 2025-08-30 18:48:53 UTC)" (scheduled at 2025-08-30 18:47:53.901836+00:00)
2025-08-30 21:47:53,905 - ERROR - monitor_job tick failed
Traceback (most recent call last):
  File "/Users/yossimantsour/Desktop/tusbot/tusbot_v2.5.2.4/app.py", line 120, in _tick
    await monitor_job(app, conn)
          ^^^^^^^^^^^
NameError: name 'monitor_job' is not defined
2025-08-30 21:47:53,905 - ERROR - monitor_job tick failed
Traceback (most recent call last):
  File "/Users/yossimantsour/Desktop/tusbot/tusbot_v2.5.2.4/app.py", line 120, in _tick
    await monitor_job(app, conn)
          ^^^^^^^^^^^
NameError: name 'monitor_job' is not defined
2025-08-30 21:47:53,908 - INFO - Job "monitor (trigger: interval[0:01:00], next run at: 2025-08-30 18:48:53 UTC)" executed successfully
2025-08-30 21:47:59,199 - INFO - HTTP Request: POST https://api.telegram.org/bot8355167350:AAFHXoKgOR7Ja0NOncn2_9PY0hp3Kn4tNBo/getUpdates "HTTP/1.1 200 OK"
2025-08-30 21:48:09,276 - INFO - HTTP Request: POST https://api.telegram.org/bot8355167350:AAFHXoKgOR7Ja0NOncn2_9PY0hp3Kn4tNBo/getUpdates "HTTP/1.1 200 OK"
2025-08-30 21:48:19,359 - INFO - HTTP Request: POST https://api.telegram.org/bot8355167350:AAFHXoKgOR7Ja0NOncn2_9PY0hp3Kn4tNBo/getUpdates "HTTP/1.1 200 OK"
2025-08-30 21:48:29,432 - INFO - HTTP Request: POST https://api.telegram.org/bot8355167350:AAFHXoKgOR7Ja0NOncn2_9PY0hp3Kn4tNBo/getUpdates "HTTP/1.1 200 OK"
2025-08-30 21:48:39,505 - INFO - HTTP Request: POST https://api.telegram.org/bot8355167350:AAFHXoKgOR7Ja0NOncn2_9PY0hp3Kn4tNBo/getUpdates "HTTP/1.1 200 OK"
2025-08-30 21:48:49,574 - INFO - HTTP Request: POST https://api.telegram.org/bot8355167350:AAFHXoKgOR7Ja0NOncn2_9PY0hp3Kn4tNBo/getUpdates "HTTP/1.1 200 OK"
2025-08-30 21:48:53,903 - INFO - Running job "monitor (trigger: interval[0:01:00], next run at: 2025-08-30 18:49:53 UTC)" (scheduled at 2025-08-30 18:48:53.901836+00:00)
2025-08-30 21:48:53,903 - ERROR - monitor_job tick failed
Traceback (most recent call last):
  File "/Users/yossimantsour/Desktop/tusbot/tusbot_v2.5.2.4/app.py", line 120, in _tick
    await monitor_job(app, conn)
          ^^^^^^^^^^^
NameError: name 'monitor_job' is not defined
2025-08-30 21:48:53,903 - ERROR - monitor_job tick failed
Traceback (most recent call last):
  File "/Users/yossimantsour/Desktop/tusbot/tusbot_v2.5.2.4/app.py", line 120, in _tick
    await monitor_job(app, conn)
          ^^^^^^^^^^^
NameError: name 'monitor_job' is not defined
2025-08-30 21:48:53,904 - INFO - Job "monitor (trigger: interval[0:01:00], next run at: 2025-08-30 18:49:53 UTC)" executed successfully
2025-08-30 21:48:59,650 - INFO - HTTP Request: POST https://api.telegram.org/bot8355167350:AAFHXoKgOR7Ja0NOncn2_9PY0hp3Kn4tNBo/getUpdates "HTTP/1.1 200 OK"
2025-08-30 21:49:09,723 - INFO - HTTP Request: POST https://api.telegram.org/bot8355167350:AAFHXoKgOR7Ja0NOncn2_9PY0hp3Kn4tNBo/getUpdates "HTTP/1.1 200 OK"
2025-08-30 21:49:19,798 - INFO - HTTP Request: POST https://api.telegram.org/bot8355167350:AAFHXoKgOR7Ja0NOncn2_9PY0hp3Kn4tNBo/getUpdates "HTTP/1.1 200 OK"
2025-08-30 21:49:29,868 - INFO - HTTP Request: POST https://api.telegram.org/bot8355167350:AAFHXoKgOR7Ja0NOncn2_9PY0hp3Kn4tNBo/getUpdates "HTTP/1.1 200 OK"
2025-08-30 21:49:39,933 - INFO - HTTP Request: POST https://api.telegram.org/bot8355167350:AAFHXoKgOR7Ja0NOncn2_9PY0hp3Kn4tNBo/getUpdates "HTTP/1.1 200 OK"
2025-08-30 21:49:50,002 - INFO - HTTP Request: POST https://api.telegram.org/bot8355167350:AAFHXoKgOR7Ja0NOncn2_9PY0hp3Kn4tNBo/getUpdates "HTTP/1.1 200 OK"
2025-08-30 21:49:53,904 - INFO - Running job "monitor (trigger: interval[0:01:00], next run at: 2025-08-30 18:50:53 UTC)" (scheduled at 2025-08-30 18:49:53.901836+00:00)
2025-08-30 21:49:53,904 - ERROR - monitor_job tick failed
Traceback (most recent call last):
  File "/Users/yossimantsour/Desktop/tusbot/tusbot_v2.5.2.4/app.py", line 120, in _tick
    await monitor_job(app, conn)
          ^^^^^^^^^^^
NameError: name 'monitor_job' is not defined
2025-08-30 21:49:53,904 - ERROR - monitor_job tick failed
Traceback (most recent call last):
  File "/Users/yossimantsour/Desktop/tusbot/tusbot_v2.5.2.4/app.py", line 120, in _tick
    await monitor_job(app, conn)
          ^^^^^^^^^^^
NameError: name 'monitor_job' is not defined
2025-08-30 21:49:53,906 - INFO - Job "monitor (trigger: interval[0:01:00], next run at: 2025-08-30 18:50:53 UTC)" executed successfully
2025-08-30 21:50:00,074 - INFO - HTTP Request: POST https://api.telegram.org/bot8355167350:AAFHXoKgOR7Ja0NOncn2_9PY0hp3Kn4tNBo/getUpdates "HTTP/1.1 200 OK"
2025-08-30 21:50:10,150 - INFO - HTTP Request: POST https://api.telegram.org/bot8355167350:AAFHXoKgOR7Ja0NOncn2_9PY0hp3Kn4tNBo/getUpdates "HTTP/1.1 200 OK"
2025-08-30 21:50:20,222 - INFO - HTTP Request: POST https://api.telegram.org/bot8355167350:AAFHXoKgOR7Ja0NOncn2_9PY0hp3Kn4tNBo/getUpdates "HTTP/1.1 200 OK"
2025-08-30 21:50:30,306 - INFO - HTTP Request: POST https://api.telegram.org/bot8355167350:AAFHXoKgOR7Ja0NOncn2_9PY0hp3Kn4tNBo/getUpdates "HTTP/1.1 200 OK"
2025-08-30 21:50:40,375 - INFO - HTTP Request: POST https://api.telegram.org/bot8355167350:AAFHXoKgOR7Ja0NOncn2_9PY0hp3Kn4tNBo/getUpdates "HTTP/1.1 200 OK"
2025-08-30 21:50:50,448 - INFO - HTTP Request: POST https://api.telegram.org/bot8355167350:AAFHXoKgOR7Ja0NOncn2_9PY0hp3Kn4tNBo/getUpdates "HTTP/1.1 200 OK"
2025-08-30 21:50:53,903 - INFO - Running job "monitor (trigger: interval[0:01:00], next run at: 2025-08-30 18:51:53 UTC)" (scheduled at 2025-08-30 18:50:53.901836+00:00)
2025-08-30 21:50:53,904 - ERROR - monitor_job tick failed
Traceback (most recent call last):
  File "/Users/yossimantsour/Desktop/tusbot/tusbot_v2.5.2.4/app.py", line 120, in _tick
    await monitor_job(app, conn)
          ^^^^^^^^^^^
NameError: name 'monitor_job' is not defined
2025-08-30 21:50:53,904 - ERROR - monitor_job tick failed
Traceback (most recent call last):
  File "/Users/yossimantsour/Desktop/tusbot/tusbot_v2.5.2.4/app.py", line 120, in _tick
    await monitor_job(app, conn)
          ^^^^^^^^^^^
NameError: name 'monitor_job' is not defined
2025-08-30 21:50:53,907 - INFO - Job "monitor (trigger: interval[0:01:00], next run at: 2025-08-30 18:51:53 UTC)" executed successfully
2025-08-30 21:51:00,525 - INFO - HTTP Request: POST https://api.telegram.org/bot8355167350:AAFHXoKgOR7Ja0NOncn2_9PY0hp3Kn4tNBo/getUpdates "HTTP/1.1 200 OK"
2025-08-30 21:51:10,605 - INFO - HTTP Request: POST https://api.telegram.org/bot8355167350:AAFHXoKgOR7Ja0NOncn2_9PY0hp3Kn4tNBo/getUpdates "HTTP/1.1 200 OK"
2025-08-30 21:51:20,681 - INFO - HTTP Request: POST https://api.telegram.org/bot8355167350:AAFHXoKgOR7Ja0NOncn2_9PY0hp3Kn4tNBo/getUpdates "HTTP/1.1 200 OK"
2025-08-30 21:51:30,750 - INFO - HTTP Request: POST https://api.telegram.org/bot8355167350:AAFHXoKgOR7Ja0NOncn2_9PY0hp3Kn4tNBo/getUpdates "HTTP/1.1 200 OK"
2025-08-30 21:51:40,825 - INFO - HTTP Request: POST https://api.telegram.org/bot8355167350:AAFHXoKgOR7Ja0NOncn2_9PY0hp3Kn4tNBo/getUpdates "HTTP/1.1 200 OK"
2025-08-30 21:51:50,900 - INFO - HTTP Request: POST https://api.telegram.org/bot8355167350:AAFHXoKgOR7Ja0NOncn2_9PY0hp3Kn4tNBo/getUpdates "HTTP/1.1 200 OK"
2025-08-30 21:51:53,904 - INFO - Running job "monitor (trigger: interval[0:01:00], next run at: 2025-08-30 18:52:53 UTC)" (scheduled at 2025-08-30 18:51:53.901836+00:00)
2025-08-30 21:51:53,904 - ERROR - monitor_job tick failed
Traceback (most recent call last):
  File "/Users/yossimantsour/Desktop/tusbot/tusbot_v2.5.2.4/app.py", line 120, in _tick
    await monitor_job(app, conn)
          ^^^^^^^^^^^
NameError: name 'monitor_job' is not defined
2025-08-30 21:51:53,904 - ERROR - monitor_job tick failed
Traceback (most recent call last):
  File "/Users/yossimantsour/Desktop/tusbot/tusbot_v2.5.2.4/app.py", line 120, in _tick
    await monitor_job(app, conn)
          ^^^^^^^^^^^
NameError: name 'monitor_job' is not defined
2025-08-30 21:51:53,907 - INFO - Job "monitor (trigger: interval[0:01:00], next run at: 2025-08-30 18:52:53 UTC)" executed successfully
2025-08-30 21:52:00,974 - INFO - HTTP Request: POST https://api.telegram.org/bot8355167350:AAFHXoKgOR7Ja0NOncn2_9PY0hp3Kn4tNBo/getUpdates "HTTP/1.1 200 OK"
2025-08-30 21:52:11,048 - INFO - HTTP Request: POST https://api.telegram.org/bot8355167350:AAFHXoKgOR7Ja0NOncn2_9PY0hp3Kn4tNBo/getUpdates "HTTP/1.1 200 OK"
2025-08-30 21:52:21,120 - INFO - HTTP Request: POST https://api.telegram.org/bot8355167350:AAFHXoKgOR7Ja0NOncn2_9PY0hp3Kn4tNBo/getUpdates "HTTP/1.1 200 OK"
2025-08-30 21:52:31,195 - INFO - HTTP Request: POST https://api.telegram.org/bot8355167350:AAFHXoKgOR7Ja0NOncn2_9PY0hp3Kn4tNBo/getUpdates "HTTP/1.1 200 OK"
2025-08-30 21:52:41,266 - INFO - HTTP Request: POST https://api.telegram.org/bot8355167350:AAFHXoKgOR7Ja0NOncn2_9PY0hp3Kn4tNBo/getUpdates "HTTP/1.1 200 OK"
2025-08-30 21:52:51,340 - INFO - HTTP Request: POST https://api.telegram.org/bot8355167350:AAFHXoKgOR7Ja0NOncn2_9PY0hp3Kn4tNBo/getUpdates "HTTP/1.1 200 OK"
2025-08-30 21:52:53,903 - INFO - Running job "monitor (trigger: interval[0:01:00], next run at: 2025-08-30 18:53:53 UTC)" (scheduled at 2025-08-30 18:52:53.901836+00:00)
2025-08-30 21:52:53,903 - ERROR - monitor_job tick failed
Traceback (most recent call last):
  File "/Users/yossimantsour/Desktop/tusbot/tusbot_v2.5.2.4/app.py", line 120, in _tick
    await monitor_job(app, conn)
          ^^^^^^^^^^^
NameError: name 'monitor_job' is not defined
2025-08-30 21:52:53,903 - ERROR - monitor_job tick failed
Traceback (most recent call last):
  File "/Users/yossimantsour/Desktop/tusbot/tusbot_v2.5.2.4/app.py", line 120, in _tick
    await monitor_job(app, conn)
          ^^^^^^^^^^^
NameError: name 'monitor_job' is not defined
2025-08-30 21:52:53,904 - INFO - Job "monitor (trigger: interval[0:01:00], next run at: 2025-08-30 18:53:53 UTC)" executed successfully
2025-08-30 21:53:01,418 - INFO - HTTP Request: POST https://api.telegram.org/bot8355167350:AAFHXoKgOR7Ja0NOncn2_9PY0hp3Kn4tNBo/getUpdates "HTTP/1.1 200 OK"
2025-08-30 21:53:11,495 - INFO - HTTP Request: POST https://api.telegram.org/bot8355167350:AAFHXoKgOR7Ja0NOncn2_9PY0hp3Kn4tNBo/getUpdates "HTTP/1.1 200 OK"
2025-08-30 21:53:21,567 - INFO - HTTP Request: POST https://api.telegram.org/bot8355167350:AAFHXoKgOR7Ja0NOncn2_9PY0hp3Kn4tNBo/getUpdates "HTTP/1.1 200 OK"
2025-08-30 21:53:31,649 - INFO - HTTP Request: POST https://api.telegram.org/bot8355167350:AAFHXoKgOR7Ja0NOncn2_9PY0hp3Kn4tNBo/getUpdates "HTTP/1.1 200 OK"
2025-08-30 21:53:41,723 - INFO - HTTP Request: POST https://api.telegram.org/bot8355167350:AAFHXoKgOR7Ja0NOncn2_9PY0hp3Kn4tNBo/getUpdates "HTTP/1.1 200 OK"
2025-08-30 21:53:51,796 - INFO - HTTP Request: POST https://api.telegram.org/bot8355167350:AAFHXoKgOR7Ja0NOncn2_9PY0hp3Kn4tNBo/getUpdates "HTTP/1.1 200 OK"
2025-08-30 21:53:53,908 - INFO - Running job "monitor (trigger: interval[0:01:00], next run at: 2025-08-30 18:54:53 UTC)" (scheduled at 2025-08-30 18:53:53.901836+00:00)
2025-08-30 21:53:53,909 - ERROR - monitor_job tick failed
Traceback (most recent call last):
  File "/Users/yossimantsour/Desktop/tusbot/tusbot_v2.5.2.4/app.py", line 120, in _tick
    await monitor_job(app, conn)
          ^^^^^^^^^^^
NameError: name 'monitor_job' is not defined
2025-08-30 21:53:53,909 - ERROR - monitor_job tick failed
Traceback (most recent call last):
  File "/Users/yossimantsour/Desktop/tusbot/tusbot_v2.5.2.4/app.py", line 120, in _tick
    await monitor_job(app, conn)
          ^^^^^^^^^^^
NameError: name 'monitor_job' is not defined
2025-08-30 21:53:53,911 - INFO - Job "monitor (trigger: interval[0:01:00], next run at: 2025-08-30 18:54:53 UTC)" executed successfully
2025-08-30 21:54:01,866 - INFO - HTTP Request: POST https://api.telegram.org/bot8355167350:AAFHXoKgOR7Ja0NOncn2_9PY0hp3Kn4tNBo/getUpdates "HTTP/1.1 200 OK"
2025-08-30 21:54:11,940 - INFO - HTTP Request: POST https://api.telegram.org/bot8355167350:AAFHXoKgOR7Ja0NOncn2_9PY0hp3Kn4tNBo/getUpdates "HTTP/1.1 200 OK"
2025-08-30 21:54:22,015 - INFO - HTTP Request: POST https://api.telegram.org/bot8355167350:AAFHXoKgOR7Ja0NOncn2_9PY0hp3Kn4tNBo/getUpdates "HTTP/1.1 200 OK"
2025-08-30 21:54:32,090 - INFO - HTTP Request: POST https://api.telegram.org/bot8355167350:AAFHXoKgOR7Ja0NOncn2_9PY0hp3Kn4tNBo/getUpdates "HTTP/1.1 200 OK"
2025-08-30 21:54:42,165 - INFO - HTTP Request: POST https://api.telegram.org/bot8355167350:AAFHXoKgOR7Ja0NOncn2_9PY0hp3Kn4tNBo/getUpdates "HTTP/1.1 200 OK"
2025-08-30 21:54:52,241 - INFO - HTTP Request: POST https://api.telegram.org/bot8355167350:AAFHXoKgOR7Ja0NOncn2_9PY0hp3Kn4tNBo/getUpdates "HTTP/1.1 200 OK"
2025-08-30 21:54:53,903 - INFO - Running job "monitor (trigger: interval[0:01:00], next run at: 2025-08-30 18:55:53 UTC)" (scheduled at 2025-08-30 18:54:53.901836+00:00)
2025-08-30 21:54:53,903 - ERROR - monitor_job tick failed
Traceback (most recent call last):
  File "/Users/yossimantsour/Desktop/tusbot/tusbot_v2.5.2.4/app.py", line 120, in _tick
    await monitor_job(app, conn)
          ^^^^^^^^^^^
NameError: name 'monitor_job' is not defined
2025-08-30 21:54:53,903 - ERROR - monitor_job tick failed
Traceback (most recent call last):
  File "/Users/yossimantsour/Desktop/tusbot/tusbot_v2.5.2.4/app.py", line 120, in _tick
    await monitor_job(app, conn)
          ^^^^^^^^^^^
NameError: name 'monitor_job' is not defined
2025-08-30 21:54:53,905 - INFO - Job "monitor (trigger: interval[0:01:00], next run at: 2025-08-30 18:55:53 UTC)" executed successfully
2025-08-30 21:55:02,324 - INFO - HTTP Request: POST https://api.telegram.org/bot8355167350:AAFHXoKgOR7Ja0NOncn2_9PY0hp3Kn4tNBo/getUpdates "HTTP/1.1 200 OK"
2025-08-30 21:55:12,401 - INFO - HTTP Request: POST https://api.telegram.org/bot8355167350:AAFHXoKgOR7Ja0NOncn2_9PY0hp3Kn4tNBo/getUpdates "HTTP/1.1 200 OK"
2025-08-30 21:55:22,474 - INFO - HTTP Request: POST https://api.telegram.org/bot8355167350:AAFHXoKgOR7Ja0NOncn2_9PY0hp3Kn4tNBo/getUpdates "HTTP/1.1 200 OK"
2025-08-30 21:55:32,551 - INFO - HTTP Request: POST https://api.telegram.org/bot8355167350:AAFHXoKgOR7Ja0NOncn2_9PY0hp3Kn4tNBo/getUpdates "HTTP/1.1 200 OK"
2025-08-30 21:55:42,632 - INFO - HTTP Request: POST https://api.telegram.org/bot8355167350:AAFHXoKgOR7Ja0NOncn2_9PY0hp3Kn4tNBo/getUpdates "HTTP/1.1 200 OK"
2025-08-30 21:55:52,710 - INFO - HTTP Request: POST https://api.telegram.org/bot8355167350:AAFHXoKgOR7Ja0NOncn2_9PY0hp3Kn4tNBo/getUpdates "HTTP/1.1 200 OK"
2025-08-30 21:55:53,903 - INFO - Running job "monitor (trigger: interval[0:01:00], next run at: 2025-08-30 18:56:53 UTC)" (scheduled at 2025-08-30 18:55:53.901836+00:00)
2025-08-30 21:55:53,903 - ERROR - monitor_job tick failed
Traceback (most recent call last):
  File "/Users/yossimantsour/Desktop/tusbot/tusbot_v2.5.2.4/app.py", line 120, in _tick
    await monitor_job(app, conn)
          ^^^^^^^^^^^
NameError: name 'monitor_job' is not defined
2025-08-30 21:55:53,903 - ERROR - monitor_job tick failed
Traceback (most recent call last):
  File "/Users/yossimantsour/Desktop/tusbot/tusbot_v2.5.2.4/app.py", line 120, in _tick
    await monitor_job(app, conn)
          ^^^^^^^^^^^
NameError: name 'monitor_job' is not defined
2025-08-30 21:55:53,905 - INFO - Job "monitor (trigger: interval[0:01:00], next run at: 2025-08-30 18:56:53 UTC)" executed successfully
2025-08-30 21:56:02,782 - INFO - HTTP Request: POST https://api.telegram.org/bot8355167350:AAFHXoKgOR7Ja0NOncn2_9PY0hp3Kn4tNBo/getUpdates "HTTP/1.1 200 OK"
2025-08-30 21:56:12,852 - INFO - HTTP Request: POST https://api.telegram.org/bot8355167350:AAFHXoKgOR7Ja0NOncn2_9PY0hp3Kn4tNBo/getUpdates "HTTP/1.1 200 OK"
2025-08-30 21:56:22,928 - INFO - HTTP Request: POST https://api.telegram.org/bot8355167350:AAFHXoKgOR7Ja0NOncn2_9PY0hp3Kn4tNBo/getUpdates "HTTP/1.1 200 OK"
2025-08-30 21:56:32,998 - INFO - HTTP Request: POST https://api.telegram.org/bot8355167350:AAFHXoKgOR7Ja0NOncn2_9PY0hp3Kn4tNBo/getUpdates "HTTP/1.1 200 OK"
2025-08-30 21:56:43,069 - INFO - HTTP Request: POST https://api.telegram.org/bot8355167350:AAFHXoKgOR7Ja0NOncn2_9PY0hp3Kn4tNBo/getUpdates "HTTP/1.1 200 OK"
2025-08-30 21:56:53,147 - INFO - HTTP Request: POST https://api.telegram.org/bot8355167350:AAFHXoKgOR7Ja0NOncn2_9PY0hp3Kn4tNBo/getUpdates "HTTP/1.1 200 OK"
2025-08-30 21:56:53,903 - INFO - Running job "monitor (trigger: interval[0:01:00], next run at: 2025-08-30 18:57:53 UTC)" (scheduled at 2025-08-30 18:56:53.901836+00:00)
2025-08-30 21:56:53,903 - ERROR - monitor_job tick failed
Traceback (most recent call last):
  File "/Users/yossimantsour/Desktop/tusbot/tusbot_v2.5.2.4/app.py", line 120, in _tick
    await monitor_job(app, conn)
          ^^^^^^^^^^^
NameError: name 'monitor_job' is not defined
2025-08-30 21:56:53,903 - ERROR - monitor_job tick failed
Traceback (most recent call last):
  File "/Users/yossimantsour/Desktop/tusbot/tusbot_v2.5.2.4/app.py", line 120, in _tick
    await monitor_job(app, conn)
          ^^^^^^^^^^^
NameError: name 'monitor_job' is not defined
2025-08-30 21:56:53,904 - INFO - Job "monitor (trigger: interval[0:01:00], next run at: 2025-08-30 18:57:53 UTC)" executed successfully
2025-08-30 21:57:03,231 - INFO - HTTP Request: POST https://api.telegram.org/bot8355167350:AAFHXoKgOR7Ja0NOncn2_9PY0hp3Kn4tNBo/getUpdates "HTTP/1.1 200 OK"
2025-08-30 21:57:13,309 - INFO - HTTP Request: POST https://api.telegram.org/bot8355167350:AAFHXoKgOR7Ja0NOncn2_9PY0hp3Kn4tNBo/getUpdates "HTTP/1.1 200 OK"
2025-08-30 21:57:23,384 - INFO - HTTP Request: POST https://api.telegram.org/bot8355167350:AAFHXoKgOR7Ja0NOncn2_9PY0hp3Kn4tNBo/getUpdates "HTTP/1.1 200 OK"
2025-08-30 21:57:33,457 - INFO - HTTP Request: POST https://api.telegram.org/bot8355167350:AAFHXoKgOR7Ja0NOncn2_9PY0hp3Kn4tNBo/getUpdates "HTTP/1.1 200 OK"
2025-08-30 21:57:43,534 - INFO - HTTP Request: POST https://api.telegram.org/bot8355167350:AAFHXoKgOR7Ja0NOncn2_9PY0hp3Kn4tNBo/getUpdates "HTTP/1.1 200 OK"
2025-08-30 21:57:53,608 - INFO - HTTP Request: POST https://api.telegram.org/bot8355167350:AAFHXoKgOR7Ja0NOncn2_9PY0hp3Kn4tNBo/getUpdates "HTTP/1.1 200 OK"
2025-08-30 21:57:53,903 - INFO - Running job "monitor (trigger: interval[0:01:00], next run at: 2025-08-30 18:58:53 UTC)" (scheduled at 2025-08-30 18:57:53.901836+00:00)
2025-08-30 21:57:53,904 - ERROR - monitor_job tick failed
Traceback (most recent call last):
  File "/Users/yossimantsour/Desktop/tusbot/tusbot_v2.5.2.4/app.py", line 120, in _tick
    await monitor_job(app, conn)
          ^^^^^^^^^^^
NameError: name 'monitor_job' is not defined
2025-08-30 21:57:53,904 - ERROR - monitor_job tick failed
Traceback (most recent call last):
  File "/Users/yossimantsour/Desktop/tusbot/tusbot_v2.5.2.4/app.py", line 120, in _tick
    await monitor_job(app, conn)
          ^^^^^^^^^^^
NameError: name 'monitor_job' is not defined
2025-08-30 21:57:53,904 - INFO - Job "monitor (trigger: interval[0:01:00], next run at: 2025-08-30 18:58:53 UTC)" executed successfully
2025-08-30 21:58:03,686 - INFO - HTTP Request: POST https://api.telegram.org/bot8355167350:AAFHXoKgOR7Ja0NOncn2_9PY0hp3Kn4tNBo/getUpdates "HTTP/1.1 200 OK"
2025-08-30 21:58:13,772 - INFO - HTTP Request: POST https://api.telegram.org/bot8355167350:AAFHXoKgOR7Ja0NOncn2_9PY0hp3Kn4tNBo/getUpdates "HTTP/1.1 200 OK"
2025-08-30 21:58:23,840 - INFO - HTTP Request: POST https://api.telegram.org/bot8355167350:AAFHXoKgOR7Ja0NOncn2_9PY0hp3Kn4tNBo/getUpdates "HTTP/1.1 200 OK"
2025-08-30 21:58:33,910 - INFO - HTTP Request: POST https://api.telegram.org/bot8355167350:AAFHXoKgOR7Ja0NOncn2_9PY0hp3Kn4tNBo/getUpdates "HTTP/1.1 200 OK"
2025-08-30 21:58:43,984 - INFO - HTTP Request: POST https://api.telegram.org/bot8355167350:AAFHXoKgOR7Ja0NOncn2_9PY0hp3Kn4tNBo/getUpdates "HTTP/1.1 200 OK"
2025-08-30 21:58:53,905 - INFO - Running job "monitor (trigger: interval[0:01:00], next run at: 2025-08-30 18:59:53 UTC)" (scheduled at 2025-08-30 18:58:53.901836+00:00)
2025-08-30 21:58:53,906 - ERROR - monitor_job tick failed
Traceback (most recent call last):
  File "/Users/yossimantsour/Desktop/tusbot/tusbot_v2.5.2.4/app.py", line 120, in _tick
    await monitor_job(app, conn)
          ^^^^^^^^^^^
NameError: name 'monitor_job' is not defined
2025-08-30 21:58:53,906 - ERROR - monitor_job tick failed
Traceback (most recent call last):
  File "/Users/yossimantsour/Desktop/tusbot/tusbot_v2.5.2.4/app.py", line 120, in _tick
    await monitor_job(app, conn)
          ^^^^^^^^^^^
NameError: name 'monitor_job' is not defined
2025-08-30 21:58:53,907 - INFO - Job "monitor (trigger: interval[0:01:00], next run at: 2025-08-30 18:59:53 UTC)" executed successfully
2025-08-30 21:58:54,059 - INFO - HTTP Request: POST https://api.telegram.org/bot8355167350:AAFHXoKgOR7Ja0NOncn2_9PY0hp3Kn4tNBo/getUpdates "HTTP/1.1 200 OK"
2025-08-30 21:59:04,140 - INFO - HTTP Request: POST https://api.telegram.org/bot8355167350:AAFHXoKgOR7Ja0NOncn2_9PY0hp3Kn4tNBo/getUpdates "HTTP/1.1 200 OK"
2025-08-30 21:59:14,215 - INFO - HTTP Request: POST https://api.telegram.org/bot8355167350:AAFHXoKgOR7Ja0NOncn2_9PY0hp3Kn4tNBo/getUpdates "HTTP/1.1 200 OK"
2025-08-30 21:59:24,284 - INFO - HTTP Request: POST https://api.telegram.org/bot8355167350:AAFHXoKgOR7Ja0NOncn2_9PY0hp3Kn4tNBo/getUpdates "HTTP/1.1 200 OK"
2025-08-30 21:59:34,358 - INFO - HTTP Request: POST https://api.telegram.org/bot8355167350:AAFHXoKgOR7Ja0NOncn2_9PY0hp3Kn4tNBo/getUpdates "HTTP/1.1 200 OK"
