2025-08-30 23:37:44,395 - INFO - 📝 logging to ./bot.log
2025-08-30 23:37:44,395 - INFO - 📝 logging to ./bot.log
2025-08-30 23:37:44,395 - INFO - 🚀 הפעלה (גרסה V5.1.0 / v1.0.32) | interval=60s | DB=./flights.db
2025-08-30 23:37:44,395 - INFO - 🚀 הפעלה (גרסה V5.1.0 / v1.0.32) | interval=60s | DB=./flights.db
2025-08-30 23:37:44,396 - INFO - ✅ DB schema ensured
2025-08-30 23:37:44,396 - INFO - ✅ DB schema ensured
2025-08-30 23:37:44,396 - INFO - 🚀 Running V2.5.10a from /Users/yossimantsour/Desktop/tusbot/tustus_2.5.10a (PYTHONPATH=/Users/yossimantsour/Desktop/tusbot/tustus_2.5.10a)
2025-08-30 23:37:44,396 - INFO - 
2025-08-30 23:37:44,396 - INFO - ✅ DB schema ensured
2025-08-30 23:37:44,396 - INFO - ✅ DB schema ensured
2025-08-30 23:37:44,396 - INFO - 📁 DB path: /Users/yossimantsour/Desktop/tusbot/tustus_2.5.10a/flights.db
2025-08-30 23:37:44,396 - INFO - 📁 DB path: /Users/yossimantsour/Desktop/tusbot/tustus_2.5.10a/flights.db
2025-08-30 23:37:44,396 - INFO - 🔎 DB attached: {'seq': 0, 'name': 'main', 'file': '/Users/yossimantsour/Desktop/tusbot/tustus_2.5.10a/flights.db'}
2025-08-30 23:37:44,396 - INFO - 🔎 DB attached: {'seq': 0, 'name': 'main', 'file': '/Users/yossimantsour/Desktop/tusbot/tustus_2.5.10a/flights.db'}
2025-08-30 23:37:44,397 - INFO - ✅ DB schema ensured
2025-08-30 23:37:44,628 - INFO - HTTP Request: POST https://api.telegram.org/bot8355167350:AAFHXoKgOR7Ja0NOncn2_9PY0hp3Kn4tNBo/getMe "HTTP/1.1 200 OK"
2025-08-30 23:37:44,630 - INFO - Adding job tentatively -- it will be properly scheduled when the scheduler starts
2025-08-30 23:37:44,630 - INFO - 🗓️ JobQueue repeating task scheduled (interval=60s)
2025-08-30 23:37:44,630 - INFO - 🗓️ JobQueue repeating task scheduled (interval=60s)
2025-08-30 23:37:44,697 - INFO - HTTP Request: POST https://api.telegram.org/bot8355167350:AAFHXoKgOR7Ja0NOncn2_9PY0hp3Kn4tNBo/deleteWebhook "HTTP/1.1 200 OK"
2025-08-30 23:37:44,700 - INFO - Added job "monitor" to job store "default"
2025-08-30 23:37:44,700 - INFO - Scheduler started
2025-08-30 23:37:44,700 - INFO - Application started
2025-08-30 23:37:45,631 - INFO - Running job "monitor (trigger: interval[0:01:00], next run at: 2025-08-30 20:38:45 UTC)" (scheduled at 2025-08-30 20:37:45.629596+00:00)
2025-08-30 23:37:48,326 - INFO - show_item cards parsed: 66
2025-08-30 23:37:48,326 - INFO - show_item cards parsed: 66
2025-08-30 23:37:48,333 - INFO - DB upsert (show_item): inserted=34, updated=32
2025-08-30 23:37:48,333 - INFO - DB upsert (show_item): inserted=34, updated=32
2025-08-30 23:37:48,334 - INFO - Job "monitor (trigger: interval[0:01:00], next run at: 2025-08-30 20:38:45 UTC)" executed successfully
2025-08-30 23:37:54,920 - INFO - HTTP Request: POST https://api.telegram.org/bot8355167350:AAFHXoKgOR7Ja0NOncn2_9PY0hp3Kn4tNBo/getUpdates "HTTP/1.1 200 OK"
2025-08-30 23:38:04,992 - INFO - HTTP Request: POST https://api.telegram.org/bot8355167350:AAFHXoKgOR7Ja0NOncn2_9PY0hp3Kn4tNBo/getUpdates "HTTP/1.1 200 OK"
2025-08-30 23:38:15,067 - INFO - HTTP Request: POST https://api.telegram.org/bot8355167350:AAFHXoKgOR7Ja0NOncn2_9PY0hp3Kn4tNBo/getUpdates "HTTP/1.1 200 OK"
2025-08-30 23:38:25,143 - INFO - HTTP Request: POST https://api.telegram.org/bot8355167350:AAFHXoKgOR7Ja0NOncn2_9PY0hp3Kn4tNBo/getUpdates "HTTP/1.1 200 OK"
2025-08-30 23:38:35,219 - INFO - HTTP Request: POST https://api.telegram.org/bot8355167350:AAFHXoKgOR7Ja0NOncn2_9PY0hp3Kn4tNBo/getUpdates "HTTP/1.1 200 OK"
2025-08-30 23:38:45,297 - INFO - HTTP Request: POST https://api.telegram.org/bot8355167350:AAFHXoKgOR7Ja0NOncn2_9PY0hp3Kn4tNBo/getUpdates "HTTP/1.1 200 OK"
2025-08-30 23:38:45,635 - INFO - Running job "monitor (trigger: interval[0:01:00], next run at: 2025-08-30 20:39:45 UTC)" (scheduled at 2025-08-30 20:38:45.629596+00:00)
2025-08-30 23:38:47,708 - INFO - show_item cards parsed: 66
2025-08-30 23:38:47,708 - INFO - show_item cards parsed: 66
2025-08-30 23:38:47,715 - INFO - DB upsert (show_item): inserted=0, updated=66
2025-08-30 23:38:47,715 - INFO - DB upsert (show_item): inserted=0, updated=66
2025-08-30 23:38:47,716 - INFO - Job "monitor (trigger: interval[0:01:00], next run at: 2025-08-30 20:39:45 UTC)" executed successfully
2025-08-30 23:38:55,369 - INFO - HTTP Request: POST https://api.telegram.org/bot8355167350:AAFHXoKgOR7Ja0NOncn2_9PY0hp3Kn4tNBo/getUpdates "HTTP/1.1 200 OK"
2025-08-30 23:39:05,443 - INFO - HTTP Request: POST https://api.telegram.org/bot8355167350:AAFHXoKgOR7Ja0NOncn2_9PY0hp3Kn4tNBo/getUpdates "HTTP/1.1 200 OK"
2025-08-30 23:39:13,453 - INFO - HTTP Request: POST https://api.telegram.org/bot8355167350:AAFHXoKgOR7Ja0NOncn2_9PY0hp3Kn4tNBo/getUpdates "HTTP/1.1 200 OK"
2025-08-30 23:39:13,687 - INFO - HTTP Request: POST https://api.telegram.org/bot8355167350:AAFHXoKgOR7Ja0NOncn2_9PY0hp3Kn4tNBo/answerCallbackQuery "HTTP/1.1 200 OK"
2025-08-30 23:39:13,787 - INFO - HTTP Request: POST https://api.telegram.org/bot8355167350:AAFHXoKgOR7Ja0NOncn2_9PY0hp3Kn4tNBo/editMessageText "HTTP/1.1 200 OK"
2025-08-30 23:39:21,299 - INFO - HTTP Request: POST https://api.telegram.org/bot8355167350:AAFHXoKgOR7Ja0NOncn2_9PY0hp3Kn4tNBo/getUpdates "HTTP/1.1 200 OK"
2025-08-30 23:39:21,638 - INFO - HTTP Request: POST https://api.telegram.org/bot8355167350:AAFHXoKgOR7Ja0NOncn2_9PY0hp3Kn4tNBo/answerCallbackQuery "HTTP/1.1 200 OK"
2025-08-30 23:39:21,784 - INFO - HTTP Request: POST https://api.telegram.org/bot8355167350:AAFHXoKgOR7Ja0NOncn2_9PY0hp3Kn4tNBo/editMessageText "HTTP/1.1 200 OK"
2025-08-30 23:39:23,872 - INFO - HTTP Request: POST https://api.telegram.org/bot8355167350:AAFHXoKgOR7Ja0NOncn2_9PY0hp3Kn4tNBo/getUpdates "HTTP/1.1 200 OK"
2025-08-30 23:39:23,983 - INFO - HTTP Request: POST https://api.telegram.org/bot8355167350:AAFHXoKgOR7Ja0NOncn2_9PY0hp3Kn4tNBo/answerCallbackQuery "HTTP/1.1 200 OK"
2025-08-30 23:39:24,103 - INFO - HTTP Request: POST https://api.telegram.org/bot8355167350:AAFHXoKgOR7Ja0NOncn2_9PY0hp3Kn4tNBo/editMessageText "HTTP/1.1 200 OK"
2025-08-30 23:39:26,188 - INFO - HTTP Request: POST https://api.telegram.org/bot8355167350:AAFHXoKgOR7Ja0NOncn2_9PY0hp3Kn4tNBo/getUpdates "HTTP/1.1 200 OK"
2025-08-30 23:39:26,276 - INFO - HTTP Request: POST https://api.telegram.org/bot8355167350:AAFHXoKgOR7Ja0NOncn2_9PY0hp3Kn4tNBo/editMessageText "HTTP/1.1 200 OK"
2025-08-30 23:39:28,290 - INFO - HTTP Request: POST https://api.telegram.org/bot8355167350:AAFHXoKgOR7Ja0NOncn2_9PY0hp3Kn4tNBo/getUpdates "HTTP/1.1 200 OK"
2025-08-30 23:39:28,507 - INFO - HTTP Request: POST https://api.telegram.org/bot8355167350:AAFHXoKgOR7Ja0NOncn2_9PY0hp3Kn4tNBo/answerCallbackQuery "HTTP/1.1 200 OK"
2025-08-30 23:39:28,709 - INFO - HTTP Request: POST https://api.telegram.org/bot8355167350:AAFHXoKgOR7Ja0NOncn2_9PY0hp3Kn4tNBo/editMessageText "HTTP/1.1 200 OK"
2025-08-30 23:39:31,547 - INFO - HTTP Request: POST https://api.telegram.org/bot8355167350:AAFHXoKgOR7Ja0NOncn2_9PY0hp3Kn4tNBo/getUpdates "HTTP/1.1 200 OK"
2025-08-30 23:39:31,765 - INFO - HTTP Request: POST https://api.telegram.org/bot8355167350:AAFHXoKgOR7Ja0NOncn2_9PY0hp3Kn4tNBo/answerCallbackQuery "HTTP/1.1 200 OK"
2025-08-30 23:39:31,909 - INFO - HTTP Request: POST https://api.telegram.org/bot8355167350:AAFHXoKgOR7Ja0NOncn2_9PY0hp3Kn4tNBo/editMessageText "HTTP/1.1 200 OK"
2025-08-30 23:39:35,215 - INFO - HTTP Request: POST https://api.telegram.org/bot8355167350:AAFHXoKgOR7Ja0NOncn2_9PY0hp3Kn4tNBo/getUpdates "HTTP/1.1 200 OK"
2025-08-30 23:39:35,304 - INFO - HTTP Request: POST https://api.telegram.org/bot8355167350:AAFHXoKgOR7Ja0NOncn2_9PY0hp3Kn4tNBo/answerCallbackQuery "HTTP/1.1 200 OK"
2025-08-30 23:39:35,397 - INFO - HTTP Request: POST https://api.telegram.org/bot8355167350:AAFHXoKgOR7Ja0NOncn2_9PY0hp3Kn4tNBo/editMessageText "HTTP/1.1 200 OK"
2025-08-30 23:39:39,057 - INFO - HTTP Request: POST https://api.telegram.org/bot8355167350:AAFHXoKgOR7Ja0NOncn2_9PY0hp3Kn4tNBo/getUpdates "HTTP/1.1 200 OK"
2025-08-30 23:39:39,147 - INFO - HTTP Request: POST https://api.telegram.org/bot8355167350:AAFHXoKgOR7Ja0NOncn2_9PY0hp3Kn4tNBo/answerCallbackQuery "HTTP/1.1 200 OK"
2025-08-30 23:39:39,249 - INFO - HTTP Request: POST https://api.telegram.org/bot8355167350:AAFHXoKgOR7Ja0NOncn2_9PY0hp3Kn4tNBo/editMessageText "HTTP/1.1 200 OK"
2025-08-30 23:39:45,312 - INFO - HTTP Request: POST https://api.telegram.org/bot8355167350:AAFHXoKgOR7Ja0NOncn2_9PY0hp3Kn4tNBo/getUpdates "HTTP/1.1 200 OK"
2025-08-30 23:39:45,535 - INFO - HTTP Request: POST https://api.telegram.org/bot8355167350:AAFHXoKgOR7Ja0NOncn2_9PY0hp3Kn4tNBo/answerCallbackQuery "HTTP/1.1 200 OK"
2025-08-30 23:39:45,639 - INFO - Running job "monitor (trigger: interval[0:01:00], next run at: 2025-08-30 20:40:45 UTC)" (scheduled at 2025-08-30 20:39:45.629596+00:00)
2025-08-30 23:39:47,759 - INFO - show_item cards parsed: 66
2025-08-30 23:39:47,759 - INFO - show_item cards parsed: 66
2025-08-30 23:39:47,766 - INFO - DB upsert (show_item): inserted=0, updated=66
2025-08-30 23:39:47,766 - INFO - DB upsert (show_item): inserted=0, updated=66
2025-08-30 23:39:47,766 - INFO - Job "monitor (trigger: interval[0:01:00], next run at: 2025-08-30 20:40:45 UTC)" executed successfully
2025-08-30 23:39:47,767 - INFO - HTTP Request: POST https://api.telegram.org/bot8355167350:AAFHXoKgOR7Ja0NOncn2_9PY0hp3Kn4tNBo/editMessageText "HTTP/1.1 200 OK"
2025-08-30 23:39:47,767 - INFO - HTTP Request: POST https://api.telegram.org/bot8355167350:AAFHXoKgOR7Ja0NOncn2_9PY0hp3Kn4tNBo/getUpdates "HTTP/1.1 200 OK"
2025-08-30 23:39:47,854 - INFO - HTTP Request: POST https://api.telegram.org/bot8355167350:AAFHXoKgOR7Ja0NOncn2_9PY0hp3Kn4tNBo/editMessageText "HTTP/1.1 200 OK"
2025-08-30 23:39:48,632 - INFO - HTTP Request: POST https://api.telegram.org/bot8355167350:AAFHXoKgOR7Ja0NOncn2_9PY0hp3Kn4tNBo/getUpdates "HTTP/1.1 200 OK"
2025-08-30 23:39:48,744 - INFO - HTTP Request: POST https://api.telegram.org/bot8355167350:AAFHXoKgOR7Ja0NOncn2_9PY0hp3Kn4tNBo/editMessageText "HTTP/1.1 200 OK"
2025-08-30 23:39:58,735 - INFO - HTTP Request: POST https://api.telegram.org/bot8355167350:AAFHXoKgOR7Ja0NOncn2_9PY0hp3Kn4tNBo/getUpdates "HTTP/1.1 200 OK"
2025-08-30 23:40:08,812 - INFO - HTTP Request: POST https://api.telegram.org/bot8355167350:AAFHXoKgOR7Ja0NOncn2_9PY0hp3Kn4tNBo/getUpdates "HTTP/1.1 200 OK"
2025-08-30 23:40:18,887 - INFO - HTTP Request: POST https://api.telegram.org/bot8355167350:AAFHXoKgOR7Ja0NOncn2_9PY0hp3Kn4tNBo/getUpdates "HTTP/1.1 200 OK"
2025-08-30 23:40:28,964 - INFO - HTTP Request: POST https://api.telegram.org/bot8355167350:AAFHXoKgOR7Ja0NOncn2_9PY0hp3Kn4tNBo/getUpdates "HTTP/1.1 200 OK"
2025-08-30 23:40:39,040 - INFO - HTTP Request: POST https://api.telegram.org/bot8355167350:AAFHXoKgOR7Ja0NOncn2_9PY0hp3Kn4tNBo/getUpdates "HTTP/1.1 200 OK"
2025-08-30 23:40:45,631 - INFO - Running job "monitor (trigger: interval[0:01:00], next run at: 2025-08-30 20:41:45 UTC)" (scheduled at 2025-08-30 20:40:45.629596+00:00)
2025-08-30 23:40:47,716 - INFO - show_item cards parsed: 66
2025-08-30 23:40:47,716 - INFO - show_item cards parsed: 66
2025-08-30 23:40:47,724 - INFO - DB upsert (show_item): inserted=0, updated=66
2025-08-30 23:40:47,724 - INFO - DB upsert (show_item): inserted=0, updated=66
2025-08-30 23:40:47,725 - INFO - Job "monitor (trigger: interval[0:01:00], next run at: 2025-08-30 20:41:45 UTC)" executed successfully
2025-08-30 23:40:49,124 - INFO - HTTP Request: POST https://api.telegram.org/bot8355167350:AAFHXoKgOR7Ja0NOncn2_9PY0hp3Kn4tNBo/getUpdates "HTTP/1.1 200 OK"
2025-08-30 23:40:59,204 - INFO - HTTP Request: POST https://api.telegram.org/bot8355167350:AAFHXoKgOR7Ja0NOncn2_9PY0hp3Kn4tNBo/getUpdates "HTTP/1.1 200 OK"
2025-08-30 23:41:09,281 - INFO - HTTP Request: POST https://api.telegram.org/bot8355167350:AAFHXoKgOR7Ja0NOncn2_9PY0hp3Kn4tNBo/getUpdates "HTTP/1.1 200 OK"
2025-08-30 23:41:19,361 - INFO - HTTP Request: POST https://api.telegram.org/bot8355167350:AAFHXoKgOR7Ja0NOncn2_9PY0hp3Kn4tNBo/getUpdates "HTTP/1.1 200 OK"
2025-08-30 23:41:29,435 - INFO - HTTP Request: POST https://api.telegram.org/bot8355167350:AAFHXoKgOR7Ja0NOncn2_9PY0hp3Kn4tNBo/getUpdates "HTTP/1.1 200 OK"
2025-08-30 23:41:39,515 - INFO - HTTP Request: POST https://api.telegram.org/bot8355167350:AAFHXoKgOR7Ja0NOncn2_9PY0hp3Kn4tNBo/getUpdates "HTTP/1.1 200 OK"
2025-08-30 23:41:45,631 - INFO - Running job "monitor (trigger: interval[0:01:00], next run at: 2025-08-30 20:42:45 UTC)" (scheduled at 2025-08-30 20:41:45.629596+00:00)
2025-08-30 23:41:47,711 - INFO - show_item cards parsed: 66
2025-08-30 23:41:47,711 - INFO - show_item cards parsed: 66
2025-08-30 23:41:47,718 - INFO - DB upsert (show_item): inserted=0, updated=66
2025-08-30 23:41:47,718 - INFO - DB upsert (show_item): inserted=0, updated=66
2025-08-30 23:41:47,718 - INFO - Job "monitor (trigger: interval[0:01:00], next run at: 2025-08-30 20:42:45 UTC)" executed successfully
2025-08-30 23:41:49,607 - INFO - HTTP Request: POST https://api.telegram.org/bot8355167350:AAFHXoKgOR7Ja0NOncn2_9PY0hp3Kn4tNBo/getUpdates "HTTP/1.1 200 OK"
2025-08-30 23:41:59,687 - INFO - HTTP Request: POST https://api.telegram.org/bot8355167350:AAFHXoKgOR7Ja0NOncn2_9PY0hp3Kn4tNBo/getUpdates "HTTP/1.1 200 OK"
2025-08-30 23:42:09,763 - INFO - HTTP Request: POST https://api.telegram.org/bot8355167350:AAFHXoKgOR7Ja0NOncn2_9PY0hp3Kn4tNBo/getUpdates "HTTP/1.1 200 OK"
2025-08-30 23:42:19,840 - INFO - HTTP Request: POST https://api.telegram.org/bot8355167350:AAFHXoKgOR7Ja0NOncn2_9PY0hp3Kn4tNBo/getUpdates "HTTP/1.1 200 OK"
2025-08-30 23:42:29,920 - INFO - HTTP Request: POST https://api.telegram.org/bot8355167350:AAFHXoKgOR7Ja0NOncn2_9PY0hp3Kn4tNBo/getUpdates "HTTP/1.1 200 OK"
2025-08-30 23:42:39,994 - INFO - HTTP Request: POST https://api.telegram.org/bot8355167350:AAFHXoKgOR7Ja0NOncn2_9PY0hp3Kn4tNBo/getUpdates "HTTP/1.1 200 OK"
2025-08-30 23:42:45,630 - INFO - Running job "monitor (trigger: interval[0:01:00], next run at: 2025-08-30 20:43:45 UTC)" (scheduled at 2025-08-30 20:42:45.629596+00:00)
2025-08-30 23:42:47,928 - INFO - show_item cards parsed: 66
2025-08-30 23:42:47,928 - INFO - show_item cards parsed: 66
2025-08-30 23:42:47,933 - INFO - DB upsert (show_item): inserted=0, updated=66
2025-08-30 23:42:47,933 - INFO - DB upsert (show_item): inserted=0, updated=66
2025-08-30 23:42:47,934 - INFO - Job "monitor (trigger: interval[0:01:00], next run at: 2025-08-30 20:43:45 UTC)" executed successfully
2025-08-30 23:42:50,071 - INFO - HTTP Request: POST https://api.telegram.org/bot8355167350:AAFHXoKgOR7Ja0NOncn2_9PY0hp3Kn4tNBo/getUpdates "HTTP/1.1 200 OK"
2025-08-30 23:43:00,145 - INFO - HTTP Request: POST https://api.telegram.org/bot8355167350:AAFHXoKgOR7Ja0NOncn2_9PY0hp3Kn4tNBo/getUpdates "HTTP/1.1 200 OK"
2025-08-30 23:43:10,218 - INFO - HTTP Request: POST https://api.telegram.org/bot8355167350:AAFHXoKgOR7Ja0NOncn2_9PY0hp3Kn4tNBo/getUpdates "HTTP/1.1 200 OK"
2025-08-30 23:43:20,291 - INFO - HTTP Request: POST https://api.telegram.org/bot8355167350:AAFHXoKgOR7Ja0NOncn2_9PY0hp3Kn4tNBo/getUpdates "HTTP/1.1 200 OK"
2025-08-30 23:43:30,367 - INFO - HTTP Request: POST https://api.telegram.org/bot8355167350:AAFHXoKgOR7Ja0NOncn2_9PY0hp3Kn4tNBo/getUpdates "HTTP/1.1 200 OK"
2025-08-30 23:43:40,445 - INFO - HTTP Request: POST https://api.telegram.org/bot8355167350:AAFHXoKgOR7Ja0NOncn2_9PY0hp3Kn4tNBo/getUpdates "HTTP/1.1 200 OK"
2025-08-30 23:43:45,632 - INFO - Running job "monitor (trigger: interval[0:01:00], next run at: 2025-08-30 20:44:45 UTC)" (scheduled at 2025-08-30 20:43:45.629596+00:00)
2025-08-30 23:43:47,705 - INFO - show_item cards parsed: 66
2025-08-30 23:43:47,705 - INFO - show_item cards parsed: 66
2025-08-30 23:43:47,712 - INFO - DB upsert (show_item): inserted=0, updated=66
2025-08-30 23:43:47,712 - INFO - DB upsert (show_item): inserted=0, updated=66
2025-08-30 23:43:47,713 - INFO - Job "monitor (trigger: interval[0:01:00], next run at: 2025-08-30 20:44:45 UTC)" executed successfully
2025-08-30 23:43:50,524 - INFO - HTTP Request: POST https://api.telegram.org/bot8355167350:AAFHXoKgOR7Ja0NOncn2_9PY0hp3Kn4tNBo/getUpdates "HTTP/1.1 200 OK"
2025-08-30 23:44:00,604 - INFO - HTTP Request: POST https://api.telegram.org/bot8355167350:AAFHXoKgOR7Ja0NOncn2_9PY0hp3Kn4tNBo/getUpdates "HTTP/1.1 200 OK"
2025-08-30 23:44:10,681 - INFO - HTTP Request: POST https://api.telegram.org/bot8355167350:AAFHXoKgOR7Ja0NOncn2_9PY0hp3Kn4tNBo/getUpdates "HTTP/1.1 200 OK"
2025-08-30 23:44:20,758 - INFO - HTTP Request: POST https://api.telegram.org/bot8355167350:AAFHXoKgOR7Ja0NOncn2_9PY0hp3Kn4tNBo/getUpdates "HTTP/1.1 200 OK"
2025-08-30 23:44:30,849 - INFO - HTTP Request: POST https://api.telegram.org/bot8355167350:AAFHXoKgOR7Ja0NOncn2_9PY0hp3Kn4tNBo/getUpdates "HTTP/1.1 200 OK"
2025-08-30 23:44:40,934 - INFO - HTTP Request: POST https://api.telegram.org/bot8355167350:AAFHXoKgOR7Ja0NOncn2_9PY0hp3Kn4tNBo/getUpdates "HTTP/1.1 200 OK"
2025-08-30 23:44:45,632 - INFO - Running job "monitor (trigger: interval[0:01:00], next run at: 2025-08-30 20:45:45 UTC)" (scheduled at 2025-08-30 20:44:45.629596+00:00)
2025-08-30 23:44:47,762 - INFO - show_item cards parsed: 66
2025-08-30 23:44:47,762 - INFO - show_item cards parsed: 66
2025-08-30 23:44:47,774 - INFO - DB upsert (show_item): inserted=0, updated=66
2025-08-30 23:44:47,774 - INFO - DB upsert (show_item): inserted=0, updated=66
2025-08-30 23:44:47,775 - INFO - Job "monitor (trigger: interval[0:01:00], next run at: 2025-08-30 20:45:45 UTC)" executed successfully
2025-08-30 23:44:51,014 - INFO - HTTP Request: POST https://api.telegram.org/bot8355167350:AAFHXoKgOR7Ja0NOncn2_9PY0hp3Kn4tNBo/getUpdates "HTTP/1.1 200 OK"
2025-08-30 23:45:01,096 - INFO - HTTP Request: POST https://api.telegram.org/bot8355167350:AAFHXoKgOR7Ja0NOncn2_9PY0hp3Kn4tNBo/getUpdates "HTTP/1.1 200 OK"
2025-08-30 23:45:11,178 - INFO - HTTP Request: POST https://api.telegram.org/bot8355167350:AAFHXoKgOR7Ja0NOncn2_9PY0hp3Kn4tNBo/getUpdates "HTTP/1.1 200 OK"
2025-08-30 23:45:21,254 - INFO - HTTP Request: POST https://api.telegram.org/bot8355167350:AAFHXoKgOR7Ja0NOncn2_9PY0hp3Kn4tNBo/getUpdates "HTTP/1.1 200 OK"
2025-08-30 23:45:31,331 - INFO - HTTP Request: POST https://api.telegram.org/bot8355167350:AAFHXoKgOR7Ja0NOncn2_9PY0hp3Kn4tNBo/getUpdates "HTTP/1.1 200 OK"
2025-08-30 23:45:41,409 - INFO - HTTP Request: POST https://api.telegram.org/bot8355167350:AAFHXoKgOR7Ja0NOncn2_9PY0hp3Kn4tNBo/getUpdates "HTTP/1.1 200 OK"
2025-08-30 23:45:45,631 - INFO - Running job "monitor (trigger: interval[0:01:00], next run at: 2025-08-30 20:46:45 UTC)" (scheduled at 2025-08-30 20:45:45.629596+00:00)
2025-08-30 23:45:47,783 - INFO - show_item cards parsed: 66
2025-08-30 23:45:47,783 - INFO - show_item cards parsed: 66
2025-08-30 23:45:47,794 - INFO - DB upsert (show_item): inserted=0, updated=66
2025-08-30 23:45:47,794 - INFO - DB upsert (show_item): inserted=0, updated=66
2025-08-30 23:45:47,796 - INFO - Job "monitor (trigger: interval[0:01:00], next run at: 2025-08-30 20:46:45 UTC)" executed successfully
2025-08-30 23:45:51,493 - INFO - HTTP Request: POST https://api.telegram.org/bot8355167350:AAFHXoKgOR7Ja0NOncn2_9PY0hp3Kn4tNBo/getUpdates "HTTP/1.1 200 OK"
2025-08-30 23:46:01,570 - INFO - HTTP Request: POST https://api.telegram.org/bot8355167350:AAFHXoKgOR7Ja0NOncn2_9PY0hp3Kn4tNBo/getUpdates "HTTP/1.1 200 OK"
2025-08-30 23:46:11,648 - INFO - HTTP Request: POST https://api.telegram.org/bot8355167350:AAFHXoKgOR7Ja0NOncn2_9PY0hp3Kn4tNBo/getUpdates "HTTP/1.1 200 OK"
2025-08-30 23:46:21,723 - INFO - HTTP Request: POST https://api.telegram.org/bot8355167350:AAFHXoKgOR7Ja0NOncn2_9PY0hp3Kn4tNBo/getUpdates "HTTP/1.1 200 OK"
2025-08-30 23:46:31,799 - INFO - HTTP Request: POST https://api.telegram.org/bot8355167350:AAFHXoKgOR7Ja0NOncn2_9PY0hp3Kn4tNBo/getUpdates "HTTP/1.1 200 OK"
2025-08-30 23:46:41,880 - INFO - HTTP Request: POST https://api.telegram.org/bot8355167350:AAFHXoKgOR7Ja0NOncn2_9PY0hp3Kn4tNBo/getUpdates "HTTP/1.1 200 OK"
2025-08-30 23:46:45,632 - INFO - Running job "monitor (trigger: interval[0:01:00], next run at: 2025-08-30 20:47:45 UTC)" (scheduled at 2025-08-30 20:46:45.629596+00:00)
2025-08-30 23:46:47,840 - INFO - show_item cards parsed: 66
2025-08-30 23:46:47,840 - INFO - show_item cards parsed: 66
2025-08-30 23:46:47,853 - INFO - DB upsert (show_item): inserted=0, updated=66
2025-08-30 23:46:47,853 - INFO - DB upsert (show_item): inserted=0, updated=66
2025-08-30 23:46:47,854 - INFO - Job "monitor (trigger: interval[0:01:00], next run at: 2025-08-30 20:47:45 UTC)" executed successfully
2025-08-30 23:46:51,959 - INFO - HTTP Request: POST https://api.telegram.org/bot8355167350:AAFHXoKgOR7Ja0NOncn2_9PY0hp3Kn4tNBo/getUpdates "HTTP/1.1 200 OK"
2025-08-30 23:47:02,038 - INFO - HTTP Request: POST https://api.telegram.org/bot8355167350:AAFHXoKgOR7Ja0NOncn2_9PY0hp3Kn4tNBo/getUpdates "HTTP/1.1 200 OK"
2025-08-30 23:47:12,114 - INFO - HTTP Request: POST https://api.telegram.org/bot8355167350:AAFHXoKgOR7Ja0NOncn2_9PY0hp3Kn4tNBo/getUpdates "HTTP/1.1 200 OK"
2025-08-30 23:47:22,188 - INFO - HTTP Request: POST https://api.telegram.org/bot8355167350:AAFHXoKgOR7Ja0NOncn2_9PY0hp3Kn4tNBo/getUpdates "HTTP/1.1 200 OK"
2025-08-30 23:47:32,263 - INFO - HTTP Request: POST https://api.telegram.org/bot8355167350:AAFHXoKgOR7Ja0NOncn2_9PY0hp3Kn4tNBo/getUpdates "HTTP/1.1 200 OK"
2025-08-30 23:47:42,337 - INFO - HTTP Request: POST https://api.telegram.org/bot8355167350:AAFHXoKgOR7Ja0NOncn2_9PY0hp3Kn4tNBo/getUpdates "HTTP/1.1 200 OK"
2025-08-30 23:47:45,631 - INFO - Running job "monitor (trigger: interval[0:01:00], next run at: 2025-08-30 20:48:45 UTC)" (scheduled at 2025-08-30 20:47:45.629596+00:00)
2025-08-30 23:47:47,866 - INFO - show_item cards parsed: 66
2025-08-30 23:47:47,866 - INFO - show_item cards parsed: 66
2025-08-30 23:47:47,877 - INFO - DB upsert (show_item): inserted=0, updated=66
2025-08-30 23:47:47,877 - INFO - DB upsert (show_item): inserted=0, updated=66
2025-08-30 23:47:47,878 - INFO - Job "monitor (trigger: interval[0:01:00], next run at: 2025-08-30 20:48:45 UTC)" executed successfully
2025-08-30 23:47:52,410 - INFO - HTTP Request: POST https://api.telegram.org/bot8355167350:AAFHXoKgOR7Ja0NOncn2_9PY0hp3Kn4tNBo/getUpdates "HTTP/1.1 200 OK"
2025-08-30 23:48:02,484 - INFO - HTTP Request: POST https://api.telegram.org/bot8355167350:AAFHXoKgOR7Ja0NOncn2_9PY0hp3Kn4tNBo/getUpdates "HTTP/1.1 200 OK"
2025-08-30 23:48:12,560 - INFO - HTTP Request: POST https://api.telegram.org/bot8355167350:AAFHXoKgOR7Ja0NOncn2_9PY0hp3Kn4tNBo/getUpdates "HTTP/1.1 200 OK"
2025-08-30 23:48:22,633 - INFO - HTTP Request: POST https://api.telegram.org/bot8355167350:AAFHXoKgOR7Ja0NOncn2_9PY0hp3Kn4tNBo/getUpdates "HTTP/1.1 200 OK"
2025-08-30 23:48:32,708 - INFO - HTTP Request: POST https://api.telegram.org/bot8355167350:AAFHXoKgOR7Ja0NOncn2_9PY0hp3Kn4tNBo/getUpdates "HTTP/1.1 200 OK"
2025-08-30 23:48:42,780 - INFO - HTTP Request: POST https://api.telegram.org/bot8355167350:AAFHXoKgOR7Ja0NOncn2_9PY0hp3Kn4tNBo/getUpdates "HTTP/1.1 200 OK"
2025-08-30 23:48:45,631 - INFO - Running job "monitor (trigger: interval[0:01:00], next run at: 2025-08-30 20:49:45 UTC)" (scheduled at 2025-08-30 20:48:45.629596+00:00)
2025-08-30 23:48:47,825 - INFO - show_item cards parsed: 66
2025-08-30 23:48:47,825 - INFO - show_item cards parsed: 66
2025-08-30 23:48:47,836 - INFO - DB upsert (show_item): inserted=0, updated=66
2025-08-30 23:48:47,836 - INFO - DB upsert (show_item): inserted=0, updated=66
2025-08-30 23:48:47,837 - INFO - Job "monitor (trigger: interval[0:01:00], next run at: 2025-08-30 20:49:45 UTC)" executed successfully
2025-08-30 23:48:52,873 - INFO - HTTP Request: POST https://api.telegram.org/bot8355167350:AAFHXoKgOR7Ja0NOncn2_9PY0hp3Kn4tNBo/getUpdates "HTTP/1.1 200 OK"
2025-08-30 23:49:02,951 - INFO - HTTP Request: POST https://api.telegram.org/bot8355167350:AAFHXoKgOR7Ja0NOncn2_9PY0hp3Kn4tNBo/getUpdates "HTTP/1.1 200 OK"
2025-08-30 23:49:13,030 - INFO - HTTP Request: POST https://api.telegram.org/bot8355167350:AAFHXoKgOR7Ja0NOncn2_9PY0hp3Kn4tNBo/getUpdates "HTTP/1.1 200 OK"
2025-08-30 23:49:23,108 - INFO - HTTP Request: POST https://api.telegram.org/bot8355167350:AAFHXoKgOR7Ja0NOncn2_9PY0hp3Kn4tNBo/getUpdates "HTTP/1.1 200 OK"
2025-08-30 23:49:33,185 - INFO - HTTP Request: POST https://api.telegram.org/bot8355167350:AAFHXoKgOR7Ja0NOncn2_9PY0hp3Kn4tNBo/getUpdates "HTTP/1.1 200 OK"
2025-08-30 23:49:43,263 - INFO - HTTP Request: POST https://api.telegram.org/bot8355167350:AAFHXoKgOR7Ja0NOncn2_9PY0hp3Kn4tNBo/getUpdates "HTTP/1.1 200 OK"
2025-08-30 23:49:45,631 - INFO - Running job "monitor (trigger: interval[0:01:00], next run at: 2025-08-30 20:50:45 UTC)" (scheduled at 2025-08-30 20:49:45.629596+00:00)
2025-08-30 23:49:47,812 - INFO - show_item cards parsed: 66
2025-08-30 23:49:47,812 - INFO - show_item cards parsed: 66
2025-08-30 23:49:47,822 - INFO - DB upsert (show_item): inserted=0, updated=66
2025-08-30 23:49:47,822 - INFO - DB upsert (show_item): inserted=0, updated=66
2025-08-30 23:49:47,823 - INFO - Job "monitor (trigger: interval[0:01:00], next run at: 2025-08-30 20:50:45 UTC)" executed successfully
2025-08-30 23:49:53,344 - INFO - HTTP Request: POST https://api.telegram.org/bot8355167350:AAFHXoKgOR7Ja0NOncn2_9PY0hp3Kn4tNBo/getUpdates "HTTP/1.1 200 OK"
2025-08-30 23:50:03,420 - INFO - HTTP Request: POST https://api.telegram.org/bot8355167350:AAFHXoKgOR7Ja0NOncn2_9PY0hp3Kn4tNBo/getUpdates "HTTP/1.1 200 OK"
2025-08-30 23:50:13,496 - INFO - HTTP Request: POST https://api.telegram.org/bot8355167350:AAFHXoKgOR7Ja0NOncn2_9PY0hp3Kn4tNBo/getUpdates "HTTP/1.1 200 OK"
2025-08-30 23:50:23,569 - INFO - HTTP Request: POST https://api.telegram.org/bot8355167350:AAFHXoKgOR7Ja0NOncn2_9PY0hp3Kn4tNBo/getUpdates "HTTP/1.1 200 OK"
2025-08-30 23:50:33,647 - INFO - HTTP Request: POST https://api.telegram.org/bot8355167350:AAFHXoKgOR7Ja0NOncn2_9PY0hp3Kn4tNBo/getUpdates "HTTP/1.1 200 OK"
2025-08-30 23:50:43,741 - INFO - HTTP Request: POST https://api.telegram.org/bot8355167350:AAFHXoKgOR7Ja0NOncn2_9PY0hp3Kn4tNBo/getUpdates "HTTP/1.1 200 OK"
2025-08-30 23:50:45,635 - INFO - Running job "monitor (trigger: interval[0:01:00], next run at: 2025-08-30 20:51:45 UTC)" (scheduled at 2025-08-30 20:50:45.629596+00:00)
2025-08-30 23:50:47,774 - INFO - show_item cards parsed: 66
2025-08-30 23:50:47,774 - INFO - show_item cards parsed: 66
2025-08-30 23:50:47,783 - INFO - DB upsert (show_item): inserted=0, updated=66
2025-08-30 23:50:47,783 - INFO - DB upsert (show_item): inserted=0, updated=66
2025-08-30 23:50:47,784 - INFO - Job "monitor (trigger: interval[0:01:00], next run at: 2025-08-30 20:51:45 UTC)" executed successfully
2025-08-30 23:50:53,818 - INFO - HTTP Request: POST https://api.telegram.org/bot8355167350:AAFHXoKgOR7Ja0NOncn2_9PY0hp3Kn4tNBo/getUpdates "HTTP/1.1 200 OK"
2025-08-30 23:51:03,887 - INFO - HTTP Request: POST https://api.telegram.org/bot8355167350:AAFHXoKgOR7Ja0NOncn2_9PY0hp3Kn4tNBo/getUpdates "HTTP/1.1 200 OK"
2025-08-30 23:51:13,960 - INFO - HTTP Request: POST https://api.telegram.org/bot8355167350:AAFHXoKgOR7Ja0NOncn2_9PY0hp3Kn4tNBo/getUpdates "HTTP/1.1 200 OK"
2025-08-30 23:51:24,039 - INFO - HTTP Request: POST https://api.telegram.org/bot8355167350:AAFHXoKgOR7Ja0NOncn2_9PY0hp3Kn4tNBo/getUpdates "HTTP/1.1 200 OK"
2025-08-30 23:51:34,116 - INFO - HTTP Request: POST https://api.telegram.org/bot8355167350:AAFHXoKgOR7Ja0NOncn2_9PY0hp3Kn4tNBo/getUpdates "HTTP/1.1 200 OK"
2025-08-30 23:51:44,195 - INFO - HTTP Request: POST https://api.telegram.org/bot8355167350:AAFHXoKgOR7Ja0NOncn2_9PY0hp3Kn4tNBo/getUpdates "HTTP/1.1 200 OK"
2025-08-30 23:51:45,637 - INFO - Running job "monitor (trigger: interval[0:01:00], next run at: 2025-08-30 20:52:45 UTC)" (scheduled at 2025-08-30 20:51:45.629596+00:00)
2025-08-30 23:51:47,799 - INFO - show_item cards parsed: 66
2025-08-30 23:51:47,799 - INFO - show_item cards parsed: 66
2025-08-30 23:51:47,809 - INFO - DB upsert (show_item): inserted=0, updated=66
2025-08-30 23:51:47,809 - INFO - DB upsert (show_item): inserted=0, updated=66
2025-08-30 23:51:47,810 - INFO - Job "monitor (trigger: interval[0:01:00], next run at: 2025-08-30 20:52:45 UTC)" executed successfully
2025-08-30 23:51:54,269 - INFO - HTTP Request: POST https://api.telegram.org/bot8355167350:AAFHXoKgOR7Ja0NOncn2_9PY0hp3Kn4tNBo/getUpdates "HTTP/1.1 200 OK"
2025-08-30 23:52:04,348 - INFO - HTTP Request: POST https://api.telegram.org/bot8355167350:AAFHXoKgOR7Ja0NOncn2_9PY0hp3Kn4tNBo/getUpdates "HTTP/1.1 200 OK"
2025-08-30 23:52:14,430 - INFO - HTTP Request: POST https://api.telegram.org/bot8355167350:AAFHXoKgOR7Ja0NOncn2_9PY0hp3Kn4tNBo/getUpdates "HTTP/1.1 200 OK"
2025-08-30 23:52:24,510 - INFO - HTTP Request: POST https://api.telegram.org/bot8355167350:AAFHXoKgOR7Ja0NOncn2_9PY0hp3Kn4tNBo/getUpdates "HTTP/1.1 200 OK"
2025-08-30 23:52:34,586 - INFO - HTTP Request: POST https://api.telegram.org/bot8355167350:AAFHXoKgOR7Ja0NOncn2_9PY0hp3Kn4tNBo/getUpdates "HTTP/1.1 200 OK"
2025-08-30 23:52:44,665 - INFO - HTTP Request: POST https://api.telegram.org/bot8355167350:AAFHXoKgOR7Ja0NOncn2_9PY0hp3Kn4tNBo/getUpdates "HTTP/1.1 200 OK"
2025-08-30 23:52:45,632 - INFO - Running job "monitor (trigger: interval[0:01:00], next run at: 2025-08-30 20:53:45 UTC)" (scheduled at 2025-08-30 20:52:45.629596+00:00)
2025-08-30 23:52:47,808 - INFO - show_item cards parsed: 66
2025-08-30 23:52:47,808 - INFO - show_item cards parsed: 66
2025-08-30 23:52:47,819 - INFO - DB upsert (show_item): inserted=0, updated=66
2025-08-30 23:52:47,819 - INFO - DB upsert (show_item): inserted=0, updated=66
2025-08-30 23:52:47,820 - INFO - Job "monitor (trigger: interval[0:01:00], next run at: 2025-08-30 20:53:45 UTC)" executed successfully
2025-08-30 23:52:54,741 - INFO - HTTP Request: POST https://api.telegram.org/bot8355167350:AAFHXoKgOR7Ja0NOncn2_9PY0hp3Kn4tNBo/getUpdates "HTTP/1.1 200 OK"
2025-08-30 23:53:04,824 - INFO - HTTP Request: POST https://api.telegram.org/bot8355167350:AAFHXoKgOR7Ja0NOncn2_9PY0hp3Kn4tNBo/getUpdates "HTTP/1.1 200 OK"
2025-08-30 23:53:14,897 - INFO - HTTP Request: POST https://api.telegram.org/bot8355167350:AAFHXoKgOR7Ja0NOncn2_9PY0hp3Kn4tNBo/getUpdates "HTTP/1.1 200 OK"
2025-08-30 23:53:24,972 - INFO - HTTP Request: POST https://api.telegram.org/bot8355167350:AAFHXoKgOR7Ja0NOncn2_9PY0hp3Kn4tNBo/getUpdates "HTTP/1.1 200 OK"
2025-08-30 23:53:35,184 - INFO - HTTP Request: POST https://api.telegram.org/bot8355167350:AAFHXoKgOR7Ja0NOncn2_9PY0hp3Kn4tNBo/getUpdates "HTTP/1.1 200 OK"
2025-08-30 23:53:45,254 - INFO - HTTP Request: POST https://api.telegram.org/bot8355167350:AAFHXoKgOR7Ja0NOncn2_9PY0hp3Kn4tNBo/getUpdates "HTTP/1.1 200 OK"
2025-08-30 23:53:45,631 - INFO - Running job "monitor (trigger: interval[0:01:00], next run at: 2025-08-30 20:54:45 UTC)" (scheduled at 2025-08-30 20:53:45.629596+00:00)
2025-08-30 23:53:47,774 - INFO - show_item cards parsed: 66
2025-08-30 23:53:47,774 - INFO - show_item cards parsed: 66
2025-08-30 23:53:47,785 - INFO - DB upsert (show_item): inserted=0, updated=66
2025-08-30 23:53:47,785 - INFO - DB upsert (show_item): inserted=0, updated=66
2025-08-30 23:53:47,786 - INFO - Job "monitor (trigger: interval[0:01:00], next run at: 2025-08-30 20:54:45 UTC)" executed successfully
2025-08-30 23:53:55,323 - INFO - HTTP Request: POST https://api.telegram.org/bot8355167350:AAFHXoKgOR7Ja0NOncn2_9PY0hp3Kn4tNBo/getUpdates "HTTP/1.1 200 OK"
2025-08-30 23:54:05,392 - INFO - HTTP Request: POST https://api.telegram.org/bot8355167350:AAFHXoKgOR7Ja0NOncn2_9PY0hp3Kn4tNBo/getUpdates "HTTP/1.1 200 OK"
2025-08-30 23:54:15,464 - INFO - HTTP Request: POST https://api.telegram.org/bot8355167350:AAFHXoKgOR7Ja0NOncn2_9PY0hp3Kn4tNBo/getUpdates "HTTP/1.1 200 OK"
2025-08-30 23:54:25,534 - INFO - HTTP Request: POST https://api.telegram.org/bot8355167350:AAFHXoKgOR7Ja0NOncn2_9PY0hp3Kn4tNBo/getUpdates "HTTP/1.1 200 OK"
2025-08-30 23:54:35,606 - INFO - HTTP Request: POST https://api.telegram.org/bot8355167350:AAFHXoKgOR7Ja0NOncn2_9PY0hp3Kn4tNBo/getUpdates "HTTP/1.1 200 OK"
2025-08-30 23:54:45,631 - INFO - Running job "monitor (trigger: interval[0:01:00], next run at: 2025-08-30 20:55:45 UTC)" (scheduled at 2025-08-30 20:54:45.629596+00:00)
2025-08-30 23:54:47,692 - INFO - show_item cards parsed: 66
2025-08-30 23:54:47,692 - INFO - show_item cards parsed: 66
2025-08-30 23:54:47,703 - INFO - DB upsert (show_item): inserted=0, updated=66
2025-08-30 23:54:47,703 - INFO - DB upsert (show_item): inserted=0, updated=66
2025-08-30 23:54:47,704 - INFO - Job "monitor (trigger: interval[0:01:00], next run at: 2025-08-30 20:55:45 UTC)" executed successfully
2025-08-30 23:54:47,704 - INFO - HTTP Request: POST https://api.telegram.org/bot8355167350:AAFHXoKgOR7Ja0NOncn2_9PY0hp3Kn4tNBo/getUpdates "HTTP/1.1 200 OK"
2025-08-30 23:54:57,770 - INFO - HTTP Request: POST https://api.telegram.org/bot8355167350:AAFHXoKgOR7Ja0NOncn2_9PY0hp3Kn4tNBo/getUpdates "HTTP/1.1 200 OK"
2025-08-30 23:55:07,841 - INFO - HTTP Request: POST https://api.telegram.org/bot8355167350:AAFHXoKgOR7Ja0NOncn2_9PY0hp3Kn4tNBo/getUpdates "HTTP/1.1 200 OK"
2025-08-30 23:55:17,917 - INFO - HTTP Request: POST https://api.telegram.org/bot8355167350:AAFHXoKgOR7Ja0NOncn2_9PY0hp3Kn4tNBo/getUpdates "HTTP/1.1 200 OK"
2025-08-30 23:55:27,989 - INFO - HTTP Request: POST https://api.telegram.org/bot8355167350:AAFHXoKgOR7Ja0NOncn2_9PY0hp3Kn4tNBo/getUpdates "HTTP/1.1 200 OK"
2025-08-30 23:55:38,059 - INFO - HTTP Request: POST https://api.telegram.org/bot8355167350:AAFHXoKgOR7Ja0NOncn2_9PY0hp3Kn4tNBo/getUpdates "HTTP/1.1 200 OK"
2025-08-30 23:55:45,630 - INFO - Running job "monitor (trigger: interval[0:01:00], next run at: 2025-08-30 20:56:45 UTC)" (scheduled at 2025-08-30 20:55:45.629596+00:00)
2025-08-30 23:55:47,821 - INFO - show_item cards parsed: 66
2025-08-30 23:55:47,821 - INFO - show_item cards parsed: 66
2025-08-30 23:55:47,831 - INFO - DB upsert (show_item): inserted=0, updated=66
2025-08-30 23:55:47,831 - INFO - DB upsert (show_item): inserted=0, updated=66
2025-08-30 23:55:47,832 - INFO - Job "monitor (trigger: interval[0:01:00], next run at: 2025-08-30 20:56:45 UTC)" executed successfully
2025-08-30 23:55:48,128 - INFO - HTTP Request: POST https://api.telegram.org/bot8355167350:AAFHXoKgOR7Ja0NOncn2_9PY0hp3Kn4tNBo/getUpdates "HTTP/1.1 200 OK"
2025-08-30 23:55:58,194 - INFO - HTTP Request: POST https://api.telegram.org/bot8355167350:AAFHXoKgOR7Ja0NOncn2_9PY0hp3Kn4tNBo/getUpdates "HTTP/1.1 200 OK"
2025-08-30 23:56:08,261 - INFO - HTTP Request: POST https://api.telegram.org/bot8355167350:AAFHXoKgOR7Ja0NOncn2_9PY0hp3Kn4tNBo/getUpdates "HTTP/1.1 200 OK"
2025-08-30 23:56:18,328 - INFO - HTTP Request: POST https://api.telegram.org/bot8355167350:AAFHXoKgOR7Ja0NOncn2_9PY0hp3Kn4tNBo/getUpdates "HTTP/1.1 200 OK"
2025-08-30 23:56:28,395 - INFO - HTTP Request: POST https://api.telegram.org/bot8355167350:AAFHXoKgOR7Ja0NOncn2_9PY0hp3Kn4tNBo/getUpdates "HTTP/1.1 200 OK"
2025-08-30 23:56:38,463 - INFO - HTTP Request: POST https://api.telegram.org/bot8355167350:AAFHXoKgOR7Ja0NOncn2_9PY0hp3Kn4tNBo/getUpdates "HTTP/1.1 200 OK"
2025-08-30 23:56:45,632 - INFO - Running job "monitor (trigger: interval[0:01:00], next run at: 2025-08-30 20:57:45 UTC)" (scheduled at 2025-08-30 20:56:45.629596+00:00)
2025-08-30 23:56:47,801 - INFO - show_item cards parsed: 66
2025-08-30 23:56:47,801 - INFO - show_item cards parsed: 66
2025-08-30 23:56:47,811 - INFO - DB upsert (show_item): inserted=0, updated=66
2025-08-30 23:56:47,811 - INFO - DB upsert (show_item): inserted=0, updated=66
2025-08-30 23:56:47,812 - INFO - Job "monitor (trigger: interval[0:01:00], next run at: 2025-08-30 20:57:45 UTC)" executed successfully
2025-08-30 23:56:48,531 - INFO - HTTP Request: POST https://api.telegram.org/bot8355167350:AAFHXoKgOR7Ja0NOncn2_9PY0hp3Kn4tNBo/getUpdates "HTTP/1.1 200 OK"
2025-08-30 23:56:58,599 - INFO - HTTP Request: POST https://api.telegram.org/bot8355167350:AAFHXoKgOR7Ja0NOncn2_9PY0hp3Kn4tNBo/getUpdates "HTTP/1.1 200 OK"
2025-08-30 23:57:08,672 - INFO - HTTP Request: POST https://api.telegram.org/bot8355167350:AAFHXoKgOR7Ja0NOncn2_9PY0hp3Kn4tNBo/getUpdates "HTTP/1.1 200 OK"
2025-08-30 23:57:18,737 - INFO - HTTP Request: POST https://api.telegram.org/bot8355167350:AAFHXoKgOR7Ja0NOncn2_9PY0hp3Kn4tNBo/getUpdates "HTTP/1.1 200 OK"
2025-08-30 23:57:28,804 - INFO - HTTP Request: POST https://api.telegram.org/bot8355167350:AAFHXoKgOR7Ja0NOncn2_9PY0hp3Kn4tNBo/getUpdates "HTTP/1.1 200 OK"
2025-08-30 23:57:38,873 - INFO - HTTP Request: POST https://api.telegram.org/bot8355167350:AAFHXoKgOR7Ja0NOncn2_9PY0hp3Kn4tNBo/getUpdates "HTTP/1.1 200 OK"
2025-08-30 23:57:45,633 - INFO - Running job "monitor (trigger: interval[0:01:00], next run at: 2025-08-30 20:58:45 UTC)" (scheduled at 2025-08-30 20:57:45.629596+00:00)
2025-08-30 23:57:47,734 - INFO - show_item cards parsed: 66
2025-08-30 23:57:47,734 - INFO - show_item cards parsed: 66
2025-08-30 23:57:47,745 - INFO - DB upsert (show_item): inserted=0, updated=66
2025-08-30 23:57:47,745 - INFO - DB upsert (show_item): inserted=0, updated=66
2025-08-30 23:57:47,746 - INFO - Job "monitor (trigger: interval[0:01:00], next run at: 2025-08-30 20:58:45 UTC)" executed successfully
2025-08-30 23:57:48,948 - INFO - HTTP Request: POST https://api.telegram.org/bot8355167350:AAFHXoKgOR7Ja0NOncn2_9PY0hp3Kn4tNBo/getUpdates "HTTP/1.1 200 OK"
2025-08-30 23:57:59,022 - INFO - HTTP Request: POST https://api.telegram.org/bot8355167350:AAFHXoKgOR7Ja0NOncn2_9PY0hp3Kn4tNBo/getUpdates "HTTP/1.1 200 OK"
2025-08-30 23:58:09,089 - INFO - HTTP Request: POST https://api.telegram.org/bot8355167350:AAFHXoKgOR7Ja0NOncn2_9PY0hp3Kn4tNBo/getUpdates "HTTP/1.1 200 OK"
2025-08-30 23:58:19,157 - INFO - HTTP Request: POST https://api.telegram.org/bot8355167350:AAFHXoKgOR7Ja0NOncn2_9PY0hp3Kn4tNBo/getUpdates "HTTP/1.1 200 OK"
2025-08-30 23:58:29,227 - INFO - HTTP Request: POST https://api.telegram.org/bot8355167350:AAFHXoKgOR7Ja0NOncn2_9PY0hp3Kn4tNBo/getUpdates "HTTP/1.1 200 OK"
2025-08-30 23:58:39,295 - INFO - HTTP Request: POST https://api.telegram.org/bot8355167350:AAFHXoKgOR7Ja0NOncn2_9PY0hp3Kn4tNBo/getUpdates "HTTP/1.1 200 OK"
2025-08-30 23:58:45,632 - INFO - Running job "monitor (trigger: interval[0:01:00], next run at: 2025-08-30 20:59:45 UTC)" (scheduled at 2025-08-30 20:58:45.629596+00:00)
2025-08-30 23:58:47,754 - INFO - show_item cards parsed: 66
2025-08-30 23:58:47,754 - INFO - show_item cards parsed: 66
2025-08-30 23:58:47,764 - INFO - DB upsert (show_item): inserted=0, updated=66
2025-08-30 23:58:47,764 - INFO - DB upsert (show_item): inserted=0, updated=66
2025-08-30 23:58:47,765 - INFO - Job "monitor (trigger: interval[0:01:00], next run at: 2025-08-30 20:59:45 UTC)" executed successfully
2025-08-30 23:58:49,369 - INFO - HTTP Request: POST https://api.telegram.org/bot8355167350:AAFHXoKgOR7Ja0NOncn2_9PY0hp3Kn4tNBo/getUpdates "HTTP/1.1 200 OK"
2025-08-30 23:58:59,441 - INFO - HTTP Request: POST https://api.telegram.org/bot8355167350:AAFHXoKgOR7Ja0NOncn2_9PY0hp3Kn4tNBo/getUpdates "HTTP/1.1 200 OK"
2025-08-30 23:59:09,517 - INFO - HTTP Request: POST https://api.telegram.org/bot8355167350:AAFHXoKgOR7Ja0NOncn2_9PY0hp3Kn4tNBo/getUpdates "HTTP/1.1 200 OK"
2025-08-30 23:59:19,590 - INFO - HTTP Request: POST https://api.telegram.org/bot8355167350:AAFHXoKgOR7Ja0NOncn2_9PY0hp3Kn4tNBo/getUpdates "HTTP/1.1 200 OK"
2025-08-30 23:59:29,667 - INFO - HTTP Request: POST https://api.telegram.org/bot8355167350:AAFHXoKgOR7Ja0NOncn2_9PY0hp3Kn4tNBo/getUpdates "HTTP/1.1 200 OK"
2025-08-30 23:59:39,735 - INFO - HTTP Request: POST https://api.telegram.org/bot8355167350:AAFHXoKgOR7Ja0NOncn2_9PY0hp3Kn4tNBo/getUpdates "HTTP/1.1 200 OK"
2025-08-30 23:59:45,631 - INFO - Running job "monitor (trigger: interval[0:01:00], next run at: 2025-08-30 21:00:45 UTC)" (scheduled at 2025-08-30 20:59:45.629596+00:00)
2025-08-30 23:59:47,746 - INFO - show_item cards parsed: 66
2025-08-30 23:59:47,746 - INFO - show_item cards parsed: 66
2025-08-30 23:59:47,756 - INFO - DB upsert (show_item): inserted=0, updated=66
2025-08-30 23:59:47,756 - INFO - DB upsert (show_item): inserted=0, updated=66
2025-08-30 23:59:47,757 - INFO - Job "monitor (trigger: interval[0:01:00], next run at: 2025-08-30 21:00:45 UTC)" executed successfully
2025-08-30 23:59:49,807 - INFO - HTTP Request: POST https://api.telegram.org/bot8355167350:AAFHXoKgOR7Ja0NOncn2_9PY0hp3Kn4tNBo/getUpdates "HTTP/1.1 200 OK"
2025-08-30 23:59:59,877 - INFO - HTTP Request: POST https://api.telegram.org/bot8355167350:AAFHXoKgOR7Ja0NOncn2_9PY0hp3Kn4tNBo/getUpdates "HTTP/1.1 200 OK"
2025-08-31 00:00:09,956 - INFO - HTTP Request: POST https://api.telegram.org/bot8355167350:AAFHXoKgOR7Ja0NOncn2_9PY0hp3Kn4tNBo/getUpdates "HTTP/1.1 200 OK"
2025-08-31 00:00:20,025 - INFO - HTTP Request: POST https://api.telegram.org/bot8355167350:AAFHXoKgOR7Ja0NOncn2_9PY0hp3Kn4tNBo/getUpdates "HTTP/1.1 200 OK"
2025-08-31 00:00:30,099 - INFO - HTTP Request: POST https://api.telegram.org/bot8355167350:AAFHXoKgOR7Ja0NOncn2_9PY0hp3Kn4tNBo/getUpdates "HTTP/1.1 200 OK"
2025-08-31 00:00:40,171 - INFO - HTTP Request: POST https://api.telegram.org/bot8355167350:AAFHXoKgOR7Ja0NOncn2_9PY0hp3Kn4tNBo/getUpdates "HTTP/1.1 200 OK"
2025-08-31 00:00:45,631 - INFO - Running job "monitor (trigger: interval[0:01:00], next run at: 2025-08-30 21:01:45 UTC)" (scheduled at 2025-08-30 21:00:45.629596+00:00)
2025-08-31 00:00:47,784 - INFO - show_item cards parsed: 66
2025-08-31 00:00:47,784 - INFO - show_item cards parsed: 66
2025-08-31 00:00:47,794 - INFO - DB upsert (show_item): inserted=0, updated=66
2025-08-31 00:00:47,794 - INFO - DB upsert (show_item): inserted=0, updated=66
2025-08-31 00:00:47,795 - INFO - Job "monitor (trigger: interval[0:01:00], next run at: 2025-08-30 21:01:45 UTC)" executed successfully
2025-08-31 00:00:50,245 - INFO - HTTP Request: POST https://api.telegram.org/bot8355167350:AAFHXoKgOR7Ja0NOncn2_9PY0hp3Kn4tNBo/getUpdates "HTTP/1.1 200 OK"
2025-08-31 00:01:00,312 - INFO - HTTP Request: POST https://api.telegram.org/bot8355167350:AAFHXoKgOR7Ja0NOncn2_9PY0hp3Kn4tNBo/getUpdates "HTTP/1.1 200 OK"
2025-08-31 00:01:10,378 - INFO - HTTP Request: POST https://api.telegram.org/bot8355167350:AAFHXoKgOR7Ja0NOncn2_9PY0hp3Kn4tNBo/getUpdates "HTTP/1.1 200 OK"
2025-08-31 00:01:20,444 - INFO - HTTP Request: POST https://api.telegram.org/bot8355167350:AAFHXoKgOR7Ja0NOncn2_9PY0hp3Kn4tNBo/getUpdates "HTTP/1.1 200 OK"
2025-08-31 00:01:30,511 - INFO - HTTP Request: POST https://api.telegram.org/bot8355167350:AAFHXoKgOR7Ja0NOncn2_9PY0hp3Kn4tNBo/getUpdates "HTTP/1.1 200 OK"
2025-08-31 00:01:40,577 - INFO - HTTP Request: POST https://api.telegram.org/bot8355167350:AAFHXoKgOR7Ja0NOncn2_9PY0hp3Kn4tNBo/getUpdates "HTTP/1.1 200 OK"
2025-08-31 00:01:45,630 - INFO - Running job "monitor (trigger: interval[0:01:00], next run at: 2025-08-30 21:02:45 UTC)" (scheduled at 2025-08-30 21:01:45.629596+00:00)
2025-08-31 00:01:48,114 - INFO - show_item cards parsed: 66
2025-08-31 00:01:48,114 - INFO - show_item cards parsed: 66
2025-08-31 00:01:48,125 - INFO - DB upsert (show_item): inserted=0, updated=66
2025-08-31 00:01:48,125 - INFO - DB upsert (show_item): inserted=0, updated=66
2025-08-31 00:01:48,126 - INFO - Job "monitor (trigger: interval[0:01:00], next run at: 2025-08-30 21:02:45 UTC)" executed successfully
2025-08-31 00:01:50,644 - INFO - HTTP Request: POST https://api.telegram.org/bot8355167350:AAFHXoKgOR7Ja0NOncn2_9PY0hp3Kn4tNBo/getUpdates "HTTP/1.1 200 OK"
2025-08-31 00:02:00,709 - INFO - HTTP Request: POST https://api.telegram.org/bot8355167350:AAFHXoKgOR7Ja0NOncn2_9PY0hp3Kn4tNBo/getUpdates "HTTP/1.1 200 OK"
2025-08-31 00:02:10,777 - INFO - HTTP Request: POST https://api.telegram.org/bot8355167350:AAFHXoKgOR7Ja0NOncn2_9PY0hp3Kn4tNBo/getUpdates "HTTP/1.1 200 OK"
2025-08-31 00:02:20,841 - INFO - HTTP Request: POST https://api.telegram.org/bot8355167350:AAFHXoKgOR7Ja0NOncn2_9PY0hp3Kn4tNBo/getUpdates "HTTP/1.1 200 OK"
2025-08-31 00:02:30,915 - INFO - HTTP Request: POST https://api.telegram.org/bot8355167350:AAFHXoKgOR7Ja0NOncn2_9PY0hp3Kn4tNBo/getUpdates "HTTP/1.1 200 OK"
2025-08-31 00:02:40,983 - INFO - HTTP Request: POST https://api.telegram.org/bot8355167350:AAFHXoKgOR7Ja0NOncn2_9PY0hp3Kn4tNBo/getUpdates "HTTP/1.1 200 OK"
2025-08-31 00:02:45,631 - INFO - Running job "monitor (trigger: interval[0:01:00], next run at: 2025-08-30 21:03:45 UTC)" (scheduled at 2025-08-30 21:02:45.629596+00:00)
2025-08-31 00:02:47,829 - INFO - show_item cards parsed: 66
2025-08-31 00:02:47,829 - INFO - show_item cards parsed: 66
2025-08-31 00:02:47,840 - INFO - DB upsert (show_item): inserted=0, updated=66
2025-08-31 00:02:47,840 - INFO - DB upsert (show_item): inserted=0, updated=66
2025-08-31 00:02:47,841 - INFO - Job "monitor (trigger: interval[0:01:00], next run at: 2025-08-30 21:03:45 UTC)" executed successfully
2025-08-31 00:02:51,049 - INFO - HTTP Request: POST https://api.telegram.org/bot8355167350:AAFHXoKgOR7Ja0NOncn2_9PY0hp3Kn4tNBo/getUpdates "HTTP/1.1 200 OK"
2025-08-31 00:03:01,114 - INFO - HTTP Request: POST https://api.telegram.org/bot8355167350:AAFHXoKgOR7Ja0NOncn2_9PY0hp3Kn4tNBo/getUpdates "HTTP/1.1 200 OK"
2025-08-31 00:03:11,188 - INFO - HTTP Request: POST https://api.telegram.org/bot8355167350:AAFHXoKgOR7Ja0NOncn2_9PY0hp3Kn4tNBo/getUpdates "HTTP/1.1 200 OK"
2025-08-31 00:03:21,262 - INFO - HTTP Request: POST https://api.telegram.org/bot8355167350:AAFHXoKgOR7Ja0NOncn2_9PY0hp3Kn4tNBo/getUpdates "HTTP/1.1 200 OK"
2025-08-31 00:03:31,328 - INFO - HTTP Request: POST https://api.telegram.org/bot8355167350:AAFHXoKgOR7Ja0NOncn2_9PY0hp3Kn4tNBo/getUpdates "HTTP/1.1 200 OK"
2025-08-31 00:03:41,405 - INFO - HTTP Request: POST https://api.telegram.org/bot8355167350:AAFHXoKgOR7Ja0NOncn2_9PY0hp3Kn4tNBo/getUpdates "HTTP/1.1 200 OK"
2025-08-31 00:03:45,631 - INFO - Running job "monitor (trigger: interval[0:01:00], next run at: 2025-08-30 21:04:45 UTC)" (scheduled at 2025-08-30 21:03:45.629596+00:00)
2025-08-31 00:03:47,892 - INFO - show_item cards parsed: 66
2025-08-31 00:03:47,892 - INFO - show_item cards parsed: 66
2025-08-31 00:03:47,903 - INFO - DB upsert (show_item): inserted=0, updated=66
2025-08-31 00:03:47,903 - INFO - DB upsert (show_item): inserted=0, updated=66
2025-08-31 00:03:47,903 - INFO - Job "monitor (trigger: interval[0:01:00], next run at: 2025-08-30 21:04:45 UTC)" executed successfully
2025-08-31 00:03:51,479 - INFO - HTTP Request: POST https://api.telegram.org/bot8355167350:AAFHXoKgOR7Ja0NOncn2_9PY0hp3Kn4tNBo/getUpdates "HTTP/1.1 200 OK"
2025-08-31 00:04:01,555 - INFO - HTTP Request: POST https://api.telegram.org/bot8355167350:AAFHXoKgOR7Ja0NOncn2_9PY0hp3Kn4tNBo/getUpdates "HTTP/1.1 200 OK"
2025-08-31 00:04:11,627 - INFO - HTTP Request: POST https://api.telegram.org/bot8355167350:AAFHXoKgOR7Ja0NOncn2_9PY0hp3Kn4tNBo/getUpdates "HTTP/1.1 200 OK"
2025-08-31 00:04:21,707 - INFO - HTTP Request: POST https://api.telegram.org/bot8355167350:AAFHXoKgOR7Ja0NOncn2_9PY0hp3Kn4tNBo/getUpdates "HTTP/1.1 200 OK"
2025-08-31 00:04:31,777 - INFO - HTTP Request: POST https://api.telegram.org/bot8355167350:AAFHXoKgOR7Ja0NOncn2_9PY0hp3Kn4tNBo/getUpdates "HTTP/1.1 200 OK"
2025-08-31 00:04:41,846 - INFO - HTTP Request: POST https://api.telegram.org/bot8355167350:AAFHXoKgOR7Ja0NOncn2_9PY0hp3Kn4tNBo/getUpdates "HTTP/1.1 200 OK"
2025-08-31 00:04:45,633 - INFO - Running job "monitor (trigger: interval[0:01:00], next run at: 2025-08-30 21:05:45 UTC)" (scheduled at 2025-08-30 21:04:45.629596+00:00)
2025-08-31 00:04:47,729 - INFO - show_item cards parsed: 66
2025-08-31 00:04:47,729 - INFO - show_item cards parsed: 66
2025-08-31 00:04:47,740 - INFO - DB upsert (show_item): inserted=0, updated=66
2025-08-31 00:04:47,740 - INFO - DB upsert (show_item): inserted=0, updated=66
2025-08-31 00:04:47,741 - INFO - Job "monitor (trigger: interval[0:01:00], next run at: 2025-08-30 21:05:45 UTC)" executed successfully
2025-08-31 00:04:51,919 - INFO - HTTP Request: POST https://api.telegram.org/bot8355167350:AAFHXoKgOR7Ja0NOncn2_9PY0hp3Kn4tNBo/getUpdates "HTTP/1.1 200 OK"
2025-08-31 00:05:01,986 - INFO - HTTP Request: POST https://api.telegram.org/bot8355167350:AAFHXoKgOR7Ja0NOncn2_9PY0hp3Kn4tNBo/getUpdates "HTTP/1.1 200 OK"
2025-08-31 00:05:12,055 - INFO - HTTP Request: POST https://api.telegram.org/bot8355167350:AAFHXoKgOR7Ja0NOncn2_9PY0hp3Kn4tNBo/getUpdates "HTTP/1.1 200 OK"
2025-08-31 00:05:16,034 - INFO - HTTP Request: POST https://api.telegram.org/bot8355167350:AAFHXoKgOR7Ja0NOncn2_9PY0hp3Kn4tNBo/getUpdates "HTTP/1.1 200 OK"
2025-08-31 00:05:16,035 - INFO - Application is stopping. This might take a moment.
2025-08-31 00:05:16,035 - INFO - Scheduler has been shut down
2025-08-31 00:05:16,046 - INFO - Application.stop() complete
Traceback (most recent call last):
  File "/Users/yossimantsour/Desktop/tusbot/tustus_2.5.10a/app.py", line 33, in <module>
    from handlers import handle_start, handle_callback  # type: ignore
    ^^^^^^^^^^^^^^^^^^^^^^^^^^^^^^^^^^^^^^^^^^^^^^^^^^
ImportError: cannot import name 'handle_start' from 'handlers' (/Users/yossimantsour/Desktop/tusbot/tustus_2.5.10a/handlers.py)
Traceback (most recent call last):
  File "/Users/yossimantsour/Desktop/tusbot/tustus_2.5.10a/app.py", line 33, in <module>
    from handlers import handle_start, handle_callback  # type: ignore
    ^^^^^^^^^^^^^^^^^^^^^^^^^^^^^^^^^^^^^^^^^^^^^^^^^^
ImportError: cannot import name 'handle_start' from 'handlers' (/Users/yossimantsour/Desktop/tusbot/tustus_2.5.10a/handlers.py)
